This file contains any messages produced by compilers while
running configure, to aid debugging if configure makes a mistake.

It was created by PostgreSQL configure 14.2, which was
generated by GNU Autoconf 2.69.  Invocation command line was

  $ ./configure --prefix=/usr/local/pgsql142 PKG_CONFIG_PATH=:/opt/intel/sgxsdk/pkgconfig:/opt/intel/sgxsdk/pkgconfig --no-create --no-recursion

## --------- ##
## Platform. ##
## --------- ##

hostname = MacBook-Pro.local
uname -m = arm64
uname -r = 22.5.0
uname -s = Darwin
uname -v = Darwin Kernel Version 22.5.0: Thu Jun  8 22:22:23 PDT 2023; root:xnu-8796.121.3~7/RELEASE_ARM64_T6020

/usr/bin/uname -p = arm
/bin/uname -X     = unknown

/bin/arch              = unknown
/usr/bin/arch -k       = unknown
/usr/convex/getsysinfo = unknown
/usr/bin/hostinfo      = Mach kernel version:
	 Darwin Kernel Version 22.5.0: Thu Jun  8 22:22:23 PDT 2023; root:xnu-8796.121.3~7/RELEASE_ARM64_T6020
Kernel configured for up to 10 processors.
10 processors are physically available.
10 processors are logically available.
Processor type: arm64e (ARM64E)
Processors active: 0 1 2 3 4 5 6 7 8 9
Primary memory available: 16.00 gigabytes
Default processor set: 452 tasks, 3686 threads, 10 processors
Load average: 4.32, Mach factor: 5.68
/bin/machine           = unknown
/usr/bin/oslevel       = unknown
/bin/universe          = unknown

PATH: /Users/quxiaoyang/miniconda3/bin
PATH: /Users/quxiaoyang/miniconda3/condabin
PATH: /Library/Frameworks/Python.framework/Versions/2.7/bin
PATH: /Library/Frameworks/Python.framework/Versions/3.7/bin
PATH: /Library/Frameworks/Python.framework/Versions/3.8/bin
PATH: /usr/local/bin
PATH: /System/Cryptexes/App/usr/bin
PATH: /usr/bin
PATH: /bin
PATH: /usr/sbin
PATH: /sbin
PATH: /Applications/VMware Fusion.app/Contents/Public
PATH: /Library/TeX/texbin
PATH: /usr/local/share/dotnet
PATH: ~/.dotnet/tools
PATH: /Library/Apple/usr/bin
PATH: /var/run/com.apple.security.cryptexd/codex.system/bootstrap/usr/local/bin
PATH: /var/run/com.apple.security.cryptexd/codex.system/bootstrap/usr/bin
PATH: /var/run/com.apple.security.cryptexd/codex.system/bootstrap/usr/appleinternal/bin


## ----------- ##
## Core tests. ##
## ----------- ##

configure:2876: checking build system type
configure:2890: result: aarch64-apple-darwin22.5.0
configure:2910: checking host system type
configure:2923: result: aarch64-apple-darwin22.5.0
configure:2945: checking which template to use
configure:3013: result: darwin
configure:3138: checking whether NLS is wanted
configure:3170: result: no
configure:3178: checking for default port number
configure:3203: result: 5432
configure:3680: checking for block size
configure:3714: result: 8kB
configure:3726: checking for segment size
configure:3755: result: 1GB
configure:3767: checking for WAL block size
configure:3802: result: 8kB
configure:3899: checking for gcc
configure:3915: found /usr/bin/gcc
configure:3926: result: gcc
configure:3957: checking for C compiler version
configure:3966: gcc --version >&5
Apple clang version 14.0.3 (clang-1403.0.22.14.1)
Target: arm64-apple-darwin22.5.0
Thread model: posix
InstalledDir: /Applications/Xcode.app/Contents/Developer/Toolchains/XcodeDefault.xctoolchain/usr/bin
configure:3977: $? = 0
configure:3966: gcc -v >&5
Apple clang version 14.0.3 (clang-1403.0.22.14.1)
Target: arm64-apple-darwin22.5.0
Thread model: posix
InstalledDir: /Applications/Xcode.app/Contents/Developer/Toolchains/XcodeDefault.xctoolchain/usr/bin
configure:3977: $? = 0
configure:3966: gcc -V >&5
clang: error: argument to '-V' is missing (expected 1 value)
clang: error: no input files
configure:3977: $? = 1
configure:3966: gcc -qversion >&5
clang: error: unknown argument '-qversion'; did you mean '--version'?
clang: error: no input files
configure:3977: $? = 1
configure:3997: checking whether the C compiler works
configure:4019: gcc    conftest.c  >&5
configure:4023: $? = 0
configure:4071: result: yes
configure:4074: checking for C compiler default output file name
configure:4076: result: a.out
configure:4082: checking for suffix of executables
configure:4089: gcc -o conftest    conftest.c  >&5
configure:4093: $? = 0
configure:4115: result: 
configure:4137: checking whether we are cross compiling
configure:4145: gcc -o conftest    conftest.c  >&5
configure:4149: $? = 0
configure:4156: ./conftest
configure:4160: $? = 0
configure:4175: result: no
configure:4180: checking for suffix of object files
configure:4202: gcc -c   conftest.c >&5
configure:4206: $? = 0
configure:4227: result: o
configure:4231: checking whether we are using the GNU C compiler
configure:4250: gcc -c   conftest.c >&5
configure:4250: $? = 0
configure:4259: result: yes
configure:4268: checking whether gcc accepts -g
configure:4288: gcc -c -g  conftest.c >&5
configure:4288: $? = 0
configure:4329: result: yes
configure:4346: checking for gcc option to accept ISO C89
configure:4409: gcc  -c -g -O2  conftest.c >&5
conftest.c:25:14: warning: a function declaration without a prototype is deprecated in all versions of C and is not supported in C2x [-Wdeprecated-non-prototype]
static char *e (p, i)
             ^
1 warning generated.
configure:4409: $? = 0
configure:4422: result: none needed
configure:4442: checking for gcc option to accept ISO C99
configure:4591: gcc  -c -g -O2  conftest.c >&5
configure:4591: $? = 0
configure:4604: result: none needed
configure:4684: checking for g++
configure:4700: found /usr/bin/g++
configure:4711: result: g++
configure:4738: checking for C++ compiler version
configure:4747: g++ --version >&5
Apple clang version 14.0.3 (clang-1403.0.22.14.1)
Target: arm64-apple-darwin22.5.0
Thread model: posix
InstalledDir: /Applications/Xcode.app/Contents/Developer/Toolchains/XcodeDefault.xctoolchain/usr/bin
configure:4758: $? = 0
configure:4747: g++ -v >&5
Apple clang version 14.0.3 (clang-1403.0.22.14.1)
Target: arm64-apple-darwin22.5.0
Thread model: posix
InstalledDir: /Applications/Xcode.app/Contents/Developer/Toolchains/XcodeDefault.xctoolchain/usr/bin
configure:4758: $? = 0
configure:4747: g++ -V >&5
clang: error: argument to '-V' is missing (expected 1 value)
clang: error: no input files
configure:4758: $? = 1
configure:4747: g++ -qversion >&5
clang: error: unknown argument '-qversion'; did you mean '--version'?
clang: error: no input files
configure:4758: $? = 1
configure:4762: checking whether we are using the GNU C++ compiler
configure:4781: g++ -c   conftest.cpp >&5
configure:4781: $? = 0
configure:4790: result: yes
configure:4799: checking whether g++ accepts -g
configure:4819: g++ -c -g  conftest.cpp >&5
configure:4819: $? = 0
configure:4860: result: yes
configure:4901: gcc -c -g -O2  conftest.c >&5
conftest.c:24:1: error: use of undeclared identifier 'choke'
choke me
^
1 error generated.
configure:4901: $? = 1
configure: failed program was:
| /* confdefs.h */
| #define PACKAGE_NAME "PostgreSQL"
| #define PACKAGE_TARNAME "postgresql"
| #define PACKAGE_VERSION "14.2"
| #define PACKAGE_STRING "PostgreSQL 14.2"
| #define PACKAGE_BUGREPORT "pgsql-bugs@lists.postgresql.org"
| #define PACKAGE_URL "https://www.postgresql.org/"
| #define CONFIGURE_ARGS " '--prefix=/usr/local/pgsql142' 'PKG_CONFIG_PATH=:/opt/intel/sgxsdk/pkgconfig:/opt/intel/sgxsdk/pkgconfig'"
| #define PG_MAJORVERSION "14"
| #define PG_MAJORVERSION_NUM 14
| #define PG_MINORVERSION_NUM 2
| #define PG_VERSION "14.2"
| #define DEF_PGPORT 5432
| #define DEF_PGPORT_STR "5432"
| #define BLCKSZ 8192
| #define RELSEG_SIZE 131072
| #define XLOG_BLCKSZ 8192
| /* end confdefs.h.  */
| 
| int
| main ()
| {
| #ifndef __INTEL_COMPILER
| choke me
| #endif
|   ;
|   return 0;
| }
configure:4923: gcc -c -g -O2  conftest.c >&5
conftest.c:24:1: error: use of undeclared identifier 'choke'
choke me
^
1 error generated.
configure:4923: $? = 1
configure: failed program was:
| /* confdefs.h */
| #define PACKAGE_NAME "PostgreSQL"
| #define PACKAGE_TARNAME "postgresql"
| #define PACKAGE_VERSION "14.2"
| #define PACKAGE_STRING "PostgreSQL 14.2"
| #define PACKAGE_BUGREPORT "pgsql-bugs@lists.postgresql.org"
| #define PACKAGE_URL "https://www.postgresql.org/"
| #define CONFIGURE_ARGS " '--prefix=/usr/local/pgsql142' 'PKG_CONFIG_PATH=:/opt/intel/sgxsdk/pkgconfig:/opt/intel/sgxsdk/pkgconfig'"
| #define PG_MAJORVERSION "14"
| #define PG_MAJORVERSION_NUM 14
| #define PG_MINORVERSION_NUM 2
| #define PG_VERSION "14.2"
| #define DEF_PGPORT 5432
| #define DEF_PGPORT_STR "5432"
| #define BLCKSZ 8192
| #define RELSEG_SIZE 131072
| #define XLOG_BLCKSZ 8192
| /* end confdefs.h.  */
| 
| int
| main ()
| {
| #ifndef __SUNPRO_C
| choke me
| #endif
|   ;
|   return 0;
| }
configure:4968: checking for gawk
configure:4998: result: no
configure:4968: checking for mawk
configure:4998: result: no
configure:4968: checking for nawk
configure:4998: result: no
configure:4968: checking for awk
configure:4984: found /usr/bin/awk
configure:4995: result: awk
configure:5299: checking whether gcc supports -Wdeclaration-after-statement, for CFLAGS
configure:5321: gcc -c -Wall -Wmissing-prototypes -Wpointer-arith -Wdeclaration-after-statement -isysroot /Applications/Xcode.app/Contents/Developer/Platforms/MacOSX.platform/Developer/SDKs/MacOSX13.3.sdk  conftest.c >&5
configure:5321: $? = 0
configure:5331: result: yes
configure:5347: checking whether gcc supports -Werror=vla, for CFLAGS
configure:5369: gcc -c -Wall -Wmissing-prototypes -Wpointer-arith -Wdeclaration-after-statement -Werror=vla -isysroot /Applications/Xcode.app/Contents/Developer/Platforms/MacOSX.platform/Developer/SDKs/MacOSX13.3.sdk  conftest.c >&5
configure:5369: $? = 0
configure:5379: result: yes
configure:5388: checking whether gcc supports -Werror=unguarded-availability-new, for CFLAGS
configure:5410: gcc -c -Wall -Wmissing-prototypes -Wpointer-arith -Wdeclaration-after-statement -Werror=vla -Werror=unguarded-availability-new -isysroot /Applications/Xcode.app/Contents/Developer/Platforms/MacOSX.platform/Developer/SDKs/MacOSX13.3.sdk  conftest.c >&5
configure:5410: $? = 0
configure:5420: result: yes
configure:5427: checking whether g++ supports -Werror=unguarded-availability-new, for CXXFLAGS
configure:5455: g++ -c -Wall -Wpointer-arith -Werror=unguarded-availability-new -isysroot /Applications/Xcode.app/Contents/Developer/Platforms/MacOSX.platform/Developer/SDKs/MacOSX13.3.sdk  conftest.cpp >&5
configure:5455: $? = 0
configure:5471: result: yes
configure:5480: checking whether gcc supports -Wendif-labels, for CFLAGS
configure:5502: gcc -c -Wall -Wmissing-prototypes -Wpointer-arith -Wdeclaration-after-statement -Werror=vla -Werror=unguarded-availability-new -Wendif-labels -isysroot /Applications/Xcode.app/Contents/Developer/Platforms/MacOSX.platform/Developer/SDKs/MacOSX13.3.sdk  conftest.c >&5
configure:5502: $? = 0
configure:5512: result: yes
configure:5519: checking whether g++ supports -Wendif-labels, for CXXFLAGS
configure:5547: g++ -c -Wall -Wpointer-arith -Werror=unguarded-availability-new -Wendif-labels -isysroot /Applications/Xcode.app/Contents/Developer/Platforms/MacOSX.platform/Developer/SDKs/MacOSX13.3.sdk  conftest.cpp >&5
configure:5547: $? = 0
configure:5563: result: yes
configure:5571: checking whether gcc supports -Wmissing-format-attribute, for CFLAGS
configure:5593: gcc -c -Wall -Wmissing-prototypes -Wpointer-arith -Wdeclaration-after-statement -Werror=vla -Werror=unguarded-availability-new -Wendif-labels -Wmissing-format-attribute -isysroot /Applications/Xcode.app/Contents/Developer/Platforms/MacOSX.platform/Developer/SDKs/MacOSX13.3.sdk  conftest.c >&5
configure:5593: $? = 0
configure:5603: result: yes
configure:5610: checking whether g++ supports -Wmissing-format-attribute, for CXXFLAGS
configure:5638: g++ -c -Wall -Wpointer-arith -Werror=unguarded-availability-new -Wendif-labels -Wmissing-format-attribute -isysroot /Applications/Xcode.app/Contents/Developer/Platforms/MacOSX.platform/Developer/SDKs/MacOSX13.3.sdk  conftest.cpp >&5
configure:5638: $? = 0
configure:5654: result: yes
configure:5662: checking whether gcc supports -Wimplicit-fallthrough=3, for CFLAGS
configure:5684: gcc -c -Wall -Wmissing-prototypes -Wpointer-arith -Wdeclaration-after-statement -Werror=vla -Werror=unguarded-availability-new -Wendif-labels -Wmissing-format-attribute -Wimplicit-fallthrough=3 -isysroot /Applications/Xcode.app/Contents/Developer/Platforms/MacOSX.platform/Developer/SDKs/MacOSX13.3.sdk  conftest.c >&5
warning: unknown warning option '-Wimplicit-fallthrough=3'; did you mean '-Wimplicit-fallthrough'? [-Wunknown-warning-option]
1 warning generated.
configure:5684: $? = 0
configure: failed program was:
| /* confdefs.h */
| #define PACKAGE_NAME "PostgreSQL"
| #define PACKAGE_TARNAME "postgresql"
| #define PACKAGE_VERSION "14.2"
| #define PACKAGE_STRING "PostgreSQL 14.2"
| #define PACKAGE_BUGREPORT "pgsql-bugs@lists.postgresql.org"
| #define PACKAGE_URL "https://www.postgresql.org/"
| #define CONFIGURE_ARGS " '--prefix=/usr/local/pgsql142' 'PKG_CONFIG_PATH=:/opt/intel/sgxsdk/pkgconfig:/opt/intel/sgxsdk/pkgconfig'"
| #define PG_MAJORVERSION "14"
| #define PG_MAJORVERSION_NUM 14
| #define PG_MINORVERSION_NUM 2
| #define PG_VERSION "14.2"
| #define DEF_PGPORT 5432
| #define DEF_PGPORT_STR "5432"
| #define BLCKSZ 8192
| #define RELSEG_SIZE 131072
| #define XLOG_BLCKSZ 8192
| /* end confdefs.h.  */
| 
| int
| main ()
| {
| 
|   ;
|   return 0;
| }
configure:5694: result: no
configure:5701: checking whether g++ supports -Wimplicit-fallthrough=3, for CXXFLAGS
configure:5729: g++ -c -Wall -Wpointer-arith -Werror=unguarded-availability-new -Wendif-labels -Wmissing-format-attribute -Wimplicit-fallthrough=3 -isysroot /Applications/Xcode.app/Contents/Developer/Platforms/MacOSX.platform/Developer/SDKs/MacOSX13.3.sdk  conftest.cpp >&5
warning: unknown warning option '-Wimplicit-fallthrough=3'; did you mean '-Wimplicit-fallthrough'? [-Wunknown-warning-option]
1 warning generated.
configure:5729: $? = 0
configure: failed program was:
| /* confdefs.h */
| #define PACKAGE_NAME "PostgreSQL"
| #define PACKAGE_TARNAME "postgresql"
| #define PACKAGE_VERSION "14.2"
| #define PACKAGE_STRING "PostgreSQL 14.2"
| #define PACKAGE_BUGREPORT "pgsql-bugs@lists.postgresql.org"
| #define PACKAGE_URL "https://www.postgresql.org/"
| #define CONFIGURE_ARGS " '--prefix=/usr/local/pgsql142' 'PKG_CONFIG_PATH=:/opt/intel/sgxsdk/pkgconfig:/opt/intel/sgxsdk/pkgconfig'"
| #define PG_MAJORVERSION "14"
| #define PG_MAJORVERSION_NUM 14
| #define PG_MINORVERSION_NUM 2
| #define PG_VERSION "14.2"
| #define DEF_PGPORT 5432
| #define DEF_PGPORT_STR "5432"
| #define BLCKSZ 8192
| #define RELSEG_SIZE 131072
| #define XLOG_BLCKSZ 8192
| /* end confdefs.h.  */
| 
| int
| main ()
| {
| 
|   ;
|   return 0;
| }
configure:5745: result: no
configure:5753: checking whether gcc supports -Wcast-function-type, for CFLAGS
configure:5775: gcc -c -Wall -Wmissing-prototypes -Wpointer-arith -Wdeclaration-after-statement -Werror=vla -Werror=unguarded-availability-new -Wendif-labels -Wmissing-format-attribute -Wcast-function-type -isysroot /Applications/Xcode.app/Contents/Developer/Platforms/MacOSX.platform/Developer/SDKs/MacOSX13.3.sdk  conftest.c >&5
configure:5775: $? = 0
configure:5785: result: yes
configure:5792: checking whether g++ supports -Wcast-function-type, for CXXFLAGS
configure:5820: g++ -c -Wall -Wpointer-arith -Werror=unguarded-availability-new -Wendif-labels -Wmissing-format-attribute -Wcast-function-type -isysroot /Applications/Xcode.app/Contents/Developer/Platforms/MacOSX.platform/Developer/SDKs/MacOSX13.3.sdk  conftest.cpp >&5
configure:5820: $? = 0
configure:5836: result: yes
configure:5845: checking whether gcc supports -Wformat-security, for CFLAGS
configure:5867: gcc -c -Wall -Wmissing-prototypes -Wpointer-arith -Wdeclaration-after-statement -Werror=vla -Werror=unguarded-availability-new -Wendif-labels -Wmissing-format-attribute -Wcast-function-type -Wformat-security -isysroot /Applications/Xcode.app/Contents/Developer/Platforms/MacOSX.platform/Developer/SDKs/MacOSX13.3.sdk  conftest.c >&5
configure:5867: $? = 0
configure:5877: result: yes
configure:5884: checking whether g++ supports -Wformat-security, for CXXFLAGS
configure:5912: g++ -c -Wall -Wpointer-arith -Werror=unguarded-availability-new -Wendif-labels -Wmissing-format-attribute -Wcast-function-type -Wformat-security -isysroot /Applications/Xcode.app/Contents/Developer/Platforms/MacOSX.platform/Developer/SDKs/MacOSX13.3.sdk  conftest.cpp >&5
configure:5912: $? = 0
configure:5928: result: yes
configure:5937: checking whether gcc supports -fno-strict-aliasing, for CFLAGS
configure:5959: gcc -c -Wall -Wmissing-prototypes -Wpointer-arith -Wdeclaration-after-statement -Werror=vla -Werror=unguarded-availability-new -Wendif-labels -Wmissing-format-attribute -Wcast-function-type -Wformat-security -fno-strict-aliasing -isysroot /Applications/Xcode.app/Contents/Developer/Platforms/MacOSX.platform/Developer/SDKs/MacOSX13.3.sdk  conftest.c >&5
configure:5959: $? = 0
configure:5969: result: yes
configure:5976: checking whether g++ supports -fno-strict-aliasing, for CXXFLAGS
configure:6004: g++ -c -Wall -Wpointer-arith -Werror=unguarded-availability-new -Wendif-labels -Wmissing-format-attribute -Wcast-function-type -Wformat-security -fno-strict-aliasing -isysroot /Applications/Xcode.app/Contents/Developer/Platforms/MacOSX.platform/Developer/SDKs/MacOSX13.3.sdk  conftest.cpp >&5
configure:6004: $? = 0
configure:6020: result: yes
configure:6029: checking whether gcc supports -fwrapv, for CFLAGS
configure:6051: gcc -c -Wall -Wmissing-prototypes -Wpointer-arith -Wdeclaration-after-statement -Werror=vla -Werror=unguarded-availability-new -Wendif-labels -Wmissing-format-attribute -Wcast-function-type -Wformat-security -fno-strict-aliasing -fwrapv -isysroot /Applications/Xcode.app/Contents/Developer/Platforms/MacOSX.platform/Developer/SDKs/MacOSX13.3.sdk  conftest.c >&5
configure:6051: $? = 0
configure:6061: result: yes
configure:6068: checking whether g++ supports -fwrapv, for CXXFLAGS
configure:6096: g++ -c -Wall -Wpointer-arith -Werror=unguarded-availability-new -Wendif-labels -Wmissing-format-attribute -Wcast-function-type -Wformat-security -fno-strict-aliasing -fwrapv -isysroot /Applications/Xcode.app/Contents/Developer/Platforms/MacOSX.platform/Developer/SDKs/MacOSX13.3.sdk  conftest.cpp >&5
configure:6096: $? = 0
configure:6112: result: yes
configure:6121: checking whether gcc supports -fexcess-precision=standard, for CFLAGS
configure:6143: gcc -c -Wall -Wmissing-prototypes -Wpointer-arith -Wdeclaration-after-statement -Werror=vla -Werror=unguarded-availability-new -Wendif-labels -Wmissing-format-attribute -Wcast-function-type -Wformat-security -fno-strict-aliasing -fwrapv -fexcess-precision=standard -isysroot /Applications/Xcode.app/Contents/Developer/Platforms/MacOSX.platform/Developer/SDKs/MacOSX13.3.sdk  conftest.c >&5
clang: warning: optimization flag '-fexcess-precision=standard' is not supported [-Wignored-optimization-argument]
configure:6143: $? = 0
configure: failed program was:
| /* confdefs.h */
| #define PACKAGE_NAME "PostgreSQL"
| #define PACKAGE_TARNAME "postgresql"
| #define PACKAGE_VERSION "14.2"
| #define PACKAGE_STRING "PostgreSQL 14.2"
| #define PACKAGE_BUGREPORT "pgsql-bugs@lists.postgresql.org"
| #define PACKAGE_URL "https://www.postgresql.org/"
| #define CONFIGURE_ARGS " '--prefix=/usr/local/pgsql142' 'PKG_CONFIG_PATH=:/opt/intel/sgxsdk/pkgconfig:/opt/intel/sgxsdk/pkgconfig'"
| #define PG_MAJORVERSION "14"
| #define PG_MAJORVERSION_NUM 14
| #define PG_MINORVERSION_NUM 2
| #define PG_VERSION "14.2"
| #define DEF_PGPORT 5432
| #define DEF_PGPORT_STR "5432"
| #define BLCKSZ 8192
| #define RELSEG_SIZE 131072
| #define XLOG_BLCKSZ 8192
| /* end confdefs.h.  */
| 
| int
| main ()
| {
| 
|   ;
|   return 0;
| }
configure:6153: result: no
configure:6160: checking whether g++ supports -fexcess-precision=standard, for CXXFLAGS
configure:6188: g++ -c -Wall -Wpointer-arith -Werror=unguarded-availability-new -Wendif-labels -Wmissing-format-attribute -Wcast-function-type -Wformat-security -fno-strict-aliasing -fwrapv -fexcess-precision=standard -isysroot /Applications/Xcode.app/Contents/Developer/Platforms/MacOSX.platform/Developer/SDKs/MacOSX13.3.sdk  conftest.cpp >&5
clang: warning: optimization flag '-fexcess-precision=standard' is not supported [-Wignored-optimization-argument]
configure:6188: $? = 0
configure: failed program was:
| /* confdefs.h */
| #define PACKAGE_NAME "PostgreSQL"
| #define PACKAGE_TARNAME "postgresql"
| #define PACKAGE_VERSION "14.2"
| #define PACKAGE_STRING "PostgreSQL 14.2"
| #define PACKAGE_BUGREPORT "pgsql-bugs@lists.postgresql.org"
| #define PACKAGE_URL "https://www.postgresql.org/"
| #define CONFIGURE_ARGS " '--prefix=/usr/local/pgsql142' 'PKG_CONFIG_PATH=:/opt/intel/sgxsdk/pkgconfig:/opt/intel/sgxsdk/pkgconfig'"
| #define PG_MAJORVERSION "14"
| #define PG_MAJORVERSION_NUM 14
| #define PG_MINORVERSION_NUM 2
| #define PG_VERSION "14.2"
| #define DEF_PGPORT 5432
| #define DEF_PGPORT_STR "5432"
| #define BLCKSZ 8192
| #define RELSEG_SIZE 131072
| #define XLOG_BLCKSZ 8192
| /* end confdefs.h.  */
| 
| int
| main ()
| {
| 
|   ;
|   return 0;
| }
configure:6204: result: no
configure:6212: checking whether gcc supports -funroll-loops, for CFLAGS_UNROLL_LOOPS
configure:6234: gcc -c  -funroll-loops -isysroot /Applications/Xcode.app/Contents/Developer/Platforms/MacOSX.platform/Developer/SDKs/MacOSX13.3.sdk  conftest.c >&5
configure:6234: $? = 0
configure:6244: result: yes
configure:6252: checking whether gcc supports -ftree-vectorize, for CFLAGS_VECTORIZE
configure:6274: gcc -c  -ftree-vectorize -isysroot /Applications/Xcode.app/Contents/Developer/Platforms/MacOSX.platform/Developer/SDKs/MacOSX13.3.sdk  conftest.c >&5
configure:6274: $? = 0
configure:6284: result: yes
configure:6300: checking whether gcc supports -Wunused-command-line-argument, for NOT_THE_CFLAGS
configure:6322: gcc -c  -Wunused-command-line-argument -isysroot /Applications/Xcode.app/Contents/Developer/Platforms/MacOSX.platform/Developer/SDKs/MacOSX13.3.sdk  conftest.c >&5
configure:6322: $? = 0
configure:6332: result: yes
configure:6345: checking whether gcc supports -Wcompound-token-split-by-macro, for NOT_THE_CFLAGS
configure:6367: gcc -c  -Wcompound-token-split-by-macro -isysroot /Applications/Xcode.app/Contents/Developer/Platforms/MacOSX.platform/Developer/SDKs/MacOSX13.3.sdk  conftest.c >&5
configure:6367: $? = 0
configure:6377: result: yes
configure:6389: checking whether gcc supports -Wformat-truncation, for NOT_THE_CFLAGS
configure:6411: gcc -c  -Wformat-truncation -isysroot /Applications/Xcode.app/Contents/Developer/Platforms/MacOSX.platform/Developer/SDKs/MacOSX13.3.sdk  conftest.c >&5
warning: unknown warning option '-Wformat-truncation' [-Wunknown-warning-option]
1 warning generated.
configure:6411: $? = 0
configure: failed program was:
| /* confdefs.h */
| #define PACKAGE_NAME "PostgreSQL"
| #define PACKAGE_TARNAME "postgresql"
| #define PACKAGE_VERSION "14.2"
| #define PACKAGE_STRING "PostgreSQL 14.2"
| #define PACKAGE_BUGREPORT "pgsql-bugs@lists.postgresql.org"
| #define PACKAGE_URL "https://www.postgresql.org/"
| #define CONFIGURE_ARGS " '--prefix=/usr/local/pgsql142' 'PKG_CONFIG_PATH=:/opt/intel/sgxsdk/pkgconfig:/opt/intel/sgxsdk/pkgconfig'"
| #define PG_MAJORVERSION "14"
| #define PG_MAJORVERSION_NUM 14
| #define PG_MINORVERSION_NUM 2
| #define PG_VERSION "14.2"
| #define DEF_PGPORT 5432
| #define DEF_PGPORT_STR "5432"
| #define BLCKSZ 8192
| #define RELSEG_SIZE 131072
| #define XLOG_BLCKSZ 8192
| /* end confdefs.h.  */
| 
| int
| main ()
| {
| 
|   ;
|   return 0;
| }
configure:6421: result: no
configure:6432: checking whether gcc supports -Wstringop-truncation, for NOT_THE_CFLAGS
configure:6454: gcc -c  -Wstringop-truncation -isysroot /Applications/Xcode.app/Contents/Developer/Platforms/MacOSX.platform/Developer/SDKs/MacOSX13.3.sdk  conftest.c >&5
warning: unknown warning option '-Wstringop-truncation'; did you mean '-Wstring-concatenation'? [-Wunknown-warning-option]
1 warning generated.
configure:6454: $? = 0
configure: failed program was:
| /* confdefs.h */
| #define PACKAGE_NAME "PostgreSQL"
| #define PACKAGE_TARNAME "postgresql"
| #define PACKAGE_VERSION "14.2"
| #define PACKAGE_STRING "PostgreSQL 14.2"
| #define PACKAGE_BUGREPORT "pgsql-bugs@lists.postgresql.org"
| #define PACKAGE_URL "https://www.postgresql.org/"
| #define CONFIGURE_ARGS " '--prefix=/usr/local/pgsql142' 'PKG_CONFIG_PATH=:/opt/intel/sgxsdk/pkgconfig:/opt/intel/sgxsdk/pkgconfig'"
| #define PG_MAJORVERSION "14"
| #define PG_MAJORVERSION_NUM 14
| #define PG_MINORVERSION_NUM 2
| #define PG_VERSION "14.2"
| #define DEF_PGPORT 5432
| #define DEF_PGPORT_STR "5432"
| #define BLCKSZ 8192
| #define RELSEG_SIZE 131072
| #define XLOG_BLCKSZ 8192
| /* end confdefs.h.  */
| 
| int
| main ()
| {
| 
|   ;
|   return 0;
| }
configure:6464: result: no
configure:7440: checking whether the C compiler still works
configure:7453: gcc -o conftest -Wall -Wmissing-prototypes -Wpointer-arith -Wdeclaration-after-statement -Werror=vla -Werror=unguarded-availability-new -Wendif-labels -Wmissing-format-attribute -Wcast-function-type -Wformat-security -fno-strict-aliasing -fwrapv -Wno-unused-command-line-argument -Wno-compound-token-split-by-macro -O2 -isysroot /Applications/Xcode.app/Contents/Developer/Platforms/MacOSX.platform/Developer/SDKs/MacOSX13.3.sdk  -isysroot /Applications/Xcode.app/Contents/Developer/Platforms/MacOSX.platform/Developer/SDKs/MacOSX13.3.sdk  conftest.c  >&5
configure:7453: $? = 0
configure:7454: result: yes
configure:7479: gcc -c -Wall -Wmissing-prototypes -Wpointer-arith -Wdeclaration-after-statement -Werror=vla -Werror=unguarded-availability-new -Wendif-labels -Wmissing-format-attribute -Wcast-function-type -Wformat-security -fno-strict-aliasing -fwrapv -Wno-unused-command-line-argument -Wno-compound-token-split-by-macro -O2 -isysroot /Applications/Xcode.app/Contents/Developer/Platforms/MacOSX.platform/Developer/SDKs/MacOSX13.3.sdk  conftest.c >&5
configure:7479: $? = 0
configure:7512: gcc -c -Wall -Wmissing-prototypes -Wpointer-arith -Wdeclaration-after-statement -Werror=vla -Werror=unguarded-availability-new -Wendif-labels -Wmissing-format-attribute -Wcast-function-type -Wformat-security -fno-strict-aliasing -fwrapv -Wno-unused-command-line-argument -Wno-compound-token-split-by-macro -O2 -isysroot /Applications/Xcode.app/Contents/Developer/Platforms/MacOSX.platform/Developer/SDKs/MacOSX13.3.sdk  conftest.c >&5
configure:7512: $? = 0
configure:7525: checking how to run the C preprocessor
configure:7556: gcc -E -isysroot /Applications/Xcode.app/Contents/Developer/Platforms/MacOSX.platform/Developer/SDKs/MacOSX13.3.sdk  conftest.c
configure:7556: $? = 0
configure:7570: gcc -E -isysroot /Applications/Xcode.app/Contents/Developer/Platforms/MacOSX.platform/Developer/SDKs/MacOSX13.3.sdk  conftest.c
conftest.c:19:10: fatal error: 'ac_nonexistent.h' file not found
#include <ac_nonexistent.h>
         ^~~~~~~~~~~~~~~~~~
1 error generated.
configure:7570: $? = 1
configure: failed program was:
| /* confdefs.h */
| #define PACKAGE_NAME "PostgreSQL"
| #define PACKAGE_TARNAME "postgresql"
| #define PACKAGE_VERSION "14.2"
| #define PACKAGE_STRING "PostgreSQL 14.2"
| #define PACKAGE_BUGREPORT "pgsql-bugs@lists.postgresql.org"
| #define PACKAGE_URL "https://www.postgresql.org/"
| #define CONFIGURE_ARGS " '--prefix=/usr/local/pgsql142' 'PKG_CONFIG_PATH=:/opt/intel/sgxsdk/pkgconfig:/opt/intel/sgxsdk/pkgconfig'"
| #define PG_MAJORVERSION "14"
| #define PG_MAJORVERSION_NUM 14
| #define PG_MINORVERSION_NUM 2
| #define PG_VERSION "14.2"
| #define DEF_PGPORT 5432
| #define DEF_PGPORT_STR "5432"
| #define BLCKSZ 8192
| #define RELSEG_SIZE 131072
| #define XLOG_BLCKSZ 8192
| /* end confdefs.h.  */
| #include <ac_nonexistent.h>
configure:7595: result: gcc -E
configure:7615: gcc -E -isysroot /Applications/Xcode.app/Contents/Developer/Platforms/MacOSX.platform/Developer/SDKs/MacOSX13.3.sdk  conftest.c
configure:7615: $? = 0
configure:7629: gcc -E -isysroot /Applications/Xcode.app/Contents/Developer/Platforms/MacOSX.platform/Developer/SDKs/MacOSX13.3.sdk  conftest.c
conftest.c:19:10: fatal error: 'ac_nonexistent.h' file not found
#include <ac_nonexistent.h>
         ^~~~~~~~~~~~~~~~~~
1 error generated.
configure:7629: $? = 1
configure: failed program was:
| /* confdefs.h */
| #define PACKAGE_NAME "PostgreSQL"
| #define PACKAGE_TARNAME "postgresql"
| #define PACKAGE_VERSION "14.2"
| #define PACKAGE_STRING "PostgreSQL 14.2"
| #define PACKAGE_BUGREPORT "pgsql-bugs@lists.postgresql.org"
| #define PACKAGE_URL "https://www.postgresql.org/"
| #define CONFIGURE_ARGS " '--prefix=/usr/local/pgsql142' 'PKG_CONFIG_PATH=:/opt/intel/sgxsdk/pkgconfig:/opt/intel/sgxsdk/pkgconfig'"
| #define PG_MAJORVERSION "14"
| #define PG_MAJORVERSION_NUM 14
| #define PG_MINORVERSION_NUM 2
| #define PG_VERSION "14.2"
| #define DEF_PGPORT 5432
| #define DEF_PGPORT_STR "5432"
| #define BLCKSZ 8192
| #define RELSEG_SIZE 131072
| #define XLOG_BLCKSZ 8192
| /* end confdefs.h.  */
| #include <ac_nonexistent.h>
configure:7731: checking for pkg-config
configure:7749: found /usr/local/bin/pkg-config
configure:7761: result: /usr/local/bin/pkg-config
configure:7786: checking pkg-config is at least version 0.9.0
configure:7789: result: yes
configure:7894: checking allow thread-safe client libraries
configure:7924: result: yes
configure:7931: checking whether to build with ICU support
configure:7959: result: no
configure:8060: checking whether to build with Tcl
configure:8086: result: no
configure:8118: checking whether to build Perl modules
configure:8144: result: no
configure:8151: checking whether to build Python modules
configure:8177: result: no
configure:8184: checking whether to build with GSSAPI support
configure:8215: result: no
configure:8260: checking whether to build with PAM support
configure:8288: result: no
configure:8295: checking whether to build with BSD Authentication support
configure:8323: result: no
configure:8330: checking whether to build with LDAP support
configure:8358: result: no
configure:8366: checking whether to build with Bonjour support
configure:8394: result: no
configure:8401: checking whether to build with SELinux support
configure:8428: result: no
configure:8434: checking whether to build with systemd support
configure:8463: result: no
configure:8618: checking whether to build with XML support
configure:8646: result: no
configure:8892: checking whether to build with LZ4 support
configure:8920: result: no
configure:9051: checking for ld used by GCC
configure:9114: result: /Applications/Xcode.app/Contents/Developer/Toolchains/XcodeDefault.xctoolchain/usr/bin/ld
configure:9121: checking if the linker (/Applications/Xcode.app/Contents/Developer/Toolchains/XcodeDefault.xctoolchain/usr/bin/ld) is GNU ld
configure:9133: result: no
configure:9183: checking for ranlib
configure:9199: found /usr/bin/ranlib
configure:9210: result: ranlib
configure:9276: checking for strip
configure:9292: found /usr/bin/strip
configure:9303: result: strip
configure:9326: checking whether it is possible to strip libraries
configure:9339: result: yes
configure:9396: checking for ar
configure:9412: found /usr/bin/ar
configure:9423: result: ar
configure:9738: checking for a BSD-compatible install
configure:9806: result: /usr/local/bin/ginstall -c
configure:9831: checking for tar
configure:9849: found /usr/bin/tar
configure:9861: result: /usr/bin/tar
configure:9880: checking whether ln -s works
configure:9884: result: yes
configure:9891: checking for a thread-safe mkdir -p
configure:9930: result: /usr/local/bin/gmkdir -p
configure:9945: checking for bison
configure:9963: found /usr/bin/bison
configure:9975: result: /usr/bin/bison
configure:9997: using bison (GNU Bison) 2.3
configure:10035: checking for flex
configure:10080: result: /usr/bin/flex
configure:10100: using flex 2.6.4 Apple(flex-34)
configure:10113: checking for perl
configure:10131: found /usr/bin/perl
configure:10143: result: /usr/bin/perl
configure:10165: using perl 5.30.3
configure:10540: checking for a sed that does not truncate output
configure:10604: result: /usr/bin/sed
configure:10610: checking for grep that handles long lines and -e
configure:10668: result: /usr/bin/grep
configure:10673: checking for egrep
configure:10735: result: /usr/bin/grep -E
configure:10740: checking for ANSI C header files
configure:10760: gcc -c -Wall -Wmissing-prototypes -Wpointer-arith -Wdeclaration-after-statement -Werror=vla -Werror=unguarded-availability-new -Wendif-labels -Wmissing-format-attribute -Wcast-function-type -Wformat-security -fno-strict-aliasing -fwrapv -Wno-unused-command-line-argument -Wno-compound-token-split-by-macro -O2 -isysroot /Applications/Xcode.app/Contents/Developer/Platforms/MacOSX.platform/Developer/SDKs/MacOSX13.3.sdk   conftest.c >&5
configure:10760: $? = 0
configure:10833: gcc -o conftest -Wall -Wmissing-prototypes -Wpointer-arith -Wdeclaration-after-statement -Werror=vla -Werror=unguarded-availability-new -Wendif-labels -Wmissing-format-attribute -Wcast-function-type -Wformat-security -fno-strict-aliasing -fwrapv -Wno-unused-command-line-argument -Wno-compound-token-split-by-macro -O2 -isysroot /Applications/Xcode.app/Contents/Developer/Platforms/MacOSX.platform/Developer/SDKs/MacOSX13.3.sdk   -isysroot /Applications/Xcode.app/Contents/Developer/Platforms/MacOSX.platform/Developer/SDKs/MacOSX13.3.sdk   conftest.c  >&5
configure:10833: $? = 0
configure:10833: ./conftest
configure:10833: $? = 0
configure:10844: result: yes
configure:10857: checking for sys/types.h
configure:10857: gcc -c -Wall -Wmissing-prototypes -Wpointer-arith -Wdeclaration-after-statement -Werror=vla -Werror=unguarded-availability-new -Wendif-labels -Wmissing-format-attribute -Wcast-function-type -Wformat-security -fno-strict-aliasing -fwrapv -Wno-unused-command-line-argument -Wno-compound-token-split-by-macro -O2 -isysroot /Applications/Xcode.app/Contents/Developer/Platforms/MacOSX.platform/Developer/SDKs/MacOSX13.3.sdk   conftest.c >&5
configure:10857: $? = 0
configure:10857: result: yes
configure:10857: checking for sys/stat.h
configure:10857: gcc -c -Wall -Wmissing-prototypes -Wpointer-arith -Wdeclaration-after-statement -Werror=vla -Werror=unguarded-availability-new -Wendif-labels -Wmissing-format-attribute -Wcast-function-type -Wformat-security -fno-strict-aliasing -fwrapv -Wno-unused-command-line-argument -Wno-compound-token-split-by-macro -O2 -isysroot /Applications/Xcode.app/Contents/Developer/Platforms/MacOSX.platform/Developer/SDKs/MacOSX13.3.sdk   conftest.c >&5
configure:10857: $? = 0
configure:10857: result: yes
configure:10857: checking for stdlib.h
configure:10857: gcc -c -Wall -Wmissing-prototypes -Wpointer-arith -Wdeclaration-after-statement -Werror=vla -Werror=unguarded-availability-new -Wendif-labels -Wmissing-format-attribute -Wcast-function-type -Wformat-security -fno-strict-aliasing -fwrapv -Wno-unused-command-line-argument -Wno-compound-token-split-by-macro -O2 -isysroot /Applications/Xcode.app/Contents/Developer/Platforms/MacOSX.platform/Developer/SDKs/MacOSX13.3.sdk   conftest.c >&5
configure:10857: $? = 0
configure:10857: result: yes
configure:10857: checking for string.h
configure:10857: gcc -c -Wall -Wmissing-prototypes -Wpointer-arith -Wdeclaration-after-statement -Werror=vla -Werror=unguarded-availability-new -Wendif-labels -Wmissing-format-attribute -Wcast-function-type -Wformat-security -fno-strict-aliasing -fwrapv -Wno-unused-command-line-argument -Wno-compound-token-split-by-macro -O2 -isysroot /Applications/Xcode.app/Contents/Developer/Platforms/MacOSX.platform/Developer/SDKs/MacOSX13.3.sdk   conftest.c >&5
configure:10857: $? = 0
configure:10857: result: yes
configure:10857: checking for memory.h
configure:10857: gcc -c -Wall -Wmissing-prototypes -Wpointer-arith -Wdeclaration-after-statement -Werror=vla -Werror=unguarded-availability-new -Wendif-labels -Wmissing-format-attribute -Wcast-function-type -Wformat-security -fno-strict-aliasing -fwrapv -Wno-unused-command-line-argument -Wno-compound-token-split-by-macro -O2 -isysroot /Applications/Xcode.app/Contents/Developer/Platforms/MacOSX.platform/Developer/SDKs/MacOSX13.3.sdk   conftest.c >&5
configure:10857: $? = 0
configure:10857: result: yes
configure:10857: checking for strings.h
configure:10857: gcc -c -Wall -Wmissing-prototypes -Wpointer-arith -Wdeclaration-after-statement -Werror=vla -Werror=unguarded-availability-new -Wendif-labels -Wmissing-format-attribute -Wcast-function-type -Wformat-security -fno-strict-aliasing -fwrapv -Wno-unused-command-line-argument -Wno-compound-token-split-by-macro -O2 -isysroot /Applications/Xcode.app/Contents/Developer/Platforms/MacOSX.platform/Developer/SDKs/MacOSX13.3.sdk   conftest.c >&5
configure:10857: $? = 0
configure:10857: result: yes
configure:10857: checking for inttypes.h
configure:10857: gcc -c -Wall -Wmissing-prototypes -Wpointer-arith -Wdeclaration-after-statement -Werror=vla -Werror=unguarded-availability-new -Wendif-labels -Wmissing-format-attribute -Wcast-function-type -Wformat-security -fno-strict-aliasing -fwrapv -Wno-unused-command-line-argument -Wno-compound-token-split-by-macro -O2 -isysroot /Applications/Xcode.app/Contents/Developer/Platforms/MacOSX.platform/Developer/SDKs/MacOSX13.3.sdk   conftest.c >&5
configure:10857: $? = 0
configure:10857: result: yes
configure:10857: checking for stdint.h
configure:10857: gcc -c -Wall -Wmissing-prototypes -Wpointer-arith -Wdeclaration-after-statement -Werror=vla -Werror=unguarded-availability-new -Wendif-labels -Wmissing-format-attribute -Wcast-function-type -Wformat-security -fno-strict-aliasing -fwrapv -Wno-unused-command-line-argument -Wno-compound-token-split-by-macro -O2 -isysroot /Applications/Xcode.app/Contents/Developer/Platforms/MacOSX.platform/Developer/SDKs/MacOSX13.3.sdk   conftest.c >&5
configure:10857: $? = 0
configure:10857: result: yes
configure:10857: checking for unistd.h
configure:10857: gcc -c -Wall -Wmissing-prototypes -Wpointer-arith -Wdeclaration-after-statement -Werror=vla -Werror=unguarded-availability-new -Wendif-labels -Wmissing-format-attribute -Wcast-function-type -Wformat-security -fno-strict-aliasing -fwrapv -Wno-unused-command-line-argument -Wno-compound-token-split-by-macro -O2 -isysroot /Applications/Xcode.app/Contents/Developer/Platforms/MacOSX.platform/Developer/SDKs/MacOSX13.3.sdk   conftest.c >&5
configure:10857: $? = 0
configure:10857: result: yes
configure:11054: checking whether gcc is Clang
configure:11079: result: yes
configure:11126: checking whether Clang needs flag to prevent "argument unused" warning when linking with -pthread
configure:11151: gcc -o conftest -Werror -Wunknown-warning-option  -pthread -Wall -Wmissing-prototypes -Wpointer-arith -Wdeclaration-after-statement -Werror=vla -Werror=unguarded-availability-new -Wendif-labels -Wmissing-format-attribute -Wcast-function-type -Wformat-security -fno-strict-aliasing -fwrapv -Wno-unused-command-line-argument -Wno-compound-token-split-by-macro -O2 -isysroot /Applications/Xcode.app/Contents/Developer/Platforms/MacOSX.platform/Developer/SDKs/MacOSX13.3.sdk   -isysroot /Applications/Xcode.app/Contents/Developer/Platforms/MacOSX.platform/Developer/SDKs/MacOSX13.3.sdk   conftest.c  >&5
configure:11151: $? = 0
configure:11157: (gcc -c -Werror -Wunknown-warning-option  -pthread -Wall -Wmissing-prototypes -Wpointer-arith -Wdeclaration-after-statement -Werror=vla -Werror=unguarded-availability-new -Wendif-labels -Wmissing-format-attribute -Wcast-function-type -Wformat-security -fno-strict-aliasing -fwrapv -Wno-unused-command-line-argument -Wno-compound-token-split-by-macro -O2 -isysroot /Applications/Xcode.app/Contents/Developer/Platforms/MacOSX.platform/Developer/SDKs/MacOSX13.3.sdk   conftest.c >&5) && (echo ==== >&5) && (gcc -o conftest -Werror -Wunknown-warning-option  -pthread -Wall -Wmissing-prototypes -Wpointer-arith -Wdeclaration-after-statement -Werror=vla -Werror=unguarded-availability-new -Wendif-labels -Wmissing-format-attribute -Wcast-function-type -Wformat-security -fno-strict-aliasing -fwrapv -Wno-unused-command-line-argument -Wno-compound-token-split-by-macro -O2 -isysroot /Applications/Xcode.app/Contents/Developer/Platforms/MacOSX.platform/Developer/SDKs/MacOSX13.3.sdk   -isysroot /Applications/Xcode.app/Contents/Developer/Platforms/MacOSX.platform/Developer/SDKs/MacOSX13.3.sdk   conftest.o  >&5)
====
configure:11157: $? = 0
configure:11175: result: no
configure:11324: checking for joinable pthread attribute
configure:11342: gcc -o conftest -Wall -Wmissing-prototypes -Wpointer-arith -Wdeclaration-after-statement -Werror=vla -Werror=unguarded-availability-new -Wendif-labels -Wmissing-format-attribute -Wcast-function-type -Wformat-security -fno-strict-aliasing -fwrapv -Wno-unused-command-line-argument -Wno-compound-token-split-by-macro -O2 -pthread -isysroot /Applications/Xcode.app/Contents/Developer/Platforms/MacOSX.platform/Developer/SDKs/MacOSX13.3.sdk   -isysroot /Applications/Xcode.app/Contents/Developer/Platforms/MacOSX.platform/Developer/SDKs/MacOSX13.3.sdk   conftest.c   >&5
configure:11342: $? = 0
configure:11350: result: PTHREAD_CREATE_JOINABLE
configure:11364: checking whether more special flags are required for pthreads
configure:11377: result: no
configure:11385: checking for PTHREAD_PRIO_INHERIT
configure:11401: gcc -o conftest -Wall -Wmissing-prototypes -Wpointer-arith -Wdeclaration-after-statement -Werror=vla -Werror=unguarded-availability-new -Wendif-labels -Wmissing-format-attribute -Wcast-function-type -Wformat-security -fno-strict-aliasing -fwrapv -Wno-unused-command-line-argument -Wno-compound-token-split-by-macro -O2 -pthread -isysroot /Applications/Xcode.app/Contents/Developer/Platforms/MacOSX.platform/Developer/SDKs/MacOSX13.3.sdk   -isysroot /Applications/Xcode.app/Contents/Developer/Platforms/MacOSX.platform/Developer/SDKs/MacOSX13.3.sdk   conftest.c   >&5
conftest.c:35:5: warning: unused variable 'i' [-Wunused-variable]
int i = PTHREAD_PRIO_INHERIT;
    ^
1 warning generated.
configure:11401: $? = 0
configure:11410: result: yes
configure:11524: checking pthread.h usability
configure:11524: gcc -c -Wall -Wmissing-prototypes -Wpointer-arith -Wdeclaration-after-statement -Werror=vla -Werror=unguarded-availability-new -Wendif-labels -Wmissing-format-attribute -Wcast-function-type -Wformat-security -fno-strict-aliasing -fwrapv -Wno-unused-command-line-argument -Wno-compound-token-split-by-macro -O2 -pthread -D_REENTRANT -D_THREAD_SAFE -D_POSIX_PTHREAD_SEMANTICS -isysroot /Applications/Xcode.app/Contents/Developer/Platforms/MacOSX.platform/Developer/SDKs/MacOSX13.3.sdk   conftest.c >&5
configure:11524: $? = 0
configure:11524: result: yes
configure:11524: checking pthread.h presence
configure:11524: gcc -E -isysroot /Applications/Xcode.app/Contents/Developer/Platforms/MacOSX.platform/Developer/SDKs/MacOSX13.3.sdk   conftest.c
configure:11524: $? = 0
configure:11524: result: yes
configure:11524: checking for pthread.h
configure:11524: result: yes
configure:11537: checking for strerror_r
configure:11537: gcc -o conftest -Wall -Wmissing-prototypes -Wpointer-arith -Wdeclaration-after-statement -Werror=vla -Werror=unguarded-availability-new -Wendif-labels -Wmissing-format-attribute -Wcast-function-type -Wformat-security -fno-strict-aliasing -fwrapv -Wno-unused-command-line-argument -Wno-compound-token-split-by-macro -O2 -pthread -D_REENTRANT -D_THREAD_SAFE -D_POSIX_PTHREAD_SEMANTICS -isysroot /Applications/Xcode.app/Contents/Developer/Platforms/MacOSX.platform/Developer/SDKs/MacOSX13.3.sdk   -isysroot /Applications/Xcode.app/Contents/Developer/Platforms/MacOSX.platform/Developer/SDKs/MacOSX13.3.sdk   conftest.c   >&5
configure:11537: $? = 0
configure:11537: result: yes
configure:11537: checking for getpwuid_r
configure:11537: gcc -o conftest -Wall -Wmissing-prototypes -Wpointer-arith -Wdeclaration-after-statement -Werror=vla -Werror=unguarded-availability-new -Wendif-labels -Wmissing-format-attribute -Wcast-function-type -Wformat-security -fno-strict-aliasing -fwrapv -Wno-unused-command-line-argument -Wno-compound-token-split-by-macro -O2 -pthread -D_REENTRANT -D_THREAD_SAFE -D_POSIX_PTHREAD_SEMANTICS -isysroot /Applications/Xcode.app/Contents/Developer/Platforms/MacOSX.platform/Developer/SDKs/MacOSX13.3.sdk   -isysroot /Applications/Xcode.app/Contents/Developer/Platforms/MacOSX.platform/Developer/SDKs/MacOSX13.3.sdk   conftest.c   >&5
configure:11537: $? = 0
configure:11537: result: yes
configure:11537: checking for gethostbyname_r
configure:11537: gcc -o conftest -Wall -Wmissing-prototypes -Wpointer-arith -Wdeclaration-after-statement -Werror=vla -Werror=unguarded-availability-new -Wendif-labels -Wmissing-format-attribute -Wcast-function-type -Wformat-security -fno-strict-aliasing -fwrapv -Wno-unused-command-line-argument -Wno-compound-token-split-by-macro -O2 -pthread -D_REENTRANT -D_THREAD_SAFE -D_POSIX_PTHREAD_SEMANTICS -isysroot /Applications/Xcode.app/Contents/Developer/Platforms/MacOSX.platform/Developer/SDKs/MacOSX13.3.sdk   -isysroot /Applications/Xcode.app/Contents/Developer/Platforms/MacOSX.platform/Developer/SDKs/MacOSX13.3.sdk   conftest.c   >&5
Undefined symbols for architecture arm64:
  "_gethostbyname_r", referenced from:
      _main in conftest-e1364c.o
ld: symbol(s) not found for architecture arm64
clang: error: linker command failed with exit code 1 (use -v to see invocation)
configure:11537: $? = 1
configure: failed program was:
| /* confdefs.h */
| #define PACKAGE_NAME "PostgreSQL"
| #define PACKAGE_TARNAME "postgresql"
| #define PACKAGE_VERSION "14.2"
| #define PACKAGE_STRING "PostgreSQL 14.2"
| #define PACKAGE_BUGREPORT "pgsql-bugs@lists.postgresql.org"
| #define PACKAGE_URL "https://www.postgresql.org/"
| #define CONFIGURE_ARGS " '--prefix=/usr/local/pgsql142' 'PKG_CONFIG_PATH=:/opt/intel/sgxsdk/pkgconfig:/opt/intel/sgxsdk/pkgconfig'"
| #define PG_MAJORVERSION "14"
| #define PG_MAJORVERSION_NUM 14
| #define PG_MINORVERSION_NUM 2
| #define PG_VERSION "14.2"
| #define DEF_PGPORT 5432
| #define DEF_PGPORT_STR "5432"
| #define BLCKSZ 8192
| #define RELSEG_SIZE 131072
| #define XLOG_BLCKSZ 8192
| #define ENABLE_THREAD_SAFETY 1
| #define PG_KRB_SRVNAM "postgres"
| #define STDC_HEADERS 1
| #define HAVE_SYS_TYPES_H 1
| #define HAVE_SYS_STAT_H 1
| #define HAVE_STDLIB_H 1
| #define HAVE_STRING_H 1
| #define HAVE_MEMORY_H 1
| #define HAVE_STRINGS_H 1
| #define HAVE_INTTYPES_H 1
| #define HAVE_STDINT_H 1
| #define HAVE_UNISTD_H 1
| #define HAVE_PTHREAD_PRIO_INHERIT 1
| #define HAVE_PTHREAD 1
| #define HAVE_STRERROR_R 1
| #define HAVE_GETPWUID_R 1
| /* end confdefs.h.  */
| /* Define gethostbyname_r to an innocuous variant, in case <limits.h> declares gethostbyname_r.
|    For example, HP-UX 11i <limits.h> declares gettimeofday.  */
| #define gethostbyname_r innocuous_gethostbyname_r
| 
| /* System header to define __stub macros and hopefully few prototypes,
|     which can conflict with char gethostbyname_r (); below.
|     Prefer <limits.h> to <assert.h> if __STDC__ is defined, since
|     <limits.h> exists even on freestanding compilers.  */
| 
| #ifdef __STDC__
| # include <limits.h>
| #else
| # include <assert.h>
| #endif
| 
| #undef gethostbyname_r
| 
| /* Override any GCC internal prototype to avoid an error.
|    Use char because int might match the return type of a GCC
|    builtin and then its argument prototype would still apply.  */
| #ifdef __cplusplus
| extern "C"
| #endif
| char gethostbyname_r ();
| /* The GNU C library defines this for functions which it implements
|     to always fail with ENOSYS.  Some functions are actually named
|     something starting with __ and the normal name is an alias.  */
| #if defined __stub_gethostbyname_r || defined __stub___gethostbyname_r
| choke me
| #endif
| 
| int
| main ()
| {
| return gethostbyname_r ();
|   ;
|   return 0;
| }
configure:11537: result: no
configure:11548: checking whether strerror_r returns int
configure:11567: gcc -c -Wall -Wmissing-prototypes -Wpointer-arith -Wdeclaration-after-statement -Werror=vla -Werror=unguarded-availability-new -Wendif-labels -Wmissing-format-attribute -Wcast-function-type -Wformat-security -fno-strict-aliasing -fwrapv -Wno-unused-command-line-argument -Wno-compound-token-split-by-macro -O2 -pthread -D_REENTRANT -D_THREAD_SAFE -D_POSIX_PTHREAD_SEMANTICS -isysroot /Applications/Xcode.app/Contents/Developer/Platforms/MacOSX.platform/Developer/SDKs/MacOSX13.3.sdk   conftest.c >&5
configure:11567: $? = 0
configure:11574: result: yes
configure:11608: checking for main in -lm
configure:11627: gcc -o conftest -Wall -Wmissing-prototypes -Wpointer-arith -Wdeclaration-after-statement -Werror=vla -Werror=unguarded-availability-new -Wendif-labels -Wmissing-format-attribute -Wcast-function-type -Wformat-security -fno-strict-aliasing -fwrapv -Wno-unused-command-line-argument -Wno-compound-token-split-by-macro -O2 -isysroot /Applications/Xcode.app/Contents/Developer/Platforms/MacOSX.platform/Developer/SDKs/MacOSX13.3.sdk   -isysroot /Applications/Xcode.app/Contents/Developer/Platforms/MacOSX.platform/Developer/SDKs/MacOSX13.3.sdk   conftest.c -lm   >&5
conftest.c:40:1: warning: all paths through this function will call itself [-Winfinite-recursion]
{
^
1 warning generated.
configure:11627: $? = 0
configure:11636: result: yes
configure:11647: checking for library containing setproctitle
configure:11678: gcc -o conftest -Wall -Wmissing-prototypes -Wpointer-arith -Wdeclaration-after-statement -Werror=vla -Werror=unguarded-availability-new -Wendif-labels -Wmissing-format-attribute -Wcast-function-type -Wformat-security -fno-strict-aliasing -fwrapv -Wno-unused-command-line-argument -Wno-compound-token-split-by-macro -O2 -isysroot /Applications/Xcode.app/Contents/Developer/Platforms/MacOSX.platform/Developer/SDKs/MacOSX13.3.sdk   -isysroot /Applications/Xcode.app/Contents/Developer/Platforms/MacOSX.platform/Developer/SDKs/MacOSX13.3.sdk   conftest.c -lm  >&5
Undefined symbols for architecture arm64:
  "_setproctitle", referenced from:
      _main in conftest-bf625b.o
ld: symbol(s) not found for architecture arm64
clang: error: linker command failed with exit code 1 (use -v to see invocation)
configure:11678: $? = 1
configure: failed program was:
| /* confdefs.h */
| #define PACKAGE_NAME "PostgreSQL"
| #define PACKAGE_TARNAME "postgresql"
| #define PACKAGE_VERSION "14.2"
| #define PACKAGE_STRING "PostgreSQL 14.2"
| #define PACKAGE_BUGREPORT "pgsql-bugs@lists.postgresql.org"
| #define PACKAGE_URL "https://www.postgresql.org/"
| #define CONFIGURE_ARGS " '--prefix=/usr/local/pgsql142' 'PKG_CONFIG_PATH=:/opt/intel/sgxsdk/pkgconfig:/opt/intel/sgxsdk/pkgconfig'"
| #define PG_MAJORVERSION "14"
| #define PG_MAJORVERSION_NUM 14
| #define PG_MINORVERSION_NUM 2
| #define PG_VERSION "14.2"
| #define DEF_PGPORT 5432
| #define DEF_PGPORT_STR "5432"
| #define BLCKSZ 8192
| #define RELSEG_SIZE 131072
| #define XLOG_BLCKSZ 8192
| #define ENABLE_THREAD_SAFETY 1
| #define PG_KRB_SRVNAM "postgres"
| #define STDC_HEADERS 1
| #define HAVE_SYS_TYPES_H 1
| #define HAVE_SYS_STAT_H 1
| #define HAVE_STDLIB_H 1
| #define HAVE_STRING_H 1
| #define HAVE_MEMORY_H 1
| #define HAVE_STRINGS_H 1
| #define HAVE_INTTYPES_H 1
| #define HAVE_STDINT_H 1
| #define HAVE_UNISTD_H 1
| #define HAVE_PTHREAD_PRIO_INHERIT 1
| #define HAVE_PTHREAD 1
| #define HAVE_STRERROR_R 1
| #define HAVE_GETPWUID_R 1
| #define STRERROR_R_INT 1
| #define HAVE_LIBM 1
| /* end confdefs.h.  */
| 
| /* Override any GCC internal prototype to avoid an error.
|    Use char because int might match the return type of a GCC
|    builtin and then its argument prototype would still apply.  */
| #ifdef __cplusplus
| extern "C"
| #endif
| char setproctitle ();
| int
| main ()
| {
| return setproctitle ();
|   ;
|   return 0;
| }
configure:11678: gcc -o conftest -Wall -Wmissing-prototypes -Wpointer-arith -Wdeclaration-after-statement -Werror=vla -Werror=unguarded-availability-new -Wendif-labels -Wmissing-format-attribute -Wcast-function-type -Wformat-security -fno-strict-aliasing -fwrapv -Wno-unused-command-line-argument -Wno-compound-token-split-by-macro -O2 -isysroot /Applications/Xcode.app/Contents/Developer/Platforms/MacOSX.platform/Developer/SDKs/MacOSX13.3.sdk   -isysroot /Applications/Xcode.app/Contents/Developer/Platforms/MacOSX.platform/Developer/SDKs/MacOSX13.3.sdk   conftest.c -lutil  -lm  >&5
Undefined symbols for architecture arm64:
  "_setproctitle", referenced from:
      _main in conftest-ed00bd.o
ld: symbol(s) not found for architecture arm64
clang: error: linker command failed with exit code 1 (use -v to see invocation)
configure:11678: $? = 1
configure: failed program was:
| /* confdefs.h */
| #define PACKAGE_NAME "PostgreSQL"
| #define PACKAGE_TARNAME "postgresql"
| #define PACKAGE_VERSION "14.2"
| #define PACKAGE_STRING "PostgreSQL 14.2"
| #define PACKAGE_BUGREPORT "pgsql-bugs@lists.postgresql.org"
| #define PACKAGE_URL "https://www.postgresql.org/"
| #define CONFIGURE_ARGS " '--prefix=/usr/local/pgsql142' 'PKG_CONFIG_PATH=:/opt/intel/sgxsdk/pkgconfig:/opt/intel/sgxsdk/pkgconfig'"
| #define PG_MAJORVERSION "14"
| #define PG_MAJORVERSION_NUM 14
| #define PG_MINORVERSION_NUM 2
| #define PG_VERSION "14.2"
| #define DEF_PGPORT 5432
| #define DEF_PGPORT_STR "5432"
| #define BLCKSZ 8192
| #define RELSEG_SIZE 131072
| #define XLOG_BLCKSZ 8192
| #define ENABLE_THREAD_SAFETY 1
| #define PG_KRB_SRVNAM "postgres"
| #define STDC_HEADERS 1
| #define HAVE_SYS_TYPES_H 1
| #define HAVE_SYS_STAT_H 1
| #define HAVE_STDLIB_H 1
| #define HAVE_STRING_H 1
| #define HAVE_MEMORY_H 1
| #define HAVE_STRINGS_H 1
| #define HAVE_INTTYPES_H 1
| #define HAVE_STDINT_H 1
| #define HAVE_UNISTD_H 1
| #define HAVE_PTHREAD_PRIO_INHERIT 1
| #define HAVE_PTHREAD 1
| #define HAVE_STRERROR_R 1
| #define HAVE_GETPWUID_R 1
| #define STRERROR_R_INT 1
| #define HAVE_LIBM 1
| /* end confdefs.h.  */
| 
| /* Override any GCC internal prototype to avoid an error.
|    Use char because int might match the return type of a GCC
|    builtin and then its argument prototype would still apply.  */
| #ifdef __cplusplus
| extern "C"
| #endif
| char setproctitle ();
| int
| main ()
| {
| return setproctitle ();
|   ;
|   return 0;
| }
configure:11695: result: no
configure:11703: checking for library containing dlopen
configure:11734: gcc -o conftest -Wall -Wmissing-prototypes -Wpointer-arith -Wdeclaration-after-statement -Werror=vla -Werror=unguarded-availability-new -Wendif-labels -Wmissing-format-attribute -Wcast-function-type -Wformat-security -fno-strict-aliasing -fwrapv -Wno-unused-command-line-argument -Wno-compound-token-split-by-macro -O2 -isysroot /Applications/Xcode.app/Contents/Developer/Platforms/MacOSX.platform/Developer/SDKs/MacOSX13.3.sdk   -isysroot /Applications/Xcode.app/Contents/Developer/Platforms/MacOSX.platform/Developer/SDKs/MacOSX13.3.sdk   conftest.c -lm  >&5
configure:11734: $? = 0
configure:11751: result: none required
configure:11759: checking for library containing socket
configure:11790: gcc -o conftest -Wall -Wmissing-prototypes -Wpointer-arith -Wdeclaration-after-statement -Werror=vla -Werror=unguarded-availability-new -Wendif-labels -Wmissing-format-attribute -Wcast-function-type -Wformat-security -fno-strict-aliasing -fwrapv -Wno-unused-command-line-argument -Wno-compound-token-split-by-macro -O2 -isysroot /Applications/Xcode.app/Contents/Developer/Platforms/MacOSX.platform/Developer/SDKs/MacOSX13.3.sdk   -isysroot /Applications/Xcode.app/Contents/Developer/Platforms/MacOSX.platform/Developer/SDKs/MacOSX13.3.sdk   conftest.c -lm  >&5
configure:11790: $? = 0
configure:11807: result: none required
configure:11815: checking for library containing shl_load
configure:11846: gcc -o conftest -Wall -Wmissing-prototypes -Wpointer-arith -Wdeclaration-after-statement -Werror=vla -Werror=unguarded-availability-new -Wendif-labels -Wmissing-format-attribute -Wcast-function-type -Wformat-security -fno-strict-aliasing -fwrapv -Wno-unused-command-line-argument -Wno-compound-token-split-by-macro -O2 -isysroot /Applications/Xcode.app/Contents/Developer/Platforms/MacOSX.platform/Developer/SDKs/MacOSX13.3.sdk   -isysroot /Applications/Xcode.app/Contents/Developer/Platforms/MacOSX.platform/Developer/SDKs/MacOSX13.3.sdk   conftest.c -lm  >&5
Undefined symbols for architecture arm64:
  "_shl_load", referenced from:
      _main in conftest-3df832.o
ld: symbol(s) not found for architecture arm64
clang: error: linker command failed with exit code 1 (use -v to see invocation)
configure:11846: $? = 1
configure: failed program was:
| /* confdefs.h */
| #define PACKAGE_NAME "PostgreSQL"
| #define PACKAGE_TARNAME "postgresql"
| #define PACKAGE_VERSION "14.2"
| #define PACKAGE_STRING "PostgreSQL 14.2"
| #define PACKAGE_BUGREPORT "pgsql-bugs@lists.postgresql.org"
| #define PACKAGE_URL "https://www.postgresql.org/"
| #define CONFIGURE_ARGS " '--prefix=/usr/local/pgsql142' 'PKG_CONFIG_PATH=:/opt/intel/sgxsdk/pkgconfig:/opt/intel/sgxsdk/pkgconfig'"
| #define PG_MAJORVERSION "14"
| #define PG_MAJORVERSION_NUM 14
| #define PG_MINORVERSION_NUM 2
| #define PG_VERSION "14.2"
| #define DEF_PGPORT 5432
| #define DEF_PGPORT_STR "5432"
| #define BLCKSZ 8192
| #define RELSEG_SIZE 131072
| #define XLOG_BLCKSZ 8192
| #define ENABLE_THREAD_SAFETY 1
| #define PG_KRB_SRVNAM "postgres"
| #define STDC_HEADERS 1
| #define HAVE_SYS_TYPES_H 1
| #define HAVE_SYS_STAT_H 1
| #define HAVE_STDLIB_H 1
| #define HAVE_STRING_H 1
| #define HAVE_MEMORY_H 1
| #define HAVE_STRINGS_H 1
| #define HAVE_INTTYPES_H 1
| #define HAVE_STDINT_H 1
| #define HAVE_UNISTD_H 1
| #define HAVE_PTHREAD_PRIO_INHERIT 1
| #define HAVE_PTHREAD 1
| #define HAVE_STRERROR_R 1
| #define HAVE_GETPWUID_R 1
| #define STRERROR_R_INT 1
| #define HAVE_LIBM 1
| /* end confdefs.h.  */
| 
| /* Override any GCC internal prototype to avoid an error.
|    Use char because int might match the return type of a GCC
|    builtin and then its argument prototype would still apply.  */
| #ifdef __cplusplus
| extern "C"
| #endif
| char shl_load ();
| int
| main ()
| {
| return shl_load ();
|   ;
|   return 0;
| }
configure:11846: gcc -o conftest -Wall -Wmissing-prototypes -Wpointer-arith -Wdeclaration-after-statement -Werror=vla -Werror=unguarded-availability-new -Wendif-labels -Wmissing-format-attribute -Wcast-function-type -Wformat-security -fno-strict-aliasing -fwrapv -Wno-unused-command-line-argument -Wno-compound-token-split-by-macro -O2 -isysroot /Applications/Xcode.app/Contents/Developer/Platforms/MacOSX.platform/Developer/SDKs/MacOSX13.3.sdk   -isysroot /Applications/Xcode.app/Contents/Developer/Platforms/MacOSX.platform/Developer/SDKs/MacOSX13.3.sdk   conftest.c -ldld  -lm  >&5
ld: library not found for -ldld
clang: error: linker command failed with exit code 1 (use -v to see invocation)
configure:11846: $? = 1
configure: failed program was:
| /* confdefs.h */
| #define PACKAGE_NAME "PostgreSQL"
| #define PACKAGE_TARNAME "postgresql"
| #define PACKAGE_VERSION "14.2"
| #define PACKAGE_STRING "PostgreSQL 14.2"
| #define PACKAGE_BUGREPORT "pgsql-bugs@lists.postgresql.org"
| #define PACKAGE_URL "https://www.postgresql.org/"
| #define CONFIGURE_ARGS " '--prefix=/usr/local/pgsql142' 'PKG_CONFIG_PATH=:/opt/intel/sgxsdk/pkgconfig:/opt/intel/sgxsdk/pkgconfig'"
| #define PG_MAJORVERSION "14"
| #define PG_MAJORVERSION_NUM 14
| #define PG_MINORVERSION_NUM 2
| #define PG_VERSION "14.2"
| #define DEF_PGPORT 5432
| #define DEF_PGPORT_STR "5432"
| #define BLCKSZ 8192
| #define RELSEG_SIZE 131072
| #define XLOG_BLCKSZ 8192
| #define ENABLE_THREAD_SAFETY 1
| #define PG_KRB_SRVNAM "postgres"
| #define STDC_HEADERS 1
| #define HAVE_SYS_TYPES_H 1
| #define HAVE_SYS_STAT_H 1
| #define HAVE_STDLIB_H 1
| #define HAVE_STRING_H 1
| #define HAVE_MEMORY_H 1
| #define HAVE_STRINGS_H 1
| #define HAVE_INTTYPES_H 1
| #define HAVE_STDINT_H 1
| #define HAVE_UNISTD_H 1
| #define HAVE_PTHREAD_PRIO_INHERIT 1
| #define HAVE_PTHREAD 1
| #define HAVE_STRERROR_R 1
| #define HAVE_GETPWUID_R 1
| #define STRERROR_R_INT 1
| #define HAVE_LIBM 1
| /* end confdefs.h.  */
| 
| /* Override any GCC internal prototype to avoid an error.
|    Use char because int might match the return type of a GCC
|    builtin and then its argument prototype would still apply.  */
| #ifdef __cplusplus
| extern "C"
| #endif
| char shl_load ();
| int
| main ()
| {
| return shl_load ();
|   ;
|   return 0;
| }
configure:11863: result: no
configure:11871: checking for library containing getopt_long
configure:11902: gcc -o conftest -Wall -Wmissing-prototypes -Wpointer-arith -Wdeclaration-after-statement -Werror=vla -Werror=unguarded-availability-new -Wendif-labels -Wmissing-format-attribute -Wcast-function-type -Wformat-security -fno-strict-aliasing -fwrapv -Wno-unused-command-line-argument -Wno-compound-token-split-by-macro -O2 -isysroot /Applications/Xcode.app/Contents/Developer/Platforms/MacOSX.platform/Developer/SDKs/MacOSX13.3.sdk   -isysroot /Applications/Xcode.app/Contents/Developer/Platforms/MacOSX.platform/Developer/SDKs/MacOSX13.3.sdk   conftest.c -lm  >&5
configure:11902: $? = 0
configure:11919: result: none required
configure:11927: checking for library containing shm_open
configure:11958: gcc -o conftest -Wall -Wmissing-prototypes -Wpointer-arith -Wdeclaration-after-statement -Werror=vla -Werror=unguarded-availability-new -Wendif-labels -Wmissing-format-attribute -Wcast-function-type -Wformat-security -fno-strict-aliasing -fwrapv -Wno-unused-command-line-argument -Wno-compound-token-split-by-macro -O2 -isysroot /Applications/Xcode.app/Contents/Developer/Platforms/MacOSX.platform/Developer/SDKs/MacOSX13.3.sdk   -isysroot /Applications/Xcode.app/Contents/Developer/Platforms/MacOSX.platform/Developer/SDKs/MacOSX13.3.sdk   conftest.c -lm  >&5
configure:11958: $? = 0
configure:11975: result: none required
configure:11983: checking for library containing shm_unlink
configure:12014: gcc -o conftest -Wall -Wmissing-prototypes -Wpointer-arith -Wdeclaration-after-statement -Werror=vla -Werror=unguarded-availability-new -Wendif-labels -Wmissing-format-attribute -Wcast-function-type -Wformat-security -fno-strict-aliasing -fwrapv -Wno-unused-command-line-argument -Wno-compound-token-split-by-macro -O2 -isysroot /Applications/Xcode.app/Contents/Developer/Platforms/MacOSX.platform/Developer/SDKs/MacOSX13.3.sdk   -isysroot /Applications/Xcode.app/Contents/Developer/Platforms/MacOSX.platform/Developer/SDKs/MacOSX13.3.sdk   conftest.c -lm  >&5
configure:12014: $? = 0
configure:12031: result: none required
configure:12039: checking for library containing clock_gettime
configure:12070: gcc -o conftest -Wall -Wmissing-prototypes -Wpointer-arith -Wdeclaration-after-statement -Werror=vla -Werror=unguarded-availability-new -Wendif-labels -Wmissing-format-attribute -Wcast-function-type -Wformat-security -fno-strict-aliasing -fwrapv -Wno-unused-command-line-argument -Wno-compound-token-split-by-macro -O2 -isysroot /Applications/Xcode.app/Contents/Developer/Platforms/MacOSX.platform/Developer/SDKs/MacOSX13.3.sdk   -isysroot /Applications/Xcode.app/Contents/Developer/Platforms/MacOSX.platform/Developer/SDKs/MacOSX13.3.sdk   conftest.c -lm  >&5
configure:12070: $? = 0
configure:12087: result: none required
configure:12096: checking for library containing fdatasync
configure:12127: gcc -o conftest -Wall -Wmissing-prototypes -Wpointer-arith -Wdeclaration-after-statement -Werror=vla -Werror=unguarded-availability-new -Wendif-labels -Wmissing-format-attribute -Wcast-function-type -Wformat-security -fno-strict-aliasing -fwrapv -Wno-unused-command-line-argument -Wno-compound-token-split-by-macro -O2 -isysroot /Applications/Xcode.app/Contents/Developer/Platforms/MacOSX.platform/Developer/SDKs/MacOSX13.3.sdk   -isysroot /Applications/Xcode.app/Contents/Developer/Platforms/MacOSX.platform/Developer/SDKs/MacOSX13.3.sdk   conftest.c -lm  >&5
configure:12127: $? = 0
configure:12144: result: none required
configure:12153: checking for library containing shmget
configure:12184: gcc -o conftest -Wall -Wmissing-prototypes -Wpointer-arith -Wdeclaration-after-statement -Werror=vla -Werror=unguarded-availability-new -Wendif-labels -Wmissing-format-attribute -Wcast-function-type -Wformat-security -fno-strict-aliasing -fwrapv -Wno-unused-command-line-argument -Wno-compound-token-split-by-macro -O2 -isysroot /Applications/Xcode.app/Contents/Developer/Platforms/MacOSX.platform/Developer/SDKs/MacOSX13.3.sdk   -isysroot /Applications/Xcode.app/Contents/Developer/Platforms/MacOSX.platform/Developer/SDKs/MacOSX13.3.sdk   conftest.c -lm  >&5
configure:12184: $? = 0
configure:12201: result: none required
configure:12210: checking for library containing backtrace_symbols
configure:12241: gcc -o conftest -Wall -Wmissing-prototypes -Wpointer-arith -Wdeclaration-after-statement -Werror=vla -Werror=unguarded-availability-new -Wendif-labels -Wmissing-format-attribute -Wcast-function-type -Wformat-security -fno-strict-aliasing -fwrapv -Wno-unused-command-line-argument -Wno-compound-token-split-by-macro -O2 -isysroot /Applications/Xcode.app/Contents/Developer/Platforms/MacOSX.platform/Developer/SDKs/MacOSX13.3.sdk   -isysroot /Applications/Xcode.app/Contents/Developer/Platforms/MacOSX.platform/Developer/SDKs/MacOSX13.3.sdk   conftest.c -lm  >&5
configure:12241: $? = 0
configure:12258: result: none required
configure:12268: checking for library containing gethostbyname_r
configure:12299: gcc -o conftest -Wall -Wmissing-prototypes -Wpointer-arith -Wdeclaration-after-statement -Werror=vla -Werror=unguarded-availability-new -Wendif-labels -Wmissing-format-attribute -Wcast-function-type -Wformat-security -fno-strict-aliasing -fwrapv -Wno-unused-command-line-argument -Wno-compound-token-split-by-macro -O2 -isysroot /Applications/Xcode.app/Contents/Developer/Platforms/MacOSX.platform/Developer/SDKs/MacOSX13.3.sdk   -isysroot /Applications/Xcode.app/Contents/Developer/Platforms/MacOSX.platform/Developer/SDKs/MacOSX13.3.sdk   conftest.c -lm  >&5
Undefined symbols for architecture arm64:
  "_gethostbyname_r", referenced from:
      _main in conftest-3e5996.o
ld: symbol(s) not found for architecture arm64
clang: error: linker command failed with exit code 1 (use -v to see invocation)
configure:12299: $? = 1
configure: failed program was:
| /* confdefs.h */
| #define PACKAGE_NAME "PostgreSQL"
| #define PACKAGE_TARNAME "postgresql"
| #define PACKAGE_VERSION "14.2"
| #define PACKAGE_STRING "PostgreSQL 14.2"
| #define PACKAGE_BUGREPORT "pgsql-bugs@lists.postgresql.org"
| #define PACKAGE_URL "https://www.postgresql.org/"
| #define CONFIGURE_ARGS " '--prefix=/usr/local/pgsql142' 'PKG_CONFIG_PATH=:/opt/intel/sgxsdk/pkgconfig:/opt/intel/sgxsdk/pkgconfig'"
| #define PG_MAJORVERSION "14"
| #define PG_MAJORVERSION_NUM 14
| #define PG_MINORVERSION_NUM 2
| #define PG_VERSION "14.2"
| #define DEF_PGPORT 5432
| #define DEF_PGPORT_STR "5432"
| #define BLCKSZ 8192
| #define RELSEG_SIZE 131072
| #define XLOG_BLCKSZ 8192
| #define ENABLE_THREAD_SAFETY 1
| #define PG_KRB_SRVNAM "postgres"
| #define STDC_HEADERS 1
| #define HAVE_SYS_TYPES_H 1
| #define HAVE_SYS_STAT_H 1
| #define HAVE_STDLIB_H 1
| #define HAVE_STRING_H 1
| #define HAVE_MEMORY_H 1
| #define HAVE_STRINGS_H 1
| #define HAVE_INTTYPES_H 1
| #define HAVE_STDINT_H 1
| #define HAVE_UNISTD_H 1
| #define HAVE_PTHREAD_PRIO_INHERIT 1
| #define HAVE_PTHREAD 1
| #define HAVE_STRERROR_R 1
| #define HAVE_GETPWUID_R 1
| #define STRERROR_R_INT 1
| #define HAVE_LIBM 1
| /* end confdefs.h.  */
| 
| /* Override any GCC internal prototype to avoid an error.
|    Use char because int might match the return type of a GCC
|    builtin and then its argument prototype would still apply.  */
| #ifdef __cplusplus
| extern "C"
| #endif
| char gethostbyname_r ();
| int
| main ()
| {
| return gethostbyname_r ();
|   ;
|   return 0;
| }
configure:12299: gcc -o conftest -Wall -Wmissing-prototypes -Wpointer-arith -Wdeclaration-after-statement -Werror=vla -Werror=unguarded-availability-new -Wendif-labels -Wmissing-format-attribute -Wcast-function-type -Wformat-security -fno-strict-aliasing -fwrapv -Wno-unused-command-line-argument -Wno-compound-token-split-by-macro -O2 -isysroot /Applications/Xcode.app/Contents/Developer/Platforms/MacOSX.platform/Developer/SDKs/MacOSX13.3.sdk   -isysroot /Applications/Xcode.app/Contents/Developer/Platforms/MacOSX.platform/Developer/SDKs/MacOSX13.3.sdk   conftest.c -lnsl  -lm  >&5
ld: library not found for -lnsl
clang: error: linker command failed with exit code 1 (use -v to see invocation)
configure:12299: $? = 1
configure: failed program was:
| /* confdefs.h */
| #define PACKAGE_NAME "PostgreSQL"
| #define PACKAGE_TARNAME "postgresql"
| #define PACKAGE_VERSION "14.2"
| #define PACKAGE_STRING "PostgreSQL 14.2"
| #define PACKAGE_BUGREPORT "pgsql-bugs@lists.postgresql.org"
| #define PACKAGE_URL "https://www.postgresql.org/"
| #define CONFIGURE_ARGS " '--prefix=/usr/local/pgsql142' 'PKG_CONFIG_PATH=:/opt/intel/sgxsdk/pkgconfig:/opt/intel/sgxsdk/pkgconfig'"
| #define PG_MAJORVERSION "14"
| #define PG_MAJORVERSION_NUM 14
| #define PG_MINORVERSION_NUM 2
| #define PG_VERSION "14.2"
| #define DEF_PGPORT 5432
| #define DEF_PGPORT_STR "5432"
| #define BLCKSZ 8192
| #define RELSEG_SIZE 131072
| #define XLOG_BLCKSZ 8192
| #define ENABLE_THREAD_SAFETY 1
| #define PG_KRB_SRVNAM "postgres"
| #define STDC_HEADERS 1
| #define HAVE_SYS_TYPES_H 1
| #define HAVE_SYS_STAT_H 1
| #define HAVE_STDLIB_H 1
| #define HAVE_STRING_H 1
| #define HAVE_MEMORY_H 1
| #define HAVE_STRINGS_H 1
| #define HAVE_INTTYPES_H 1
| #define HAVE_STDINT_H 1
| #define HAVE_UNISTD_H 1
| #define HAVE_PTHREAD_PRIO_INHERIT 1
| #define HAVE_PTHREAD 1
| #define HAVE_STRERROR_R 1
| #define HAVE_GETPWUID_R 1
| #define STRERROR_R_INT 1
| #define HAVE_LIBM 1
| /* end confdefs.h.  */
| 
| /* Override any GCC internal prototype to avoid an error.
|    Use char because int might match the return type of a GCC
|    builtin and then its argument prototype would still apply.  */
| #ifdef __cplusplus
| extern "C"
| #endif
| char gethostbyname_r ();
| int
| main ()
| {
| return gethostbyname_r ();
|   ;
|   return 0;
| }
configure:12316: result: no
configure:12324: checking for library containing pthread_barrier_wait
configure:12355: gcc -o conftest -Wall -Wmissing-prototypes -Wpointer-arith -Wdeclaration-after-statement -Werror=vla -Werror=unguarded-availability-new -Wendif-labels -Wmissing-format-attribute -Wcast-function-type -Wformat-security -fno-strict-aliasing -fwrapv -Wno-unused-command-line-argument -Wno-compound-token-split-by-macro -O2 -isysroot /Applications/Xcode.app/Contents/Developer/Platforms/MacOSX.platform/Developer/SDKs/MacOSX13.3.sdk   -isysroot /Applications/Xcode.app/Contents/Developer/Platforms/MacOSX.platform/Developer/SDKs/MacOSX13.3.sdk   conftest.c -lm  >&5
Undefined symbols for architecture arm64:
  "_pthread_barrier_wait", referenced from:
      _main in conftest-c0264c.o
ld: symbol(s) not found for architecture arm64
clang: error: linker command failed with exit code 1 (use -v to see invocation)
configure:12355: $? = 1
configure: failed program was:
| /* confdefs.h */
| #define PACKAGE_NAME "PostgreSQL"
| #define PACKAGE_TARNAME "postgresql"
| #define PACKAGE_VERSION "14.2"
| #define PACKAGE_STRING "PostgreSQL 14.2"
| #define PACKAGE_BUGREPORT "pgsql-bugs@lists.postgresql.org"
| #define PACKAGE_URL "https://www.postgresql.org/"
| #define CONFIGURE_ARGS " '--prefix=/usr/local/pgsql142' 'PKG_CONFIG_PATH=:/opt/intel/sgxsdk/pkgconfig:/opt/intel/sgxsdk/pkgconfig'"
| #define PG_MAJORVERSION "14"
| #define PG_MAJORVERSION_NUM 14
| #define PG_MINORVERSION_NUM 2
| #define PG_VERSION "14.2"
| #define DEF_PGPORT 5432
| #define DEF_PGPORT_STR "5432"
| #define BLCKSZ 8192
| #define RELSEG_SIZE 131072
| #define XLOG_BLCKSZ 8192
| #define ENABLE_THREAD_SAFETY 1
| #define PG_KRB_SRVNAM "postgres"
| #define STDC_HEADERS 1
| #define HAVE_SYS_TYPES_H 1
| #define HAVE_SYS_STAT_H 1
| #define HAVE_STDLIB_H 1
| #define HAVE_STRING_H 1
| #define HAVE_MEMORY_H 1
| #define HAVE_STRINGS_H 1
| #define HAVE_INTTYPES_H 1
| #define HAVE_STDINT_H 1
| #define HAVE_UNISTD_H 1
| #define HAVE_PTHREAD_PRIO_INHERIT 1
| #define HAVE_PTHREAD 1
| #define HAVE_STRERROR_R 1
| #define HAVE_GETPWUID_R 1
| #define STRERROR_R_INT 1
| #define HAVE_LIBM 1
| /* end confdefs.h.  */
| 
| /* Override any GCC internal prototype to avoid an error.
|    Use char because int might match the return type of a GCC
|    builtin and then its argument prototype would still apply.  */
| #ifdef __cplusplus
| extern "C"
| #endif
| char pthread_barrier_wait ();
| int
| main ()
| {
| return pthread_barrier_wait ();
|   ;
|   return 0;
| }
configure:12355: gcc -o conftest -Wall -Wmissing-prototypes -Wpointer-arith -Wdeclaration-after-statement -Werror=vla -Werror=unguarded-availability-new -Wendif-labels -Wmissing-format-attribute -Wcast-function-type -Wformat-security -fno-strict-aliasing -fwrapv -Wno-unused-command-line-argument -Wno-compound-token-split-by-macro -O2 -isysroot /Applications/Xcode.app/Contents/Developer/Platforms/MacOSX.platform/Developer/SDKs/MacOSX13.3.sdk   -isysroot /Applications/Xcode.app/Contents/Developer/Platforms/MacOSX.platform/Developer/SDKs/MacOSX13.3.sdk   conftest.c -lpthread  -lm  >&5
Undefined symbols for architecture arm64:
  "_pthread_barrier_wait", referenced from:
      _main in conftest-ddfab9.o
ld: symbol(s) not found for architecture arm64
clang: error: linker command failed with exit code 1 (use -v to see invocation)
configure:12355: $? = 1
configure: failed program was:
| /* confdefs.h */
| #define PACKAGE_NAME "PostgreSQL"
| #define PACKAGE_TARNAME "postgresql"
| #define PACKAGE_VERSION "14.2"
| #define PACKAGE_STRING "PostgreSQL 14.2"
| #define PACKAGE_BUGREPORT "pgsql-bugs@lists.postgresql.org"
| #define PACKAGE_URL "https://www.postgresql.org/"
| #define CONFIGURE_ARGS " '--prefix=/usr/local/pgsql142' 'PKG_CONFIG_PATH=:/opt/intel/sgxsdk/pkgconfig:/opt/intel/sgxsdk/pkgconfig'"
| #define PG_MAJORVERSION "14"
| #define PG_MAJORVERSION_NUM 14
| #define PG_MINORVERSION_NUM 2
| #define PG_VERSION "14.2"
| #define DEF_PGPORT 5432
| #define DEF_PGPORT_STR "5432"
| #define BLCKSZ 8192
| #define RELSEG_SIZE 131072
| #define XLOG_BLCKSZ 8192
| #define ENABLE_THREAD_SAFETY 1
| #define PG_KRB_SRVNAM "postgres"
| #define STDC_HEADERS 1
| #define HAVE_SYS_TYPES_H 1
| #define HAVE_SYS_STAT_H 1
| #define HAVE_STDLIB_H 1
| #define HAVE_STRING_H 1
| #define HAVE_MEMORY_H 1
| #define HAVE_STRINGS_H 1
| #define HAVE_INTTYPES_H 1
| #define HAVE_STDINT_H 1
| #define HAVE_UNISTD_H 1
| #define HAVE_PTHREAD_PRIO_INHERIT 1
| #define HAVE_PTHREAD 1
| #define HAVE_STRERROR_R 1
| #define HAVE_GETPWUID_R 1
| #define STRERROR_R_INT 1
| #define HAVE_LIBM 1
| /* end confdefs.h.  */
| 
| /* Override any GCC internal prototype to avoid an error.
|    Use char because int might match the return type of a GCC
|    builtin and then its argument prototype would still apply.  */
| #ifdef __cplusplus
| extern "C"
| #endif
| char pthread_barrier_wait ();
| int
| main ()
| {
| return pthread_barrier_wait ();
|   ;
|   return 0;
| }
configure:12372: result: no
configure:12385: checking for library containing readline
configure:12417: gcc -o conftest -Wall -Wmissing-prototypes -Wpointer-arith -Wdeclaration-after-statement -Werror=vla -Werror=unguarded-availability-new -Wendif-labels -Wmissing-format-attribute -Wcast-function-type -Wformat-security -fno-strict-aliasing -fwrapv -Wno-unused-command-line-argument -Wno-compound-token-split-by-macro -O2 -isysroot /Applications/Xcode.app/Contents/Developer/Platforms/MacOSX.platform/Developer/SDKs/MacOSX13.3.sdk   -isysroot /Applications/Xcode.app/Contents/Developer/Platforms/MacOSX.platform/Developer/SDKs/MacOSX13.3.sdk   conftest.c -lreadline -lm  >&5
configure:12417: $? = 0
configure:12443: result: -lreadline
configure:12462: checking for inflate in -lz
configure:12487: gcc -o conftest -Wall -Wmissing-prototypes -Wpointer-arith -Wdeclaration-after-statement -Werror=vla -Werror=unguarded-availability-new -Wendif-labels -Wmissing-format-attribute -Wcast-function-type -Wformat-security -fno-strict-aliasing -fwrapv -Wno-unused-command-line-argument -Wno-compound-token-split-by-macro -O2 -isysroot /Applications/Xcode.app/Contents/Developer/Platforms/MacOSX.platform/Developer/SDKs/MacOSX13.3.sdk   -isysroot /Applications/Xcode.app/Contents/Developer/Platforms/MacOSX.platform/Developer/SDKs/MacOSX13.3.sdk   conftest.c -lz  -lreadline -lm  >&5
configure:12487: $? = 0
configure:12496: result: yes
configure:13500: checking for stdbool.h that conforms to C99
configure:13567: gcc -c -Wall -Wmissing-prototypes -Wpointer-arith -Wdeclaration-after-statement -Werror=vla -Werror=unguarded-availability-new -Wendif-labels -Wmissing-format-attribute -Wcast-function-type -Wformat-security -fno-strict-aliasing -fwrapv -Wno-unused-command-line-argument -Wno-compound-token-split-by-macro -O2 -isysroot /Applications/Xcode.app/Contents/Developer/Platforms/MacOSX.platform/Developer/SDKs/MacOSX13.3.sdk   conftest.c >&5
conftest.c:90:24: warning: address of 's' will always evaluate to 'true' [-Wpointer-bool-conversion]
             bool e = &s;
                  ~    ^
conftest.c:95:40: warning: address of array 'p' will always evaluate to 'true' [-Wpointer-bool-conversion]
                                      ~^
conftest.c:95:35: warning: address of array 'o' will always evaluate to 'true' [-Wpointer-bool-conversion]
                                 ~^
conftest.c:95:30: warning: address of array 'n' will always evaluate to 'true' [-Wpointer-bool-conversion]
                            ~^
conftest.c:94:63: warning: address of array 'i' will always evaluate to 'true' [-Wpointer-bool-conversion]
             return (!a + !b + !c + !d + !e + !f + !g + !h + !i + !!j + !k + !!l
                                                             ~^
conftest.c:94:58: warning: address of array 'h' will always evaluate to 'true' [-Wpointer-bool-conversion]
             return (!a + !b + !c + !d + !e + !f + !g + !h + !i + !!j + !k + !!l
                                                        ~^
conftest.c:94:53: warning: address of array 'g' will always evaluate to 'true' [-Wpointer-bool-conversion]
             return (!a + !b + !c + !d + !e + !f + !g + !h + !i + !!j + !k + !!l
                                                   ~^
conftest.c:94:48: warning: address of array 'f' will always evaluate to 'true' [-Wpointer-bool-conversion]
             return (!a + !b + !c + !d + !e + !f + !g + !h + !i + !!j + !k + !!l
                                              ~^
conftest.c:94:38: warning: address of array 'd' will always evaluate to 'true' [-Wpointer-bool-conversion]
             return (!a + !b + !c + !d + !e + !f + !g + !h + !i + !!j + !k + !!l
                                    ~^
conftest.c:94:33: warning: address of array 'c' will always evaluate to 'true' [-Wpointer-bool-conversion]
             return (!a + !b + !c + !d + !e + !f + !g + !h + !i + !!j + !k + !!l
                               ~^
conftest.c:94:28: warning: address of array 'b' will always evaluate to 'true' [-Wpointer-bool-conversion]
             return (!a + !b + !c + !d + !e + !f + !g + !h + !i + !!j + !k + !!l
                          ~^
conftest.c:94:23: warning: address of array 'a' will always evaluate to 'true' [-Wpointer-bool-conversion]
             return (!a + !b + !c + !d + !e + !f + !g + !h + !i + !!j + !k + !!l
                     ~^
12 warnings generated.
configure:13567: $? = 0
configure:13574: result: yes
configure:13576: checking for _Bool
configure:13576: gcc -c -Wall -Wmissing-prototypes -Wpointer-arith -Wdeclaration-after-statement -Werror=vla -Werror=unguarded-availability-new -Wendif-labels -Wmissing-format-attribute -Wcast-function-type -Wformat-security -fno-strict-aliasing -fwrapv -Wno-unused-command-line-argument -Wno-compound-token-split-by-macro -O2 -isysroot /Applications/Xcode.app/Contents/Developer/Platforms/MacOSX.platform/Developer/SDKs/MacOSX13.3.sdk   conftest.c >&5
configure:13576: $? = 0
configure:13576: gcc -c -Wall -Wmissing-prototypes -Wpointer-arith -Wdeclaration-after-statement -Werror=vla -Werror=unguarded-availability-new -Wendif-labels -Wmissing-format-attribute -Wcast-function-type -Wformat-security -fno-strict-aliasing -fwrapv -Wno-unused-command-line-argument -Wno-compound-token-split-by-macro -O2 -isysroot /Applications/Xcode.app/Contents/Developer/Platforms/MacOSX.platform/Developer/SDKs/MacOSX13.3.sdk   conftest.c >&5
conftest.c:77:20: error: expected expression
if (sizeof ((_Bool)))
                   ^
1 error generated.
configure:13576: $? = 1
configure: failed program was:
| /* confdefs.h */
| #define PACKAGE_NAME "PostgreSQL"
| #define PACKAGE_TARNAME "postgresql"
| #define PACKAGE_VERSION "14.2"
| #define PACKAGE_STRING "PostgreSQL 14.2"
| #define PACKAGE_BUGREPORT "pgsql-bugs@lists.postgresql.org"
| #define PACKAGE_URL "https://www.postgresql.org/"
| #define CONFIGURE_ARGS " '--prefix=/usr/local/pgsql142' 'PKG_CONFIG_PATH=:/opt/intel/sgxsdk/pkgconfig:/opt/intel/sgxsdk/pkgconfig'"
| #define PG_MAJORVERSION "14"
| #define PG_MAJORVERSION_NUM 14
| #define PG_MINORVERSION_NUM 2
| #define PG_VERSION "14.2"
| #define DEF_PGPORT 5432
| #define DEF_PGPORT_STR "5432"
| #define BLCKSZ 8192
| #define RELSEG_SIZE 131072
| #define XLOG_BLCKSZ 8192
| #define ENABLE_THREAD_SAFETY 1
| #define PG_KRB_SRVNAM "postgres"
| #define STDC_HEADERS 1
| #define HAVE_SYS_TYPES_H 1
| #define HAVE_SYS_STAT_H 1
| #define HAVE_STDLIB_H 1
| #define HAVE_STRING_H 1
| #define HAVE_MEMORY_H 1
| #define HAVE_STRINGS_H 1
| #define HAVE_INTTYPES_H 1
| #define HAVE_STDINT_H 1
| #define HAVE_UNISTD_H 1
| #define HAVE_PTHREAD_PRIO_INHERIT 1
| #define HAVE_PTHREAD 1
| #define HAVE_STRERROR_R 1
| #define HAVE_GETPWUID_R 1
| #define STRERROR_R_INT 1
| #define HAVE_LIBM 1
| #define HAVE_LIBREADLINE 1
| #define HAVE_LIBZ 1
| #define HAVE_SPINLOCKS 1
| #define HAVE_ATOMICS 1
| /* end confdefs.h.  */
| #include <stdio.h>
| #ifdef HAVE_SYS_TYPES_H
| # include <sys/types.h>
| #endif
| #ifdef HAVE_SYS_STAT_H
| # include <sys/stat.h>
| #endif
| #ifdef STDC_HEADERS
| # include <stdlib.h>
| # include <stddef.h>
| #else
| # ifdef HAVE_STDLIB_H
| #  include <stdlib.h>
| # endif
| #endif
| #ifdef HAVE_STRING_H
| # if !defined STDC_HEADERS && defined HAVE_MEMORY_H
| #  include <memory.h>
| # endif
| # include <string.h>
| #endif
| #ifdef HAVE_STRINGS_H
| # include <strings.h>
| #endif
| #ifdef HAVE_INTTYPES_H
| # include <inttypes.h>
| #endif
| #ifdef HAVE_STDINT_H
| # include <stdint.h>
| #endif
| #ifdef HAVE_UNISTD_H
| # include <unistd.h>
| #endif
| int
| main ()
| {
| if (sizeof ((_Bool)))
| 	    return 0;
|   ;
|   return 0;
| }
configure:13576: result: yes
configure:13597: checking atomic.h usability
configure:13597: gcc -c -Wall -Wmissing-prototypes -Wpointer-arith -Wdeclaration-after-statement -Werror=vla -Werror=unguarded-availability-new -Wendif-labels -Wmissing-format-attribute -Wcast-function-type -Wformat-security -fno-strict-aliasing -fwrapv -Wno-unused-command-line-argument -Wno-compound-token-split-by-macro -O2 -isysroot /Applications/Xcode.app/Contents/Developer/Platforms/MacOSX.platform/Developer/SDKs/MacOSX13.3.sdk   conftest.c >&5
conftest.c:76:10: fatal error: 'atomic.h' file not found
#include <atomic.h>
         ^~~~~~~~~~
1 error generated.
configure:13597: $? = 1
configure: failed program was:
| /* confdefs.h */
| #define PACKAGE_NAME "PostgreSQL"
| #define PACKAGE_TARNAME "postgresql"
| #define PACKAGE_VERSION "14.2"
| #define PACKAGE_STRING "PostgreSQL 14.2"
| #define PACKAGE_BUGREPORT "pgsql-bugs@lists.postgresql.org"
| #define PACKAGE_URL "https://www.postgresql.org/"
| #define CONFIGURE_ARGS " '--prefix=/usr/local/pgsql142' 'PKG_CONFIG_PATH=:/opt/intel/sgxsdk/pkgconfig:/opt/intel/sgxsdk/pkgconfig'"
| #define PG_MAJORVERSION "14"
| #define PG_MAJORVERSION_NUM 14
| #define PG_MINORVERSION_NUM 2
| #define PG_VERSION "14.2"
| #define DEF_PGPORT 5432
| #define DEF_PGPORT_STR "5432"
| #define BLCKSZ 8192
| #define RELSEG_SIZE 131072
| #define XLOG_BLCKSZ 8192
| #define ENABLE_THREAD_SAFETY 1
| #define PG_KRB_SRVNAM "postgres"
| #define STDC_HEADERS 1
| #define HAVE_SYS_TYPES_H 1
| #define HAVE_SYS_STAT_H 1
| #define HAVE_STDLIB_H 1
| #define HAVE_STRING_H 1
| #define HAVE_MEMORY_H 1
| #define HAVE_STRINGS_H 1
| #define HAVE_INTTYPES_H 1
| #define HAVE_STDINT_H 1
| #define HAVE_UNISTD_H 1
| #define HAVE_PTHREAD_PRIO_INHERIT 1
| #define HAVE_PTHREAD 1
| #define HAVE_STRERROR_R 1
| #define HAVE_GETPWUID_R 1
| #define STRERROR_R_INT 1
| #define HAVE_LIBM 1
| #define HAVE_LIBREADLINE 1
| #define HAVE_LIBZ 1
| #define HAVE_SPINLOCKS 1
| #define HAVE_ATOMICS 1
| #define HAVE__BOOL 1
| #define HAVE_STDBOOL_H 1
| /* end confdefs.h.  */
| #include <stdio.h>
| #ifdef HAVE_SYS_TYPES_H
| # include <sys/types.h>
| #endif
| #ifdef HAVE_SYS_STAT_H
| # include <sys/stat.h>
| #endif
| #ifdef STDC_HEADERS
| # include <stdlib.h>
| # include <stddef.h>
| #else
| # ifdef HAVE_STDLIB_H
| #  include <stdlib.h>
| # endif
| #endif
| #ifdef HAVE_STRING_H
| # if !defined STDC_HEADERS && defined HAVE_MEMORY_H
| #  include <memory.h>
| # endif
| # include <string.h>
| #endif
| #ifdef HAVE_STRINGS_H
| # include <strings.h>
| #endif
| #ifdef HAVE_INTTYPES_H
| # include <inttypes.h>
| #endif
| #ifdef HAVE_STDINT_H
| # include <stdint.h>
| #endif
| #ifdef HAVE_UNISTD_H
| # include <unistd.h>
| #endif
| #include <atomic.h>
configure:13597: result: no
configure:13597: checking atomic.h presence
configure:13597: gcc -E -isysroot /Applications/Xcode.app/Contents/Developer/Platforms/MacOSX.platform/Developer/SDKs/MacOSX13.3.sdk   conftest.c
conftest.c:43:10: fatal error: 'atomic.h' file not found
#include <atomic.h>
         ^~~~~~~~~~
1 error generated.
configure:13597: $? = 1
configure: failed program was:
| /* confdefs.h */
| #define PACKAGE_NAME "PostgreSQL"
| #define PACKAGE_TARNAME "postgresql"
| #define PACKAGE_VERSION "14.2"
| #define PACKAGE_STRING "PostgreSQL 14.2"
| #define PACKAGE_BUGREPORT "pgsql-bugs@lists.postgresql.org"
| #define PACKAGE_URL "https://www.postgresql.org/"
| #define CONFIGURE_ARGS " '--prefix=/usr/local/pgsql142' 'PKG_CONFIG_PATH=:/opt/intel/sgxsdk/pkgconfig:/opt/intel/sgxsdk/pkgconfig'"
| #define PG_MAJORVERSION "14"
| #define PG_MAJORVERSION_NUM 14
| #define PG_MINORVERSION_NUM 2
| #define PG_VERSION "14.2"
| #define DEF_PGPORT 5432
| #define DEF_PGPORT_STR "5432"
| #define BLCKSZ 8192
| #define RELSEG_SIZE 131072
| #define XLOG_BLCKSZ 8192
| #define ENABLE_THREAD_SAFETY 1
| #define PG_KRB_SRVNAM "postgres"
| #define STDC_HEADERS 1
| #define HAVE_SYS_TYPES_H 1
| #define HAVE_SYS_STAT_H 1
| #define HAVE_STDLIB_H 1
| #define HAVE_STRING_H 1
| #define HAVE_MEMORY_H 1
| #define HAVE_STRINGS_H 1
| #define HAVE_INTTYPES_H 1
| #define HAVE_STDINT_H 1
| #define HAVE_UNISTD_H 1
| #define HAVE_PTHREAD_PRIO_INHERIT 1
| #define HAVE_PTHREAD 1
| #define HAVE_STRERROR_R 1
| #define HAVE_GETPWUID_R 1
| #define STRERROR_R_INT 1
| #define HAVE_LIBM 1
| #define HAVE_LIBREADLINE 1
| #define HAVE_LIBZ 1
| #define HAVE_SPINLOCKS 1
| #define HAVE_ATOMICS 1
| #define HAVE__BOOL 1
| #define HAVE_STDBOOL_H 1
| /* end confdefs.h.  */
| #include <atomic.h>
configure:13597: result: no
configure:13597: checking for atomic.h
configure:13597: result: no
configure:13597: checking copyfile.h usability
configure:13597: gcc -c -Wall -Wmissing-prototypes -Wpointer-arith -Wdeclaration-after-statement -Werror=vla -Werror=unguarded-availability-new -Wendif-labels -Wmissing-format-attribute -Wcast-function-type -Wformat-security -fno-strict-aliasing -fwrapv -Wno-unused-command-line-argument -Wno-compound-token-split-by-macro -O2 -isysroot /Applications/Xcode.app/Contents/Developer/Platforms/MacOSX.platform/Developer/SDKs/MacOSX13.3.sdk   conftest.c >&5
configure:13597: $? = 0
configure:13597: result: yes
configure:13597: checking copyfile.h presence
configure:13597: gcc -E -isysroot /Applications/Xcode.app/Contents/Developer/Platforms/MacOSX.platform/Developer/SDKs/MacOSX13.3.sdk   conftest.c
configure:13597: $? = 0
configure:13597: result: yes
configure:13597: checking for copyfile.h
configure:13597: result: yes
configure:13597: checking execinfo.h usability
configure:13597: gcc -c -Wall -Wmissing-prototypes -Wpointer-arith -Wdeclaration-after-statement -Werror=vla -Werror=unguarded-availability-new -Wendif-labels -Wmissing-format-attribute -Wcast-function-type -Wformat-security -fno-strict-aliasing -fwrapv -Wno-unused-command-line-argument -Wno-compound-token-split-by-macro -O2 -isysroot /Applications/Xcode.app/Contents/Developer/Platforms/MacOSX.platform/Developer/SDKs/MacOSX13.3.sdk   conftest.c >&5
configure:13597: $? = 0
configure:13597: result: yes
configure:13597: checking execinfo.h presence
configure:13597: gcc -E -isysroot /Applications/Xcode.app/Contents/Developer/Platforms/MacOSX.platform/Developer/SDKs/MacOSX13.3.sdk   conftest.c
configure:13597: $? = 0
configure:13597: result: yes
configure:13597: checking for execinfo.h
configure:13597: result: yes
configure:13597: checking getopt.h usability
configure:13597: gcc -c -Wall -Wmissing-prototypes -Wpointer-arith -Wdeclaration-after-statement -Werror=vla -Werror=unguarded-availability-new -Wendif-labels -Wmissing-format-attribute -Wcast-function-type -Wformat-security -fno-strict-aliasing -fwrapv -Wno-unused-command-line-argument -Wno-compound-token-split-by-macro -O2 -isysroot /Applications/Xcode.app/Contents/Developer/Platforms/MacOSX.platform/Developer/SDKs/MacOSX13.3.sdk   conftest.c >&5
configure:13597: $? = 0
configure:13597: result: yes
configure:13597: checking getopt.h presence
configure:13597: gcc -E -isysroot /Applications/Xcode.app/Contents/Developer/Platforms/MacOSX.platform/Developer/SDKs/MacOSX13.3.sdk   conftest.c
configure:13597: $? = 0
configure:13597: result: yes
configure:13597: checking for getopt.h
configure:13597: result: yes
configure:13597: checking ifaddrs.h usability
configure:13597: gcc -c -Wall -Wmissing-prototypes -Wpointer-arith -Wdeclaration-after-statement -Werror=vla -Werror=unguarded-availability-new -Wendif-labels -Wmissing-format-attribute -Wcast-function-type -Wformat-security -fno-strict-aliasing -fwrapv -Wno-unused-command-line-argument -Wno-compound-token-split-by-macro -O2 -isysroot /Applications/Xcode.app/Contents/Developer/Platforms/MacOSX.platform/Developer/SDKs/MacOSX13.3.sdk   conftest.c >&5
configure:13597: $? = 0
configure:13597: result: yes
configure:13597: checking ifaddrs.h presence
configure:13597: gcc -E -isysroot /Applications/Xcode.app/Contents/Developer/Platforms/MacOSX.platform/Developer/SDKs/MacOSX13.3.sdk   conftest.c
configure:13597: $? = 0
configure:13597: result: yes
configure:13597: checking for ifaddrs.h
configure:13597: result: yes
configure:13597: checking langinfo.h usability
configure:13597: gcc -c -Wall -Wmissing-prototypes -Wpointer-arith -Wdeclaration-after-statement -Werror=vla -Werror=unguarded-availability-new -Wendif-labels -Wmissing-format-attribute -Wcast-function-type -Wformat-security -fno-strict-aliasing -fwrapv -Wno-unused-command-line-argument -Wno-compound-token-split-by-macro -O2 -isysroot /Applications/Xcode.app/Contents/Developer/Platforms/MacOSX.platform/Developer/SDKs/MacOSX13.3.sdk   conftest.c >&5
configure:13597: $? = 0
configure:13597: result: yes
configure:13597: checking langinfo.h presence
configure:13597: gcc -E -isysroot /Applications/Xcode.app/Contents/Developer/Platforms/MacOSX.platform/Developer/SDKs/MacOSX13.3.sdk   conftest.c
configure:13597: $? = 0
configure:13597: result: yes
configure:13597: checking for langinfo.h
configure:13597: result: yes
configure:13597: checking mbarrier.h usability
configure:13597: gcc -c -Wall -Wmissing-prototypes -Wpointer-arith -Wdeclaration-after-statement -Werror=vla -Werror=unguarded-availability-new -Wendif-labels -Wmissing-format-attribute -Wcast-function-type -Wformat-security -fno-strict-aliasing -fwrapv -Wno-unused-command-line-argument -Wno-compound-token-split-by-macro -O2 -isysroot /Applications/Xcode.app/Contents/Developer/Platforms/MacOSX.platform/Developer/SDKs/MacOSX13.3.sdk   conftest.c >&5
conftest.c:81:10: fatal error: 'mbarrier.h' file not found
#include <mbarrier.h>
         ^~~~~~~~~~~~
1 error generated.
configure:13597: $? = 1
configure: failed program was:
| /* confdefs.h */
| #define PACKAGE_NAME "PostgreSQL"
| #define PACKAGE_TARNAME "postgresql"
| #define PACKAGE_VERSION "14.2"
| #define PACKAGE_STRING "PostgreSQL 14.2"
| #define PACKAGE_BUGREPORT "pgsql-bugs@lists.postgresql.org"
| #define PACKAGE_URL "https://www.postgresql.org/"
| #define CONFIGURE_ARGS " '--prefix=/usr/local/pgsql142' 'PKG_CONFIG_PATH=:/opt/intel/sgxsdk/pkgconfig:/opt/intel/sgxsdk/pkgconfig'"
| #define PG_MAJORVERSION "14"
| #define PG_MAJORVERSION_NUM 14
| #define PG_MINORVERSION_NUM 2
| #define PG_VERSION "14.2"
| #define DEF_PGPORT 5432
| #define DEF_PGPORT_STR "5432"
| #define BLCKSZ 8192
| #define RELSEG_SIZE 131072
| #define XLOG_BLCKSZ 8192
| #define ENABLE_THREAD_SAFETY 1
| #define PG_KRB_SRVNAM "postgres"
| #define STDC_HEADERS 1
| #define HAVE_SYS_TYPES_H 1
| #define HAVE_SYS_STAT_H 1
| #define HAVE_STDLIB_H 1
| #define HAVE_STRING_H 1
| #define HAVE_MEMORY_H 1
| #define HAVE_STRINGS_H 1
| #define HAVE_INTTYPES_H 1
| #define HAVE_STDINT_H 1
| #define HAVE_UNISTD_H 1
| #define HAVE_PTHREAD_PRIO_INHERIT 1
| #define HAVE_PTHREAD 1
| #define HAVE_STRERROR_R 1
| #define HAVE_GETPWUID_R 1
| #define STRERROR_R_INT 1
| #define HAVE_LIBM 1
| #define HAVE_LIBREADLINE 1
| #define HAVE_LIBZ 1
| #define HAVE_SPINLOCKS 1
| #define HAVE_ATOMICS 1
| #define HAVE__BOOL 1
| #define HAVE_STDBOOL_H 1
| #define HAVE_COPYFILE_H 1
| #define HAVE_EXECINFO_H 1
| #define HAVE_GETOPT_H 1
| #define HAVE_IFADDRS_H 1
| #define HAVE_LANGINFO_H 1
| /* end confdefs.h.  */
| #include <stdio.h>
| #ifdef HAVE_SYS_TYPES_H
| # include <sys/types.h>
| #endif
| #ifdef HAVE_SYS_STAT_H
| # include <sys/stat.h>
| #endif
| #ifdef STDC_HEADERS
| # include <stdlib.h>
| # include <stddef.h>
| #else
| # ifdef HAVE_STDLIB_H
| #  include <stdlib.h>
| # endif
| #endif
| #ifdef HAVE_STRING_H
| # if !defined STDC_HEADERS && defined HAVE_MEMORY_H
| #  include <memory.h>
| # endif
| # include <string.h>
| #endif
| #ifdef HAVE_STRINGS_H
| # include <strings.h>
| #endif
| #ifdef HAVE_INTTYPES_H
| # include <inttypes.h>
| #endif
| #ifdef HAVE_STDINT_H
| # include <stdint.h>
| #endif
| #ifdef HAVE_UNISTD_H
| # include <unistd.h>
| #endif
| #include <mbarrier.h>
configure:13597: result: no
configure:13597: checking mbarrier.h presence
configure:13597: gcc -E -isysroot /Applications/Xcode.app/Contents/Developer/Platforms/MacOSX.platform/Developer/SDKs/MacOSX13.3.sdk   conftest.c
conftest.c:48:10: fatal error: 'mbarrier.h' file not found
#include <mbarrier.h>
         ^~~~~~~~~~~~
1 error generated.
configure:13597: $? = 1
configure: failed program was:
| /* confdefs.h */
| #define PACKAGE_NAME "PostgreSQL"
| #define PACKAGE_TARNAME "postgresql"
| #define PACKAGE_VERSION "14.2"
| #define PACKAGE_STRING "PostgreSQL 14.2"
| #define PACKAGE_BUGREPORT "pgsql-bugs@lists.postgresql.org"
| #define PACKAGE_URL "https://www.postgresql.org/"
| #define CONFIGURE_ARGS " '--prefix=/usr/local/pgsql142' 'PKG_CONFIG_PATH=:/opt/intel/sgxsdk/pkgconfig:/opt/intel/sgxsdk/pkgconfig'"
| #define PG_MAJORVERSION "14"
| #define PG_MAJORVERSION_NUM 14
| #define PG_MINORVERSION_NUM 2
| #define PG_VERSION "14.2"
| #define DEF_PGPORT 5432
| #define DEF_PGPORT_STR "5432"
| #define BLCKSZ 8192
| #define RELSEG_SIZE 131072
| #define XLOG_BLCKSZ 8192
| #define ENABLE_THREAD_SAFETY 1
| #define PG_KRB_SRVNAM "postgres"
| #define STDC_HEADERS 1
| #define HAVE_SYS_TYPES_H 1
| #define HAVE_SYS_STAT_H 1
| #define HAVE_STDLIB_H 1
| #define HAVE_STRING_H 1
| #define HAVE_MEMORY_H 1
| #define HAVE_STRINGS_H 1
| #define HAVE_INTTYPES_H 1
| #define HAVE_STDINT_H 1
| #define HAVE_UNISTD_H 1
| #define HAVE_PTHREAD_PRIO_INHERIT 1
| #define HAVE_PTHREAD 1
| #define HAVE_STRERROR_R 1
| #define HAVE_GETPWUID_R 1
| #define STRERROR_R_INT 1
| #define HAVE_LIBM 1
| #define HAVE_LIBREADLINE 1
| #define HAVE_LIBZ 1
| #define HAVE_SPINLOCKS 1
| #define HAVE_ATOMICS 1
| #define HAVE__BOOL 1
| #define HAVE_STDBOOL_H 1
| #define HAVE_COPYFILE_H 1
| #define HAVE_EXECINFO_H 1
| #define HAVE_GETOPT_H 1
| #define HAVE_IFADDRS_H 1
| #define HAVE_LANGINFO_H 1
| /* end confdefs.h.  */
| #include <mbarrier.h>
configure:13597: result: no
configure:13597: checking for mbarrier.h
configure:13597: result: no
configure:13597: checking poll.h usability
configure:13597: gcc -c -Wall -Wmissing-prototypes -Wpointer-arith -Wdeclaration-after-statement -Werror=vla -Werror=unguarded-availability-new -Wendif-labels -Wmissing-format-attribute -Wcast-function-type -Wformat-security -fno-strict-aliasing -fwrapv -Wno-unused-command-line-argument -Wno-compound-token-split-by-macro -O2 -isysroot /Applications/Xcode.app/Contents/Developer/Platforms/MacOSX.platform/Developer/SDKs/MacOSX13.3.sdk   conftest.c >&5
configure:13597: $? = 0
configure:13597: result: yes
configure:13597: checking poll.h presence
configure:13597: gcc -E -isysroot /Applications/Xcode.app/Contents/Developer/Platforms/MacOSX.platform/Developer/SDKs/MacOSX13.3.sdk   conftest.c
configure:13597: $? = 0
configure:13597: result: yes
configure:13597: checking for poll.h
configure:13597: result: yes
configure:13597: checking sys/epoll.h usability
configure:13597: gcc -c -Wall -Wmissing-prototypes -Wpointer-arith -Wdeclaration-after-statement -Werror=vla -Werror=unguarded-availability-new -Wendif-labels -Wmissing-format-attribute -Wcast-function-type -Wformat-security -fno-strict-aliasing -fwrapv -Wno-unused-command-line-argument -Wno-compound-token-split-by-macro -O2 -isysroot /Applications/Xcode.app/Contents/Developer/Platforms/MacOSX.platform/Developer/SDKs/MacOSX13.3.sdk   conftest.c >&5
conftest.c:82:10: fatal error: 'sys/epoll.h' file not found
#include <sys/epoll.h>
         ^~~~~~~~~~~~~
1 error generated.
configure:13597: $? = 1
configure: failed program was:
| /* confdefs.h */
| #define PACKAGE_NAME "PostgreSQL"
| #define PACKAGE_TARNAME "postgresql"
| #define PACKAGE_VERSION "14.2"
| #define PACKAGE_STRING "PostgreSQL 14.2"
| #define PACKAGE_BUGREPORT "pgsql-bugs@lists.postgresql.org"
| #define PACKAGE_URL "https://www.postgresql.org/"
| #define CONFIGURE_ARGS " '--prefix=/usr/local/pgsql142' 'PKG_CONFIG_PATH=:/opt/intel/sgxsdk/pkgconfig:/opt/intel/sgxsdk/pkgconfig'"
| #define PG_MAJORVERSION "14"
| #define PG_MAJORVERSION_NUM 14
| #define PG_MINORVERSION_NUM 2
| #define PG_VERSION "14.2"
| #define DEF_PGPORT 5432
| #define DEF_PGPORT_STR "5432"
| #define BLCKSZ 8192
| #define RELSEG_SIZE 131072
| #define XLOG_BLCKSZ 8192
| #define ENABLE_THREAD_SAFETY 1
| #define PG_KRB_SRVNAM "postgres"
| #define STDC_HEADERS 1
| #define HAVE_SYS_TYPES_H 1
| #define HAVE_SYS_STAT_H 1
| #define HAVE_STDLIB_H 1
| #define HAVE_STRING_H 1
| #define HAVE_MEMORY_H 1
| #define HAVE_STRINGS_H 1
| #define HAVE_INTTYPES_H 1
| #define HAVE_STDINT_H 1
| #define HAVE_UNISTD_H 1
| #define HAVE_PTHREAD_PRIO_INHERIT 1
| #define HAVE_PTHREAD 1
| #define HAVE_STRERROR_R 1
| #define HAVE_GETPWUID_R 1
| #define STRERROR_R_INT 1
| #define HAVE_LIBM 1
| #define HAVE_LIBREADLINE 1
| #define HAVE_LIBZ 1
| #define HAVE_SPINLOCKS 1
| #define HAVE_ATOMICS 1
| #define HAVE__BOOL 1
| #define HAVE_STDBOOL_H 1
| #define HAVE_COPYFILE_H 1
| #define HAVE_EXECINFO_H 1
| #define HAVE_GETOPT_H 1
| #define HAVE_IFADDRS_H 1
| #define HAVE_LANGINFO_H 1
| #define HAVE_POLL_H 1
| /* end confdefs.h.  */
| #include <stdio.h>
| #ifdef HAVE_SYS_TYPES_H
| # include <sys/types.h>
| #endif
| #ifdef HAVE_SYS_STAT_H
| # include <sys/stat.h>
| #endif
| #ifdef STDC_HEADERS
| # include <stdlib.h>
| # include <stddef.h>
| #else
| # ifdef HAVE_STDLIB_H
| #  include <stdlib.h>
| # endif
| #endif
| #ifdef HAVE_STRING_H
| # if !defined STDC_HEADERS && defined HAVE_MEMORY_H
| #  include <memory.h>
| # endif
| # include <string.h>
| #endif
| #ifdef HAVE_STRINGS_H
| # include <strings.h>
| #endif
| #ifdef HAVE_INTTYPES_H
| # include <inttypes.h>
| #endif
| #ifdef HAVE_STDINT_H
| # include <stdint.h>
| #endif
| #ifdef HAVE_UNISTD_H
| # include <unistd.h>
| #endif
| #include <sys/epoll.h>
configure:13597: result: no
configure:13597: checking sys/epoll.h presence
configure:13597: gcc -E -isysroot /Applications/Xcode.app/Contents/Developer/Platforms/MacOSX.platform/Developer/SDKs/MacOSX13.3.sdk   conftest.c
conftest.c:49:10: fatal error: 'sys/epoll.h' file not found
#include <sys/epoll.h>
         ^~~~~~~~~~~~~
1 error generated.
configure:13597: $? = 1
configure: failed program was:
| /* confdefs.h */
| #define PACKAGE_NAME "PostgreSQL"
| #define PACKAGE_TARNAME "postgresql"
| #define PACKAGE_VERSION "14.2"
| #define PACKAGE_STRING "PostgreSQL 14.2"
| #define PACKAGE_BUGREPORT "pgsql-bugs@lists.postgresql.org"
| #define PACKAGE_URL "https://www.postgresql.org/"
| #define CONFIGURE_ARGS " '--prefix=/usr/local/pgsql142' 'PKG_CONFIG_PATH=:/opt/intel/sgxsdk/pkgconfig:/opt/intel/sgxsdk/pkgconfig'"
| #define PG_MAJORVERSION "14"
| #define PG_MAJORVERSION_NUM 14
| #define PG_MINORVERSION_NUM 2
| #define PG_VERSION "14.2"
| #define DEF_PGPORT 5432
| #define DEF_PGPORT_STR "5432"
| #define BLCKSZ 8192
| #define RELSEG_SIZE 131072
| #define XLOG_BLCKSZ 8192
| #define ENABLE_THREAD_SAFETY 1
| #define PG_KRB_SRVNAM "postgres"
| #define STDC_HEADERS 1
| #define HAVE_SYS_TYPES_H 1
| #define HAVE_SYS_STAT_H 1
| #define HAVE_STDLIB_H 1
| #define HAVE_STRING_H 1
| #define HAVE_MEMORY_H 1
| #define HAVE_STRINGS_H 1
| #define HAVE_INTTYPES_H 1
| #define HAVE_STDINT_H 1
| #define HAVE_UNISTD_H 1
| #define HAVE_PTHREAD_PRIO_INHERIT 1
| #define HAVE_PTHREAD 1
| #define HAVE_STRERROR_R 1
| #define HAVE_GETPWUID_R 1
| #define STRERROR_R_INT 1
| #define HAVE_LIBM 1
| #define HAVE_LIBREADLINE 1
| #define HAVE_LIBZ 1
| #define HAVE_SPINLOCKS 1
| #define HAVE_ATOMICS 1
| #define HAVE__BOOL 1
| #define HAVE_STDBOOL_H 1
| #define HAVE_COPYFILE_H 1
| #define HAVE_EXECINFO_H 1
| #define HAVE_GETOPT_H 1
| #define HAVE_IFADDRS_H 1
| #define HAVE_LANGINFO_H 1
| #define HAVE_POLL_H 1
| /* end confdefs.h.  */
| #include <sys/epoll.h>
configure:13597: result: no
configure:13597: checking for sys/epoll.h
configure:13597: result: no
configure:13597: checking sys/event.h usability
configure:13597: gcc -c -Wall -Wmissing-prototypes -Wpointer-arith -Wdeclaration-after-statement -Werror=vla -Werror=unguarded-availability-new -Wendif-labels -Wmissing-format-attribute -Wcast-function-type -Wformat-security -fno-strict-aliasing -fwrapv -Wno-unused-command-line-argument -Wno-compound-token-split-by-macro -O2 -isysroot /Applications/Xcode.app/Contents/Developer/Platforms/MacOSX.platform/Developer/SDKs/MacOSX13.3.sdk   conftest.c >&5
configure:13597: $? = 0
configure:13597: result: yes
configure:13597: checking sys/event.h presence
configure:13597: gcc -E -isysroot /Applications/Xcode.app/Contents/Developer/Platforms/MacOSX.platform/Developer/SDKs/MacOSX13.3.sdk   conftest.c
configure:13597: $? = 0
configure:13597: result: yes
configure:13597: checking for sys/event.h
configure:13597: result: yes
configure:13597: checking sys/ipc.h usability
configure:13597: gcc -c -Wall -Wmissing-prototypes -Wpointer-arith -Wdeclaration-after-statement -Werror=vla -Werror=unguarded-availability-new -Wendif-labels -Wmissing-format-attribute -Wcast-function-type -Wformat-security -fno-strict-aliasing -fwrapv -Wno-unused-command-line-argument -Wno-compound-token-split-by-macro -O2 -isysroot /Applications/Xcode.app/Contents/Developer/Platforms/MacOSX.platform/Developer/SDKs/MacOSX13.3.sdk   conftest.c >&5
configure:13597: $? = 0
configure:13597: result: yes
configure:13597: checking sys/ipc.h presence
configure:13597: gcc -E -isysroot /Applications/Xcode.app/Contents/Developer/Platforms/MacOSX.platform/Developer/SDKs/MacOSX13.3.sdk   conftest.c
configure:13597: $? = 0
configure:13597: result: yes
configure:13597: checking for sys/ipc.h
configure:13597: result: yes
configure:13597: checking sys/prctl.h usability
configure:13597: gcc -c -Wall -Wmissing-prototypes -Wpointer-arith -Wdeclaration-after-statement -Werror=vla -Werror=unguarded-availability-new -Wendif-labels -Wmissing-format-attribute -Wcast-function-type -Wformat-security -fno-strict-aliasing -fwrapv -Wno-unused-command-line-argument -Wno-compound-token-split-by-macro -O2 -isysroot /Applications/Xcode.app/Contents/Developer/Platforms/MacOSX.platform/Developer/SDKs/MacOSX13.3.sdk   conftest.c >&5
conftest.c:84:10: fatal error: 'sys/prctl.h' file not found
#include <sys/prctl.h>
         ^~~~~~~~~~~~~
1 error generated.
configure:13597: $? = 1
configure: failed program was:
| /* confdefs.h */
| #define PACKAGE_NAME "PostgreSQL"
| #define PACKAGE_TARNAME "postgresql"
| #define PACKAGE_VERSION "14.2"
| #define PACKAGE_STRING "PostgreSQL 14.2"
| #define PACKAGE_BUGREPORT "pgsql-bugs@lists.postgresql.org"
| #define PACKAGE_URL "https://www.postgresql.org/"
| #define CONFIGURE_ARGS " '--prefix=/usr/local/pgsql142' 'PKG_CONFIG_PATH=:/opt/intel/sgxsdk/pkgconfig:/opt/intel/sgxsdk/pkgconfig'"
| #define PG_MAJORVERSION "14"
| #define PG_MAJORVERSION_NUM 14
| #define PG_MINORVERSION_NUM 2
| #define PG_VERSION "14.2"
| #define DEF_PGPORT 5432
| #define DEF_PGPORT_STR "5432"
| #define BLCKSZ 8192
| #define RELSEG_SIZE 131072
| #define XLOG_BLCKSZ 8192
| #define ENABLE_THREAD_SAFETY 1
| #define PG_KRB_SRVNAM "postgres"
| #define STDC_HEADERS 1
| #define HAVE_SYS_TYPES_H 1
| #define HAVE_SYS_STAT_H 1
| #define HAVE_STDLIB_H 1
| #define HAVE_STRING_H 1
| #define HAVE_MEMORY_H 1
| #define HAVE_STRINGS_H 1
| #define HAVE_INTTYPES_H 1
| #define HAVE_STDINT_H 1
| #define HAVE_UNISTD_H 1
| #define HAVE_PTHREAD_PRIO_INHERIT 1
| #define HAVE_PTHREAD 1
| #define HAVE_STRERROR_R 1
| #define HAVE_GETPWUID_R 1
| #define STRERROR_R_INT 1
| #define HAVE_LIBM 1
| #define HAVE_LIBREADLINE 1
| #define HAVE_LIBZ 1
| #define HAVE_SPINLOCKS 1
| #define HAVE_ATOMICS 1
| #define HAVE__BOOL 1
| #define HAVE_STDBOOL_H 1
| #define HAVE_COPYFILE_H 1
| #define HAVE_EXECINFO_H 1
| #define HAVE_GETOPT_H 1
| #define HAVE_IFADDRS_H 1
| #define HAVE_LANGINFO_H 1
| #define HAVE_POLL_H 1
| #define HAVE_SYS_EVENT_H 1
| #define HAVE_SYS_IPC_H 1
| /* end confdefs.h.  */
| #include <stdio.h>
| #ifdef HAVE_SYS_TYPES_H
| # include <sys/types.h>
| #endif
| #ifdef HAVE_SYS_STAT_H
| # include <sys/stat.h>
| #endif
| #ifdef STDC_HEADERS
| # include <stdlib.h>
| # include <stddef.h>
| #else
| # ifdef HAVE_STDLIB_H
| #  include <stdlib.h>
| # endif
| #endif
| #ifdef HAVE_STRING_H
| # if !defined STDC_HEADERS && defined HAVE_MEMORY_H
| #  include <memory.h>
| # endif
| # include <string.h>
| #endif
| #ifdef HAVE_STRINGS_H
| # include <strings.h>
| #endif
| #ifdef HAVE_INTTYPES_H
| # include <inttypes.h>
| #endif
| #ifdef HAVE_STDINT_H
| # include <stdint.h>
| #endif
| #ifdef HAVE_UNISTD_H
| # include <unistd.h>
| #endif
| #include <sys/prctl.h>
configure:13597: result: no
configure:13597: checking sys/prctl.h presence
configure:13597: gcc -E -isysroot /Applications/Xcode.app/Contents/Developer/Platforms/MacOSX.platform/Developer/SDKs/MacOSX13.3.sdk   conftest.c
conftest.c:51:10: fatal error: 'sys/prctl.h' file not found
#include <sys/prctl.h>
         ^~~~~~~~~~~~~
1 error generated.
configure:13597: $? = 1
configure: failed program was:
| /* confdefs.h */
| #define PACKAGE_NAME "PostgreSQL"
| #define PACKAGE_TARNAME "postgresql"
| #define PACKAGE_VERSION "14.2"
| #define PACKAGE_STRING "PostgreSQL 14.2"
| #define PACKAGE_BUGREPORT "pgsql-bugs@lists.postgresql.org"
| #define PACKAGE_URL "https://www.postgresql.org/"
| #define CONFIGURE_ARGS " '--prefix=/usr/local/pgsql142' 'PKG_CONFIG_PATH=:/opt/intel/sgxsdk/pkgconfig:/opt/intel/sgxsdk/pkgconfig'"
| #define PG_MAJORVERSION "14"
| #define PG_MAJORVERSION_NUM 14
| #define PG_MINORVERSION_NUM 2
| #define PG_VERSION "14.2"
| #define DEF_PGPORT 5432
| #define DEF_PGPORT_STR "5432"
| #define BLCKSZ 8192
| #define RELSEG_SIZE 131072
| #define XLOG_BLCKSZ 8192
| #define ENABLE_THREAD_SAFETY 1
| #define PG_KRB_SRVNAM "postgres"
| #define STDC_HEADERS 1
| #define HAVE_SYS_TYPES_H 1
| #define HAVE_SYS_STAT_H 1
| #define HAVE_STDLIB_H 1
| #define HAVE_STRING_H 1
| #define HAVE_MEMORY_H 1
| #define HAVE_STRINGS_H 1
| #define HAVE_INTTYPES_H 1
| #define HAVE_STDINT_H 1
| #define HAVE_UNISTD_H 1
| #define HAVE_PTHREAD_PRIO_INHERIT 1
| #define HAVE_PTHREAD 1
| #define HAVE_STRERROR_R 1
| #define HAVE_GETPWUID_R 1
| #define STRERROR_R_INT 1
| #define HAVE_LIBM 1
| #define HAVE_LIBREADLINE 1
| #define HAVE_LIBZ 1
| #define HAVE_SPINLOCKS 1
| #define HAVE_ATOMICS 1
| #define HAVE__BOOL 1
| #define HAVE_STDBOOL_H 1
| #define HAVE_COPYFILE_H 1
| #define HAVE_EXECINFO_H 1
| #define HAVE_GETOPT_H 1
| #define HAVE_IFADDRS_H 1
| #define HAVE_LANGINFO_H 1
| #define HAVE_POLL_H 1
| #define HAVE_SYS_EVENT_H 1
| #define HAVE_SYS_IPC_H 1
| /* end confdefs.h.  */
| #include <sys/prctl.h>
configure:13597: result: no
configure:13597: checking for sys/prctl.h
configure:13597: result: no
configure:13597: checking sys/procctl.h usability
configure:13597: gcc -c -Wall -Wmissing-prototypes -Wpointer-arith -Wdeclaration-after-statement -Werror=vla -Werror=unguarded-availability-new -Wendif-labels -Wmissing-format-attribute -Wcast-function-type -Wformat-security -fno-strict-aliasing -fwrapv -Wno-unused-command-line-argument -Wno-compound-token-split-by-macro -O2 -isysroot /Applications/Xcode.app/Contents/Developer/Platforms/MacOSX.platform/Developer/SDKs/MacOSX13.3.sdk   conftest.c >&5
conftest.c:84:10: fatal error: 'sys/procctl.h' file not found
#include <sys/procctl.h>
         ^~~~~~~~~~~~~~~
1 error generated.
configure:13597: $? = 1
configure: failed program was:
| /* confdefs.h */
| #define PACKAGE_NAME "PostgreSQL"
| #define PACKAGE_TARNAME "postgresql"
| #define PACKAGE_VERSION "14.2"
| #define PACKAGE_STRING "PostgreSQL 14.2"
| #define PACKAGE_BUGREPORT "pgsql-bugs@lists.postgresql.org"
| #define PACKAGE_URL "https://www.postgresql.org/"
| #define CONFIGURE_ARGS " '--prefix=/usr/local/pgsql142' 'PKG_CONFIG_PATH=:/opt/intel/sgxsdk/pkgconfig:/opt/intel/sgxsdk/pkgconfig'"
| #define PG_MAJORVERSION "14"
| #define PG_MAJORVERSION_NUM 14
| #define PG_MINORVERSION_NUM 2
| #define PG_VERSION "14.2"
| #define DEF_PGPORT 5432
| #define DEF_PGPORT_STR "5432"
| #define BLCKSZ 8192
| #define RELSEG_SIZE 131072
| #define XLOG_BLCKSZ 8192
| #define ENABLE_THREAD_SAFETY 1
| #define PG_KRB_SRVNAM "postgres"
| #define STDC_HEADERS 1
| #define HAVE_SYS_TYPES_H 1
| #define HAVE_SYS_STAT_H 1
| #define HAVE_STDLIB_H 1
| #define HAVE_STRING_H 1
| #define HAVE_MEMORY_H 1
| #define HAVE_STRINGS_H 1
| #define HAVE_INTTYPES_H 1
| #define HAVE_STDINT_H 1
| #define HAVE_UNISTD_H 1
| #define HAVE_PTHREAD_PRIO_INHERIT 1
| #define HAVE_PTHREAD 1
| #define HAVE_STRERROR_R 1
| #define HAVE_GETPWUID_R 1
| #define STRERROR_R_INT 1
| #define HAVE_LIBM 1
| #define HAVE_LIBREADLINE 1
| #define HAVE_LIBZ 1
| #define HAVE_SPINLOCKS 1
| #define HAVE_ATOMICS 1
| #define HAVE__BOOL 1
| #define HAVE_STDBOOL_H 1
| #define HAVE_COPYFILE_H 1
| #define HAVE_EXECINFO_H 1
| #define HAVE_GETOPT_H 1
| #define HAVE_IFADDRS_H 1
| #define HAVE_LANGINFO_H 1
| #define HAVE_POLL_H 1
| #define HAVE_SYS_EVENT_H 1
| #define HAVE_SYS_IPC_H 1
| /* end confdefs.h.  */
| #include <stdio.h>
| #ifdef HAVE_SYS_TYPES_H
| # include <sys/types.h>
| #endif
| #ifdef HAVE_SYS_STAT_H
| # include <sys/stat.h>
| #endif
| #ifdef STDC_HEADERS
| # include <stdlib.h>
| # include <stddef.h>
| #else
| # ifdef HAVE_STDLIB_H
| #  include <stdlib.h>
| # endif
| #endif
| #ifdef HAVE_STRING_H
| # if !defined STDC_HEADERS && defined HAVE_MEMORY_H
| #  include <memory.h>
| # endif
| # include <string.h>
| #endif
| #ifdef HAVE_STRINGS_H
| # include <strings.h>
| #endif
| #ifdef HAVE_INTTYPES_H
| # include <inttypes.h>
| #endif
| #ifdef HAVE_STDINT_H
| # include <stdint.h>
| #endif
| #ifdef HAVE_UNISTD_H
| # include <unistd.h>
| #endif
| #include <sys/procctl.h>
configure:13597: result: no
configure:13597: checking sys/procctl.h presence
configure:13597: gcc -E -isysroot /Applications/Xcode.app/Contents/Developer/Platforms/MacOSX.platform/Developer/SDKs/MacOSX13.3.sdk   conftest.c
conftest.c:51:10: fatal error: 'sys/procctl.h' file not found
#include <sys/procctl.h>
         ^~~~~~~~~~~~~~~
1 error generated.
configure:13597: $? = 1
configure: failed program was:
| /* confdefs.h */
| #define PACKAGE_NAME "PostgreSQL"
| #define PACKAGE_TARNAME "postgresql"
| #define PACKAGE_VERSION "14.2"
| #define PACKAGE_STRING "PostgreSQL 14.2"
| #define PACKAGE_BUGREPORT "pgsql-bugs@lists.postgresql.org"
| #define PACKAGE_URL "https://www.postgresql.org/"
| #define CONFIGURE_ARGS " '--prefix=/usr/local/pgsql142' 'PKG_CONFIG_PATH=:/opt/intel/sgxsdk/pkgconfig:/opt/intel/sgxsdk/pkgconfig'"
| #define PG_MAJORVERSION "14"
| #define PG_MAJORVERSION_NUM 14
| #define PG_MINORVERSION_NUM 2
| #define PG_VERSION "14.2"
| #define DEF_PGPORT 5432
| #define DEF_PGPORT_STR "5432"
| #define BLCKSZ 8192
| #define RELSEG_SIZE 131072
| #define XLOG_BLCKSZ 8192
| #define ENABLE_THREAD_SAFETY 1
| #define PG_KRB_SRVNAM "postgres"
| #define STDC_HEADERS 1
| #define HAVE_SYS_TYPES_H 1
| #define HAVE_SYS_STAT_H 1
| #define HAVE_STDLIB_H 1
| #define HAVE_STRING_H 1
| #define HAVE_MEMORY_H 1
| #define HAVE_STRINGS_H 1
| #define HAVE_INTTYPES_H 1
| #define HAVE_STDINT_H 1
| #define HAVE_UNISTD_H 1
| #define HAVE_PTHREAD_PRIO_INHERIT 1
| #define HAVE_PTHREAD 1
| #define HAVE_STRERROR_R 1
| #define HAVE_GETPWUID_R 1
| #define STRERROR_R_INT 1
| #define HAVE_LIBM 1
| #define HAVE_LIBREADLINE 1
| #define HAVE_LIBZ 1
| #define HAVE_SPINLOCKS 1
| #define HAVE_ATOMICS 1
| #define HAVE__BOOL 1
| #define HAVE_STDBOOL_H 1
| #define HAVE_COPYFILE_H 1
| #define HAVE_EXECINFO_H 1
| #define HAVE_GETOPT_H 1
| #define HAVE_IFADDRS_H 1
| #define HAVE_LANGINFO_H 1
| #define HAVE_POLL_H 1
| #define HAVE_SYS_EVENT_H 1
| #define HAVE_SYS_IPC_H 1
| /* end confdefs.h.  */
| #include <sys/procctl.h>
configure:13597: result: no
configure:13597: checking for sys/procctl.h
configure:13597: result: no
configure:13597: checking sys/pstat.h usability
configure:13597: gcc -c -Wall -Wmissing-prototypes -Wpointer-arith -Wdeclaration-after-statement -Werror=vla -Werror=unguarded-availability-new -Wendif-labels -Wmissing-format-attribute -Wcast-function-type -Wformat-security -fno-strict-aliasing -fwrapv -Wno-unused-command-line-argument -Wno-compound-token-split-by-macro -O2 -isysroot /Applications/Xcode.app/Contents/Developer/Platforms/MacOSX.platform/Developer/SDKs/MacOSX13.3.sdk   conftest.c >&5
conftest.c:84:10: fatal error: 'sys/pstat.h' file not found
#include <sys/pstat.h>
         ^~~~~~~~~~~~~
1 error generated.
configure:13597: $? = 1
configure: failed program was:
| /* confdefs.h */
| #define PACKAGE_NAME "PostgreSQL"
| #define PACKAGE_TARNAME "postgresql"
| #define PACKAGE_VERSION "14.2"
| #define PACKAGE_STRING "PostgreSQL 14.2"
| #define PACKAGE_BUGREPORT "pgsql-bugs@lists.postgresql.org"
| #define PACKAGE_URL "https://www.postgresql.org/"
| #define CONFIGURE_ARGS " '--prefix=/usr/local/pgsql142' 'PKG_CONFIG_PATH=:/opt/intel/sgxsdk/pkgconfig:/opt/intel/sgxsdk/pkgconfig'"
| #define PG_MAJORVERSION "14"
| #define PG_MAJORVERSION_NUM 14
| #define PG_MINORVERSION_NUM 2
| #define PG_VERSION "14.2"
| #define DEF_PGPORT 5432
| #define DEF_PGPORT_STR "5432"
| #define BLCKSZ 8192
| #define RELSEG_SIZE 131072
| #define XLOG_BLCKSZ 8192
| #define ENABLE_THREAD_SAFETY 1
| #define PG_KRB_SRVNAM "postgres"
| #define STDC_HEADERS 1
| #define HAVE_SYS_TYPES_H 1
| #define HAVE_SYS_STAT_H 1
| #define HAVE_STDLIB_H 1
| #define HAVE_STRING_H 1
| #define HAVE_MEMORY_H 1
| #define HAVE_STRINGS_H 1
| #define HAVE_INTTYPES_H 1
| #define HAVE_STDINT_H 1
| #define HAVE_UNISTD_H 1
| #define HAVE_PTHREAD_PRIO_INHERIT 1
| #define HAVE_PTHREAD 1
| #define HAVE_STRERROR_R 1
| #define HAVE_GETPWUID_R 1
| #define STRERROR_R_INT 1
| #define HAVE_LIBM 1
| #define HAVE_LIBREADLINE 1
| #define HAVE_LIBZ 1
| #define HAVE_SPINLOCKS 1
| #define HAVE_ATOMICS 1
| #define HAVE__BOOL 1
| #define HAVE_STDBOOL_H 1
| #define HAVE_COPYFILE_H 1
| #define HAVE_EXECINFO_H 1
| #define HAVE_GETOPT_H 1
| #define HAVE_IFADDRS_H 1
| #define HAVE_LANGINFO_H 1
| #define HAVE_POLL_H 1
| #define HAVE_SYS_EVENT_H 1
| #define HAVE_SYS_IPC_H 1
| /* end confdefs.h.  */
| #include <stdio.h>
| #ifdef HAVE_SYS_TYPES_H
| # include <sys/types.h>
| #endif
| #ifdef HAVE_SYS_STAT_H
| # include <sys/stat.h>
| #endif
| #ifdef STDC_HEADERS
| # include <stdlib.h>
| # include <stddef.h>
| #else
| # ifdef HAVE_STDLIB_H
| #  include <stdlib.h>
| # endif
| #endif
| #ifdef HAVE_STRING_H
| # if !defined STDC_HEADERS && defined HAVE_MEMORY_H
| #  include <memory.h>
| # endif
| # include <string.h>
| #endif
| #ifdef HAVE_STRINGS_H
| # include <strings.h>
| #endif
| #ifdef HAVE_INTTYPES_H
| # include <inttypes.h>
| #endif
| #ifdef HAVE_STDINT_H
| # include <stdint.h>
| #endif
| #ifdef HAVE_UNISTD_H
| # include <unistd.h>
| #endif
| #include <sys/pstat.h>
configure:13597: result: no
configure:13597: checking sys/pstat.h presence
configure:13597: gcc -E -isysroot /Applications/Xcode.app/Contents/Developer/Platforms/MacOSX.platform/Developer/SDKs/MacOSX13.3.sdk   conftest.c
conftest.c:51:10: fatal error: 'sys/pstat.h' file not found
#include <sys/pstat.h>
         ^~~~~~~~~~~~~
1 error generated.
configure:13597: $? = 1
configure: failed program was:
| /* confdefs.h */
| #define PACKAGE_NAME "PostgreSQL"
| #define PACKAGE_TARNAME "postgresql"
| #define PACKAGE_VERSION "14.2"
| #define PACKAGE_STRING "PostgreSQL 14.2"
| #define PACKAGE_BUGREPORT "pgsql-bugs@lists.postgresql.org"
| #define PACKAGE_URL "https://www.postgresql.org/"
| #define CONFIGURE_ARGS " '--prefix=/usr/local/pgsql142' 'PKG_CONFIG_PATH=:/opt/intel/sgxsdk/pkgconfig:/opt/intel/sgxsdk/pkgconfig'"
| #define PG_MAJORVERSION "14"
| #define PG_MAJORVERSION_NUM 14
| #define PG_MINORVERSION_NUM 2
| #define PG_VERSION "14.2"
| #define DEF_PGPORT 5432
| #define DEF_PGPORT_STR "5432"
| #define BLCKSZ 8192
| #define RELSEG_SIZE 131072
| #define XLOG_BLCKSZ 8192
| #define ENABLE_THREAD_SAFETY 1
| #define PG_KRB_SRVNAM "postgres"
| #define STDC_HEADERS 1
| #define HAVE_SYS_TYPES_H 1
| #define HAVE_SYS_STAT_H 1
| #define HAVE_STDLIB_H 1
| #define HAVE_STRING_H 1
| #define HAVE_MEMORY_H 1
| #define HAVE_STRINGS_H 1
| #define HAVE_INTTYPES_H 1
| #define HAVE_STDINT_H 1
| #define HAVE_UNISTD_H 1
| #define HAVE_PTHREAD_PRIO_INHERIT 1
| #define HAVE_PTHREAD 1
| #define HAVE_STRERROR_R 1
| #define HAVE_GETPWUID_R 1
| #define STRERROR_R_INT 1
| #define HAVE_LIBM 1
| #define HAVE_LIBREADLINE 1
| #define HAVE_LIBZ 1
| #define HAVE_SPINLOCKS 1
| #define HAVE_ATOMICS 1
| #define HAVE__BOOL 1
| #define HAVE_STDBOOL_H 1
| #define HAVE_COPYFILE_H 1
| #define HAVE_EXECINFO_H 1
| #define HAVE_GETOPT_H 1
| #define HAVE_IFADDRS_H 1
| #define HAVE_LANGINFO_H 1
| #define HAVE_POLL_H 1
| #define HAVE_SYS_EVENT_H 1
| #define HAVE_SYS_IPC_H 1
| /* end confdefs.h.  */
| #include <sys/pstat.h>
configure:13597: result: no
configure:13597: checking for sys/pstat.h
configure:13597: result: no
configure:13597: checking sys/resource.h usability
configure:13597: gcc -c -Wall -Wmissing-prototypes -Wpointer-arith -Wdeclaration-after-statement -Werror=vla -Werror=unguarded-availability-new -Wendif-labels -Wmissing-format-attribute -Wcast-function-type -Wformat-security -fno-strict-aliasing -fwrapv -Wno-unused-command-line-argument -Wno-compound-token-split-by-macro -O2 -isysroot /Applications/Xcode.app/Contents/Developer/Platforms/MacOSX.platform/Developer/SDKs/MacOSX13.3.sdk   conftest.c >&5
configure:13597: $? = 0
configure:13597: result: yes
configure:13597: checking sys/resource.h presence
configure:13597: gcc -E -isysroot /Applications/Xcode.app/Contents/Developer/Platforms/MacOSX.platform/Developer/SDKs/MacOSX13.3.sdk   conftest.c
configure:13597: $? = 0
configure:13597: result: yes
configure:13597: checking for sys/resource.h
configure:13597: result: yes
configure:13597: checking sys/select.h usability
configure:13597: gcc -c -Wall -Wmissing-prototypes -Wpointer-arith -Wdeclaration-after-statement -Werror=vla -Werror=unguarded-availability-new -Wendif-labels -Wmissing-format-attribute -Wcast-function-type -Wformat-security -fno-strict-aliasing -fwrapv -Wno-unused-command-line-argument -Wno-compound-token-split-by-macro -O2 -isysroot /Applications/Xcode.app/Contents/Developer/Platforms/MacOSX.platform/Developer/SDKs/MacOSX13.3.sdk   conftest.c >&5
configure:13597: $? = 0
configure:13597: result: yes
configure:13597: checking sys/select.h presence
configure:13597: gcc -E -isysroot /Applications/Xcode.app/Contents/Developer/Platforms/MacOSX.platform/Developer/SDKs/MacOSX13.3.sdk   conftest.c
configure:13597: $? = 0
configure:13597: result: yes
configure:13597: checking for sys/select.h
configure:13597: result: yes
configure:13597: checking sys/sem.h usability
configure:13597: gcc -c -Wall -Wmissing-prototypes -Wpointer-arith -Wdeclaration-after-statement -Werror=vla -Werror=unguarded-availability-new -Wendif-labels -Wmissing-format-attribute -Wcast-function-type -Wformat-security -fno-strict-aliasing -fwrapv -Wno-unused-command-line-argument -Wno-compound-token-split-by-macro -O2 -isysroot /Applications/Xcode.app/Contents/Developer/Platforms/MacOSX.platform/Developer/SDKs/MacOSX13.3.sdk   conftest.c >&5
configure:13597: $? = 0
configure:13597: result: yes
configure:13597: checking sys/sem.h presence
configure:13597: gcc -E -isysroot /Applications/Xcode.app/Contents/Developer/Platforms/MacOSX.platform/Developer/SDKs/MacOSX13.3.sdk   conftest.c
configure:13597: $? = 0
configure:13597: result: yes
configure:13597: checking for sys/sem.h
configure:13597: result: yes
configure:13597: checking sys/shm.h usability
configure:13597: gcc -c -Wall -Wmissing-prototypes -Wpointer-arith -Wdeclaration-after-statement -Werror=vla -Werror=unguarded-availability-new -Wendif-labels -Wmissing-format-attribute -Wcast-function-type -Wformat-security -fno-strict-aliasing -fwrapv -Wno-unused-command-line-argument -Wno-compound-token-split-by-macro -O2 -isysroot /Applications/Xcode.app/Contents/Developer/Platforms/MacOSX.platform/Developer/SDKs/MacOSX13.3.sdk   conftest.c >&5
configure:13597: $? = 0
configure:13597: result: yes
configure:13597: checking sys/shm.h presence
configure:13597: gcc -E -isysroot /Applications/Xcode.app/Contents/Developer/Platforms/MacOSX.platform/Developer/SDKs/MacOSX13.3.sdk   conftest.c
configure:13597: $? = 0
configure:13597: result: yes
configure:13597: checking for sys/shm.h
configure:13597: result: yes
configure:13597: checking sys/sockio.h usability
configure:13597: gcc -c -Wall -Wmissing-prototypes -Wpointer-arith -Wdeclaration-after-statement -Werror=vla -Werror=unguarded-availability-new -Wendif-labels -Wmissing-format-attribute -Wcast-function-type -Wformat-security -fno-strict-aliasing -fwrapv -Wno-unused-command-line-argument -Wno-compound-token-split-by-macro -O2 -isysroot /Applications/Xcode.app/Contents/Developer/Platforms/MacOSX.platform/Developer/SDKs/MacOSX13.3.sdk   conftest.c >&5
configure:13597: $? = 0
configure:13597: result: yes
configure:13597: checking sys/sockio.h presence
configure:13597: gcc -E -isysroot /Applications/Xcode.app/Contents/Developer/Platforms/MacOSX.platform/Developer/SDKs/MacOSX13.3.sdk   conftest.c
configure:13597: $? = 0
configure:13597: result: yes
configure:13597: checking for sys/sockio.h
configure:13597: result: yes
configure:13597: checking sys/tas.h usability
configure:13597: gcc -c -Wall -Wmissing-prototypes -Wpointer-arith -Wdeclaration-after-statement -Werror=vla -Werror=unguarded-availability-new -Wendif-labels -Wmissing-format-attribute -Wcast-function-type -Wformat-security -fno-strict-aliasing -fwrapv -Wno-unused-command-line-argument -Wno-compound-token-split-by-macro -O2 -isysroot /Applications/Xcode.app/Contents/Developer/Platforms/MacOSX.platform/Developer/SDKs/MacOSX13.3.sdk   conftest.c >&5
conftest.c:89:10: fatal error: 'sys/tas.h' file not found
#include <sys/tas.h>
         ^~~~~~~~~~~
1 error generated.
configure:13597: $? = 1
configure: failed program was:
| /* confdefs.h */
| #define PACKAGE_NAME "PostgreSQL"
| #define PACKAGE_TARNAME "postgresql"
| #define PACKAGE_VERSION "14.2"
| #define PACKAGE_STRING "PostgreSQL 14.2"
| #define PACKAGE_BUGREPORT "pgsql-bugs@lists.postgresql.org"
| #define PACKAGE_URL "https://www.postgresql.org/"
| #define CONFIGURE_ARGS " '--prefix=/usr/local/pgsql142' 'PKG_CONFIG_PATH=:/opt/intel/sgxsdk/pkgconfig:/opt/intel/sgxsdk/pkgconfig'"
| #define PG_MAJORVERSION "14"
| #define PG_MAJORVERSION_NUM 14
| #define PG_MINORVERSION_NUM 2
| #define PG_VERSION "14.2"
| #define DEF_PGPORT 5432
| #define DEF_PGPORT_STR "5432"
| #define BLCKSZ 8192
| #define RELSEG_SIZE 131072
| #define XLOG_BLCKSZ 8192
| #define ENABLE_THREAD_SAFETY 1
| #define PG_KRB_SRVNAM "postgres"
| #define STDC_HEADERS 1
| #define HAVE_SYS_TYPES_H 1
| #define HAVE_SYS_STAT_H 1
| #define HAVE_STDLIB_H 1
| #define HAVE_STRING_H 1
| #define HAVE_MEMORY_H 1
| #define HAVE_STRINGS_H 1
| #define HAVE_INTTYPES_H 1
| #define HAVE_STDINT_H 1
| #define HAVE_UNISTD_H 1
| #define HAVE_PTHREAD_PRIO_INHERIT 1
| #define HAVE_PTHREAD 1
| #define HAVE_STRERROR_R 1
| #define HAVE_GETPWUID_R 1
| #define STRERROR_R_INT 1
| #define HAVE_LIBM 1
| #define HAVE_LIBREADLINE 1
| #define HAVE_LIBZ 1
| #define HAVE_SPINLOCKS 1
| #define HAVE_ATOMICS 1
| #define HAVE__BOOL 1
| #define HAVE_STDBOOL_H 1
| #define HAVE_COPYFILE_H 1
| #define HAVE_EXECINFO_H 1
| #define HAVE_GETOPT_H 1
| #define HAVE_IFADDRS_H 1
| #define HAVE_LANGINFO_H 1
| #define HAVE_POLL_H 1
| #define HAVE_SYS_EVENT_H 1
| #define HAVE_SYS_IPC_H 1
| #define HAVE_SYS_RESOURCE_H 1
| #define HAVE_SYS_SELECT_H 1
| #define HAVE_SYS_SEM_H 1
| #define HAVE_SYS_SHM_H 1
| #define HAVE_SYS_SOCKIO_H 1
| /* end confdefs.h.  */
| #include <stdio.h>
| #ifdef HAVE_SYS_TYPES_H
| # include <sys/types.h>
| #endif
| #ifdef HAVE_SYS_STAT_H
| # include <sys/stat.h>
| #endif
| #ifdef STDC_HEADERS
| # include <stdlib.h>
| # include <stddef.h>
| #else
| # ifdef HAVE_STDLIB_H
| #  include <stdlib.h>
| # endif
| #endif
| #ifdef HAVE_STRING_H
| # if !defined STDC_HEADERS && defined HAVE_MEMORY_H
| #  include <memory.h>
| # endif
| # include <string.h>
| #endif
| #ifdef HAVE_STRINGS_H
| # include <strings.h>
| #endif
| #ifdef HAVE_INTTYPES_H
| # include <inttypes.h>
| #endif
| #ifdef HAVE_STDINT_H
| # include <stdint.h>
| #endif
| #ifdef HAVE_UNISTD_H
| # include <unistd.h>
| #endif
| #include <sys/tas.h>
configure:13597: result: no
configure:13597: checking sys/tas.h presence
configure:13597: gcc -E -isysroot /Applications/Xcode.app/Contents/Developer/Platforms/MacOSX.platform/Developer/SDKs/MacOSX13.3.sdk   conftest.c
conftest.c:56:10: fatal error: 'sys/tas.h' file not found
#include <sys/tas.h>
         ^~~~~~~~~~~
1 error generated.
configure:13597: $? = 1
configure: failed program was:
| /* confdefs.h */
| #define PACKAGE_NAME "PostgreSQL"
| #define PACKAGE_TARNAME "postgresql"
| #define PACKAGE_VERSION "14.2"
| #define PACKAGE_STRING "PostgreSQL 14.2"
| #define PACKAGE_BUGREPORT "pgsql-bugs@lists.postgresql.org"
| #define PACKAGE_URL "https://www.postgresql.org/"
| #define CONFIGURE_ARGS " '--prefix=/usr/local/pgsql142' 'PKG_CONFIG_PATH=:/opt/intel/sgxsdk/pkgconfig:/opt/intel/sgxsdk/pkgconfig'"
| #define PG_MAJORVERSION "14"
| #define PG_MAJORVERSION_NUM 14
| #define PG_MINORVERSION_NUM 2
| #define PG_VERSION "14.2"
| #define DEF_PGPORT 5432
| #define DEF_PGPORT_STR "5432"
| #define BLCKSZ 8192
| #define RELSEG_SIZE 131072
| #define XLOG_BLCKSZ 8192
| #define ENABLE_THREAD_SAFETY 1
| #define PG_KRB_SRVNAM "postgres"
| #define STDC_HEADERS 1
| #define HAVE_SYS_TYPES_H 1
| #define HAVE_SYS_STAT_H 1
| #define HAVE_STDLIB_H 1
| #define HAVE_STRING_H 1
| #define HAVE_MEMORY_H 1
| #define HAVE_STRINGS_H 1
| #define HAVE_INTTYPES_H 1
| #define HAVE_STDINT_H 1
| #define HAVE_UNISTD_H 1
| #define HAVE_PTHREAD_PRIO_INHERIT 1
| #define HAVE_PTHREAD 1
| #define HAVE_STRERROR_R 1
| #define HAVE_GETPWUID_R 1
| #define STRERROR_R_INT 1
| #define HAVE_LIBM 1
| #define HAVE_LIBREADLINE 1
| #define HAVE_LIBZ 1
| #define HAVE_SPINLOCKS 1
| #define HAVE_ATOMICS 1
| #define HAVE__BOOL 1
| #define HAVE_STDBOOL_H 1
| #define HAVE_COPYFILE_H 1
| #define HAVE_EXECINFO_H 1
| #define HAVE_GETOPT_H 1
| #define HAVE_IFADDRS_H 1
| #define HAVE_LANGINFO_H 1
| #define HAVE_POLL_H 1
| #define HAVE_SYS_EVENT_H 1
| #define HAVE_SYS_IPC_H 1
| #define HAVE_SYS_RESOURCE_H 1
| #define HAVE_SYS_SELECT_H 1
| #define HAVE_SYS_SEM_H 1
| #define HAVE_SYS_SHM_H 1
| #define HAVE_SYS_SOCKIO_H 1
| /* end confdefs.h.  */
| #include <sys/tas.h>
configure:13597: result: no
configure:13597: checking for sys/tas.h
configure:13597: result: no
configure:13597: checking sys/uio.h usability
configure:13597: gcc -c -Wall -Wmissing-prototypes -Wpointer-arith -Wdeclaration-after-statement -Werror=vla -Werror=unguarded-availability-new -Wendif-labels -Wmissing-format-attribute -Wcast-function-type -Wformat-security -fno-strict-aliasing -fwrapv -Wno-unused-command-line-argument -Wno-compound-token-split-by-macro -O2 -isysroot /Applications/Xcode.app/Contents/Developer/Platforms/MacOSX.platform/Developer/SDKs/MacOSX13.3.sdk   conftest.c >&5
configure:13597: $? = 0
configure:13597: result: yes
configure:13597: checking sys/uio.h presence
configure:13597: gcc -E -isysroot /Applications/Xcode.app/Contents/Developer/Platforms/MacOSX.platform/Developer/SDKs/MacOSX13.3.sdk   conftest.c
configure:13597: $? = 0
configure:13597: result: yes
configure:13597: checking for sys/uio.h
configure:13597: result: yes
configure:13597: checking sys/un.h usability
configure:13597: gcc -c -Wall -Wmissing-prototypes -Wpointer-arith -Wdeclaration-after-statement -Werror=vla -Werror=unguarded-availability-new -Wendif-labels -Wmissing-format-attribute -Wcast-function-type -Wformat-security -fno-strict-aliasing -fwrapv -Wno-unused-command-line-argument -Wno-compound-token-split-by-macro -O2 -isysroot /Applications/Xcode.app/Contents/Developer/Platforms/MacOSX.platform/Developer/SDKs/MacOSX13.3.sdk   conftest.c >&5
configure:13597: $? = 0
configure:13597: result: yes
configure:13597: checking sys/un.h presence
configure:13597: gcc -E -isysroot /Applications/Xcode.app/Contents/Developer/Platforms/MacOSX.platform/Developer/SDKs/MacOSX13.3.sdk   conftest.c
configure:13597: $? = 0
configure:13597: result: yes
configure:13597: checking for sys/un.h
configure:13597: result: yes
configure:13597: checking termios.h usability
configure:13597: gcc -c -Wall -Wmissing-prototypes -Wpointer-arith -Wdeclaration-after-statement -Werror=vla -Werror=unguarded-availability-new -Wendif-labels -Wmissing-format-attribute -Wcast-function-type -Wformat-security -fno-strict-aliasing -fwrapv -Wno-unused-command-line-argument -Wno-compound-token-split-by-macro -O2 -isysroot /Applications/Xcode.app/Contents/Developer/Platforms/MacOSX.platform/Developer/SDKs/MacOSX13.3.sdk   conftest.c >&5
configure:13597: $? = 0
configure:13597: result: yes
configure:13597: checking termios.h presence
configure:13597: gcc -E -isysroot /Applications/Xcode.app/Contents/Developer/Platforms/MacOSX.platform/Developer/SDKs/MacOSX13.3.sdk   conftest.c
configure:13597: $? = 0
configure:13597: result: yes
configure:13597: checking for termios.h
configure:13597: result: yes
configure:13597: checking ucred.h usability
configure:13597: gcc -c -Wall -Wmissing-prototypes -Wpointer-arith -Wdeclaration-after-statement -Werror=vla -Werror=unguarded-availability-new -Wendif-labels -Wmissing-format-attribute -Wcast-function-type -Wformat-security -fno-strict-aliasing -fwrapv -Wno-unused-command-line-argument -Wno-compound-token-split-by-macro -O2 -isysroot /Applications/Xcode.app/Contents/Developer/Platforms/MacOSX.platform/Developer/SDKs/MacOSX13.3.sdk   conftest.c >&5
conftest.c:92:10: fatal error: 'ucred.h' file not found
#include <ucred.h>
         ^~~~~~~~~
1 error generated.
configure:13597: $? = 1
configure: failed program was:
| /* confdefs.h */
| #define PACKAGE_NAME "PostgreSQL"
| #define PACKAGE_TARNAME "postgresql"
| #define PACKAGE_VERSION "14.2"
| #define PACKAGE_STRING "PostgreSQL 14.2"
| #define PACKAGE_BUGREPORT "pgsql-bugs@lists.postgresql.org"
| #define PACKAGE_URL "https://www.postgresql.org/"
| #define CONFIGURE_ARGS " '--prefix=/usr/local/pgsql142' 'PKG_CONFIG_PATH=:/opt/intel/sgxsdk/pkgconfig:/opt/intel/sgxsdk/pkgconfig'"
| #define PG_MAJORVERSION "14"
| #define PG_MAJORVERSION_NUM 14
| #define PG_MINORVERSION_NUM 2
| #define PG_VERSION "14.2"
| #define DEF_PGPORT 5432
| #define DEF_PGPORT_STR "5432"
| #define BLCKSZ 8192
| #define RELSEG_SIZE 131072
| #define XLOG_BLCKSZ 8192
| #define ENABLE_THREAD_SAFETY 1
| #define PG_KRB_SRVNAM "postgres"
| #define STDC_HEADERS 1
| #define HAVE_SYS_TYPES_H 1
| #define HAVE_SYS_STAT_H 1
| #define HAVE_STDLIB_H 1
| #define HAVE_STRING_H 1
| #define HAVE_MEMORY_H 1
| #define HAVE_STRINGS_H 1
| #define HAVE_INTTYPES_H 1
| #define HAVE_STDINT_H 1
| #define HAVE_UNISTD_H 1
| #define HAVE_PTHREAD_PRIO_INHERIT 1
| #define HAVE_PTHREAD 1
| #define HAVE_STRERROR_R 1
| #define HAVE_GETPWUID_R 1
| #define STRERROR_R_INT 1
| #define HAVE_LIBM 1
| #define HAVE_LIBREADLINE 1
| #define HAVE_LIBZ 1
| #define HAVE_SPINLOCKS 1
| #define HAVE_ATOMICS 1
| #define HAVE__BOOL 1
| #define HAVE_STDBOOL_H 1
| #define HAVE_COPYFILE_H 1
| #define HAVE_EXECINFO_H 1
| #define HAVE_GETOPT_H 1
| #define HAVE_IFADDRS_H 1
| #define HAVE_LANGINFO_H 1
| #define HAVE_POLL_H 1
| #define HAVE_SYS_EVENT_H 1
| #define HAVE_SYS_IPC_H 1
| #define HAVE_SYS_RESOURCE_H 1
| #define HAVE_SYS_SELECT_H 1
| #define HAVE_SYS_SEM_H 1
| #define HAVE_SYS_SHM_H 1
| #define HAVE_SYS_SOCKIO_H 1
| #define HAVE_SYS_UIO_H 1
| #define HAVE_SYS_UN_H 1
| #define HAVE_TERMIOS_H 1
| /* end confdefs.h.  */
| #include <stdio.h>
| #ifdef HAVE_SYS_TYPES_H
| # include <sys/types.h>
| #endif
| #ifdef HAVE_SYS_STAT_H
| # include <sys/stat.h>
| #endif
| #ifdef STDC_HEADERS
| # include <stdlib.h>
| # include <stddef.h>
| #else
| # ifdef HAVE_STDLIB_H
| #  include <stdlib.h>
| # endif
| #endif
| #ifdef HAVE_STRING_H
| # if !defined STDC_HEADERS && defined HAVE_MEMORY_H
| #  include <memory.h>
| # endif
| # include <string.h>
| #endif
| #ifdef HAVE_STRINGS_H
| # include <strings.h>
| #endif
| #ifdef HAVE_INTTYPES_H
| # include <inttypes.h>
| #endif
| #ifdef HAVE_STDINT_H
| # include <stdint.h>
| #endif
| #ifdef HAVE_UNISTD_H
| # include <unistd.h>
| #endif
| #include <ucred.h>
configure:13597: result: no
configure:13597: checking ucred.h presence
configure:13597: gcc -E -isysroot /Applications/Xcode.app/Contents/Developer/Platforms/MacOSX.platform/Developer/SDKs/MacOSX13.3.sdk   conftest.c
conftest.c:59:10: fatal error: 'ucred.h' file not found
#include <ucred.h>
         ^~~~~~~~~
1 error generated.
configure:13597: $? = 1
configure: failed program was:
| /* confdefs.h */
| #define PACKAGE_NAME "PostgreSQL"
| #define PACKAGE_TARNAME "postgresql"
| #define PACKAGE_VERSION "14.2"
| #define PACKAGE_STRING "PostgreSQL 14.2"
| #define PACKAGE_BUGREPORT "pgsql-bugs@lists.postgresql.org"
| #define PACKAGE_URL "https://www.postgresql.org/"
| #define CONFIGURE_ARGS " '--prefix=/usr/local/pgsql142' 'PKG_CONFIG_PATH=:/opt/intel/sgxsdk/pkgconfig:/opt/intel/sgxsdk/pkgconfig'"
| #define PG_MAJORVERSION "14"
| #define PG_MAJORVERSION_NUM 14
| #define PG_MINORVERSION_NUM 2
| #define PG_VERSION "14.2"
| #define DEF_PGPORT 5432
| #define DEF_PGPORT_STR "5432"
| #define BLCKSZ 8192
| #define RELSEG_SIZE 131072
| #define XLOG_BLCKSZ 8192
| #define ENABLE_THREAD_SAFETY 1
| #define PG_KRB_SRVNAM "postgres"
| #define STDC_HEADERS 1
| #define HAVE_SYS_TYPES_H 1
| #define HAVE_SYS_STAT_H 1
| #define HAVE_STDLIB_H 1
| #define HAVE_STRING_H 1
| #define HAVE_MEMORY_H 1
| #define HAVE_STRINGS_H 1
| #define HAVE_INTTYPES_H 1
| #define HAVE_STDINT_H 1
| #define HAVE_UNISTD_H 1
| #define HAVE_PTHREAD_PRIO_INHERIT 1
| #define HAVE_PTHREAD 1
| #define HAVE_STRERROR_R 1
| #define HAVE_GETPWUID_R 1
| #define STRERROR_R_INT 1
| #define HAVE_LIBM 1
| #define HAVE_LIBREADLINE 1
| #define HAVE_LIBZ 1
| #define HAVE_SPINLOCKS 1
| #define HAVE_ATOMICS 1
| #define HAVE__BOOL 1
| #define HAVE_STDBOOL_H 1
| #define HAVE_COPYFILE_H 1
| #define HAVE_EXECINFO_H 1
| #define HAVE_GETOPT_H 1
| #define HAVE_IFADDRS_H 1
| #define HAVE_LANGINFO_H 1
| #define HAVE_POLL_H 1
| #define HAVE_SYS_EVENT_H 1
| #define HAVE_SYS_IPC_H 1
| #define HAVE_SYS_RESOURCE_H 1
| #define HAVE_SYS_SELECT_H 1
| #define HAVE_SYS_SEM_H 1
| #define HAVE_SYS_SHM_H 1
| #define HAVE_SYS_SOCKIO_H 1
| #define HAVE_SYS_UIO_H 1
| #define HAVE_SYS_UN_H 1
| #define HAVE_TERMIOS_H 1
| /* end confdefs.h.  */
| #include <ucred.h>
configure:13597: result: no
configure:13597: checking for ucred.h
configure:13597: result: no
configure:13597: checking wctype.h usability
configure:13597: gcc -c -Wall -Wmissing-prototypes -Wpointer-arith -Wdeclaration-after-statement -Werror=vla -Werror=unguarded-availability-new -Wendif-labels -Wmissing-format-attribute -Wcast-function-type -Wformat-security -fno-strict-aliasing -fwrapv -Wno-unused-command-line-argument -Wno-compound-token-split-by-macro -O2 -isysroot /Applications/Xcode.app/Contents/Developer/Platforms/MacOSX.platform/Developer/SDKs/MacOSX13.3.sdk   conftest.c >&5
configure:13597: $? = 0
configure:13597: result: yes
configure:13597: checking wctype.h presence
configure:13597: gcc -E -isysroot /Applications/Xcode.app/Contents/Developer/Platforms/MacOSX.platform/Developer/SDKs/MacOSX13.3.sdk   conftest.c
configure:13597: $? = 0
configure:13597: result: yes
configure:13597: checking for wctype.h
configure:13597: result: yes
configure:13612: checking for net/if.h
configure:13612: gcc -c -Wall -Wmissing-prototypes -Wpointer-arith -Wdeclaration-after-statement -Werror=vla -Werror=unguarded-availability-new -Wendif-labels -Wmissing-format-attribute -Wcast-function-type -Wformat-security -fno-strict-aliasing -fwrapv -Wno-unused-command-line-argument -Wno-compound-token-split-by-macro -O2 -isysroot /Applications/Xcode.app/Contents/Developer/Platforms/MacOSX.platform/Developer/SDKs/MacOSX13.3.sdk   conftest.c >&5
configure:13612: $? = 0
configure:13612: result: yes
configure:13630: checking for sys/ucred.h
configure:13630: gcc -c -Wall -Wmissing-prototypes -Wpointer-arith -Wdeclaration-after-statement -Werror=vla -Werror=unguarded-availability-new -Wendif-labels -Wmissing-format-attribute -Wcast-function-type -Wformat-security -fno-strict-aliasing -fwrapv -Wno-unused-command-line-argument -Wno-compound-token-split-by-macro -O2 -isysroot /Applications/Xcode.app/Contents/Developer/Platforms/MacOSX.platform/Developer/SDKs/MacOSX13.3.sdk   conftest.c >&5
configure:13630: $? = 0
configure:13630: result: yes
configure:13648: checking for netinet/tcp.h
configure:13648: gcc -c -Wall -Wmissing-prototypes -Wpointer-arith -Wdeclaration-after-statement -Werror=vla -Werror=unguarded-availability-new -Wendif-labels -Wmissing-format-attribute -Wcast-function-type -Wformat-security -fno-strict-aliasing -fwrapv -Wno-unused-command-line-argument -Wno-compound-token-split-by-macro -O2 -isysroot /Applications/Xcode.app/Contents/Developer/Platforms/MacOSX.platform/Developer/SDKs/MacOSX13.3.sdk   conftest.c >&5
configure:13648: $? = 0
configure:13648: result: yes
configure:13665: checking readline/readline.h usability
configure:13665: gcc -c -Wall -Wmissing-prototypes -Wpointer-arith -Wdeclaration-after-statement -Werror=vla -Werror=unguarded-availability-new -Wendif-labels -Wmissing-format-attribute -Wcast-function-type -Wformat-security -fno-strict-aliasing -fwrapv -Wno-unused-command-line-argument -Wno-compound-token-split-by-macro -O2 -isysroot /Applications/Xcode.app/Contents/Developer/Platforms/MacOSX.platform/Developer/SDKs/MacOSX13.3.sdk   conftest.c >&5
configure:13665: $? = 0
configure:13665: result: yes
configure:13665: checking readline/readline.h presence
configure:13665: gcc -E -isysroot /Applications/Xcode.app/Contents/Developer/Platforms/MacOSX.platform/Developer/SDKs/MacOSX13.3.sdk   conftest.c
configure:13665: $? = 0
configure:13665: result: yes
configure:13665: checking for readline/readline.h
configure:13665: result: yes
configure:13695: checking readline/history.h usability
configure:13695: gcc -c -Wall -Wmissing-prototypes -Wpointer-arith -Wdeclaration-after-statement -Werror=vla -Werror=unguarded-availability-new -Wendif-labels -Wmissing-format-attribute -Wcast-function-type -Wformat-security -fno-strict-aliasing -fwrapv -Wno-unused-command-line-argument -Wno-compound-token-split-by-macro -O2 -isysroot /Applications/Xcode.app/Contents/Developer/Platforms/MacOSX.platform/Developer/SDKs/MacOSX13.3.sdk   conftest.c >&5
configure:13695: $? = 0
configure:13695: result: yes
configure:13695: checking readline/history.h presence
configure:13695: gcc -E -isysroot /Applications/Xcode.app/Contents/Developer/Platforms/MacOSX.platform/Developer/SDKs/MacOSX13.3.sdk   conftest.c
configure:13695: $? = 0
configure:13695: result: yes
configure:13695: checking for readline/history.h
configure:13695: result: yes
configure:13817: checking zlib.h usability
configure:13817: gcc -c -Wall -Wmissing-prototypes -Wpointer-arith -Wdeclaration-after-statement -Werror=vla -Werror=unguarded-availability-new -Wendif-labels -Wmissing-format-attribute -Wcast-function-type -Wformat-security -fno-strict-aliasing -fwrapv -Wno-unused-command-line-argument -Wno-compound-token-split-by-macro -O2 -isysroot /Applications/Xcode.app/Contents/Developer/Platforms/MacOSX.platform/Developer/SDKs/MacOSX13.3.sdk   conftest.c >&5
configure:13817: $? = 0
configure:13817: result: yes
configure:13817: checking zlib.h presence
configure:13817: gcc -E -isysroot /Applications/Xcode.app/Contents/Developer/Platforms/MacOSX.platform/Developer/SDKs/MacOSX13.3.sdk   conftest.c
configure:13817: $? = 0
configure:13817: result: yes
configure:13817: checking for zlib.h
configure:13817: result: yes
configure:14212: checking whether byte ordering is bigendian
configure:14227: gcc -c -Wall -Wmissing-prototypes -Wpointer-arith -Wdeclaration-after-statement -Werror=vla -Werror=unguarded-availability-new -Wendif-labels -Wmissing-format-attribute -Wcast-function-type -Wformat-security -fno-strict-aliasing -fwrapv -Wno-unused-command-line-argument -Wno-compound-token-split-by-macro -O2 -isysroot /Applications/Xcode.app/Contents/Developer/Platforms/MacOSX.platform/Developer/SDKs/MacOSX13.3.sdk   conftest.c >&5
configure:14227: $? = 0
configure:14272: gcc -c -Wall -Wmissing-prototypes -Wpointer-arith -Wdeclaration-after-statement -Werror=vla -Werror=unguarded-availability-new -Wendif-labels -Wmissing-format-attribute -Wcast-function-type -Wformat-security -fno-strict-aliasing -fwrapv -Wno-unused-command-line-argument -Wno-compound-token-split-by-macro -O2 -isysroot /Applications/Xcode.app/Contents/Developer/Platforms/MacOSX.platform/Developer/SDKs/MacOSX13.3.sdk   conftest.c >&5
configure:14272: $? = 0
configure:14290: gcc -c -Wall -Wmissing-prototypes -Wpointer-arith -Wdeclaration-after-statement -Werror=vla -Werror=unguarded-availability-new -Wendif-labels -Wmissing-format-attribute -Wcast-function-type -Wformat-security -fno-strict-aliasing -fwrapv -Wno-unused-command-line-argument -Wno-compound-token-split-by-macro -O2 -isysroot /Applications/Xcode.app/Contents/Developer/Platforms/MacOSX.platform/Developer/SDKs/MacOSX13.3.sdk   conftest.c >&5
conftest.c:72:4: error: use of undeclared identifier 'not'
                 not big endian
                 ^
1 error generated.
configure:14290: $? = 1
configure: failed program was:
| /* confdefs.h */
| #define PACKAGE_NAME "PostgreSQL"
| #define PACKAGE_TARNAME "postgresql"
| #define PACKAGE_VERSION "14.2"
| #define PACKAGE_STRING "PostgreSQL 14.2"
| #define PACKAGE_BUGREPORT "pgsql-bugs@lists.postgresql.org"
| #define PACKAGE_URL "https://www.postgresql.org/"
| #define CONFIGURE_ARGS " '--prefix=/usr/local/pgsql142' 'PKG_CONFIG_PATH=:/opt/intel/sgxsdk/pkgconfig:/opt/intel/sgxsdk/pkgconfig'"
| #define PG_MAJORVERSION "14"
| #define PG_MAJORVERSION_NUM 14
| #define PG_MINORVERSION_NUM 2
| #define PG_VERSION "14.2"
| #define DEF_PGPORT 5432
| #define DEF_PGPORT_STR "5432"
| #define BLCKSZ 8192
| #define RELSEG_SIZE 131072
| #define XLOG_BLCKSZ 8192
| #define ENABLE_THREAD_SAFETY 1
| #define PG_KRB_SRVNAM "postgres"
| #define STDC_HEADERS 1
| #define HAVE_SYS_TYPES_H 1
| #define HAVE_SYS_STAT_H 1
| #define HAVE_STDLIB_H 1
| #define HAVE_STRING_H 1
| #define HAVE_MEMORY_H 1
| #define HAVE_STRINGS_H 1
| #define HAVE_INTTYPES_H 1
| #define HAVE_STDINT_H 1
| #define HAVE_UNISTD_H 1
| #define HAVE_PTHREAD_PRIO_INHERIT 1
| #define HAVE_PTHREAD 1
| #define HAVE_STRERROR_R 1
| #define HAVE_GETPWUID_R 1
| #define STRERROR_R_INT 1
| #define HAVE_LIBM 1
| #define HAVE_LIBREADLINE 1
| #define HAVE_LIBZ 1
| #define HAVE_SPINLOCKS 1
| #define HAVE_ATOMICS 1
| #define HAVE__BOOL 1
| #define HAVE_STDBOOL_H 1
| #define HAVE_COPYFILE_H 1
| #define HAVE_EXECINFO_H 1
| #define HAVE_GETOPT_H 1
| #define HAVE_IFADDRS_H 1
| #define HAVE_LANGINFO_H 1
| #define HAVE_POLL_H 1
| #define HAVE_SYS_EVENT_H 1
| #define HAVE_SYS_IPC_H 1
| #define HAVE_SYS_RESOURCE_H 1
| #define HAVE_SYS_SELECT_H 1
| #define HAVE_SYS_SEM_H 1
| #define HAVE_SYS_SHM_H 1
| #define HAVE_SYS_SOCKIO_H 1
| #define HAVE_SYS_UIO_H 1
| #define HAVE_SYS_UN_H 1
| #define HAVE_TERMIOS_H 1
| #define HAVE_WCTYPE_H 1
| #define HAVE_NET_IF_H 1
| #define HAVE_SYS_UCRED_H 1
| #define HAVE_NETINET_TCP_H 1
| #define HAVE_READLINE_READLINE_H 1
| #define HAVE_READLINE_HISTORY_H 1
| /* end confdefs.h.  */
| #include <sys/types.h>
| 		#include <sys/param.h>
| 
| int
| main ()
| {
| #if BYTE_ORDER != BIG_ENDIAN
| 		 not big endian
| 		#endif
| 
|   ;
|   return 0;
| }
configure:14418: result: no
configure:14436: checking for inline
configure:14452: gcc -c -Wall -Wmissing-prototypes -Wpointer-arith -Wdeclaration-after-statement -Werror=vla -Werror=unguarded-availability-new -Wendif-labels -Wmissing-format-attribute -Wcast-function-type -Wformat-security -fno-strict-aliasing -fwrapv -Wno-unused-command-line-argument -Wno-compound-token-split-by-macro -O2 -isysroot /Applications/Xcode.app/Contents/Developer/Platforms/MacOSX.platform/Developer/SDKs/MacOSX13.3.sdk   conftest.c >&5
conftest.c:67:21: warning: unused function 'static_foo' [-Wunused-function]
static inline foo_t static_foo () {return 0; }
                    ^
1 warning generated.
configure:14452: $? = 0
configure:14460: result: inline
configure:14478: checking for printf format archetype
configure:14498: gcc -c -Wall -Wmissing-prototypes -Wpointer-arith -Wdeclaration-after-statement -Werror=vla -Werror=unguarded-availability-new -Wendif-labels -Wmissing-format-attribute -Wcast-function-type -Wformat-security -fno-strict-aliasing -fwrapv -Wno-unused-command-line-argument -Wno-compound-token-split-by-macro -O2 -isysroot /Applications/Xcode.app/Contents/Developer/Platforms/MacOSX.platform/Developer/SDKs/MacOSX13.3.sdk   conftest.c >&5
conftest.c:66:16: warning: 'format' attribute argument not supported: gnu_printf [-Wignored-attributes]
__attribute__((format(gnu_printf, 2, 3)));
               ^
1 warning generated.
configure:14498: $? = 0
configure: failed program was:
| /* confdefs.h */
| #define PACKAGE_NAME "PostgreSQL"
| #define PACKAGE_TARNAME "postgresql"
| #define PACKAGE_VERSION "14.2"
| #define PACKAGE_STRING "PostgreSQL 14.2"
| #define PACKAGE_BUGREPORT "pgsql-bugs@lists.postgresql.org"
| #define PACKAGE_URL "https://www.postgresql.org/"
| #define CONFIGURE_ARGS " '--prefix=/usr/local/pgsql142' 'PKG_CONFIG_PATH=:/opt/intel/sgxsdk/pkgconfig:/opt/intel/sgxsdk/pkgconfig'"
| #define PG_MAJORVERSION "14"
| #define PG_MAJORVERSION_NUM 14
| #define PG_MINORVERSION_NUM 2
| #define PG_VERSION "14.2"
| #define DEF_PGPORT 5432
| #define DEF_PGPORT_STR "5432"
| #define BLCKSZ 8192
| #define RELSEG_SIZE 131072
| #define XLOG_BLCKSZ 8192
| #define ENABLE_THREAD_SAFETY 1
| #define PG_KRB_SRVNAM "postgres"
| #define STDC_HEADERS 1
| #define HAVE_SYS_TYPES_H 1
| #define HAVE_SYS_STAT_H 1
| #define HAVE_STDLIB_H 1
| #define HAVE_STRING_H 1
| #define HAVE_MEMORY_H 1
| #define HAVE_STRINGS_H 1
| #define HAVE_INTTYPES_H 1
| #define HAVE_STDINT_H 1
| #define HAVE_UNISTD_H 1
| #define HAVE_PTHREAD_PRIO_INHERIT 1
| #define HAVE_PTHREAD 1
| #define HAVE_STRERROR_R 1
| #define HAVE_GETPWUID_R 1
| #define STRERROR_R_INT 1
| #define HAVE_LIBM 1
| #define HAVE_LIBREADLINE 1
| #define HAVE_LIBZ 1
| #define HAVE_SPINLOCKS 1
| #define HAVE_ATOMICS 1
| #define HAVE__BOOL 1
| #define HAVE_STDBOOL_H 1
| #define HAVE_COPYFILE_H 1
| #define HAVE_EXECINFO_H 1
| #define HAVE_GETOPT_H 1
| #define HAVE_IFADDRS_H 1
| #define HAVE_LANGINFO_H 1
| #define HAVE_POLL_H 1
| #define HAVE_SYS_EVENT_H 1
| #define HAVE_SYS_IPC_H 1
| #define HAVE_SYS_RESOURCE_H 1
| #define HAVE_SYS_SELECT_H 1
| #define HAVE_SYS_SEM_H 1
| #define HAVE_SYS_SHM_H 1
| #define HAVE_SYS_SOCKIO_H 1
| #define HAVE_SYS_UIO_H 1
| #define HAVE_SYS_UN_H 1
| #define HAVE_TERMIOS_H 1
| #define HAVE_WCTYPE_H 1
| #define HAVE_NET_IF_H 1
| #define HAVE_SYS_UCRED_H 1
| #define HAVE_NETINET_TCP_H 1
| #define HAVE_READLINE_READLINE_H 1
| #define HAVE_READLINE_HISTORY_H 1
| /* end confdefs.h.  */
| extern void pgac_write(int ignore, const char *fmt,...)
| __attribute__((format(gnu_printf, 2, 3)));
| int
| main ()
| {
| pgac_write(0, "error %s: %m", "foo");
|   ;
|   return 0;
| }
configure:14522: gcc -c -Wall -Wmissing-prototypes -Wpointer-arith -Wdeclaration-after-statement -Werror=vla -Werror=unguarded-availability-new -Wendif-labels -Wmissing-format-attribute -Wcast-function-type -Wformat-security -fno-strict-aliasing -fwrapv -Wno-unused-command-line-argument -Wno-compound-token-split-by-macro -O2 -isysroot /Applications/Xcode.app/Contents/Developer/Platforms/MacOSX.platform/Developer/SDKs/MacOSX13.3.sdk   conftest.c >&5
conftest.c:66:16: warning: 'format' attribute argument not supported: syslog [-Wignored-attributes]
__attribute__((format(__syslog__, 2, 3)));
               ^
1 warning generated.
configure:14522: $? = 0
configure: failed program was:
| /* confdefs.h */
| #define PACKAGE_NAME "PostgreSQL"
| #define PACKAGE_TARNAME "postgresql"
| #define PACKAGE_VERSION "14.2"
| #define PACKAGE_STRING "PostgreSQL 14.2"
| #define PACKAGE_BUGREPORT "pgsql-bugs@lists.postgresql.org"
| #define PACKAGE_URL "https://www.postgresql.org/"
| #define CONFIGURE_ARGS " '--prefix=/usr/local/pgsql142' 'PKG_CONFIG_PATH=:/opt/intel/sgxsdk/pkgconfig:/opt/intel/sgxsdk/pkgconfig'"
| #define PG_MAJORVERSION "14"
| #define PG_MAJORVERSION_NUM 14
| #define PG_MINORVERSION_NUM 2
| #define PG_VERSION "14.2"
| #define DEF_PGPORT 5432
| #define DEF_PGPORT_STR "5432"
| #define BLCKSZ 8192
| #define RELSEG_SIZE 131072
| #define XLOG_BLCKSZ 8192
| #define ENABLE_THREAD_SAFETY 1
| #define PG_KRB_SRVNAM "postgres"
| #define STDC_HEADERS 1
| #define HAVE_SYS_TYPES_H 1
| #define HAVE_SYS_STAT_H 1
| #define HAVE_STDLIB_H 1
| #define HAVE_STRING_H 1
| #define HAVE_MEMORY_H 1
| #define HAVE_STRINGS_H 1
| #define HAVE_INTTYPES_H 1
| #define HAVE_STDINT_H 1
| #define HAVE_UNISTD_H 1
| #define HAVE_PTHREAD_PRIO_INHERIT 1
| #define HAVE_PTHREAD 1
| #define HAVE_STRERROR_R 1
| #define HAVE_GETPWUID_R 1
| #define STRERROR_R_INT 1
| #define HAVE_LIBM 1
| #define HAVE_LIBREADLINE 1
| #define HAVE_LIBZ 1
| #define HAVE_SPINLOCKS 1
| #define HAVE_ATOMICS 1
| #define HAVE__BOOL 1
| #define HAVE_STDBOOL_H 1
| #define HAVE_COPYFILE_H 1
| #define HAVE_EXECINFO_H 1
| #define HAVE_GETOPT_H 1
| #define HAVE_IFADDRS_H 1
| #define HAVE_LANGINFO_H 1
| #define HAVE_POLL_H 1
| #define HAVE_SYS_EVENT_H 1
| #define HAVE_SYS_IPC_H 1
| #define HAVE_SYS_RESOURCE_H 1
| #define HAVE_SYS_SELECT_H 1
| #define HAVE_SYS_SEM_H 1
| #define HAVE_SYS_SHM_H 1
| #define HAVE_SYS_SOCKIO_H 1
| #define HAVE_SYS_UIO_H 1
| #define HAVE_SYS_UN_H 1
| #define HAVE_TERMIOS_H 1
| #define HAVE_WCTYPE_H 1
| #define HAVE_NET_IF_H 1
| #define HAVE_SYS_UCRED_H 1
| #define HAVE_NETINET_TCP_H 1
| #define HAVE_READLINE_READLINE_H 1
| #define HAVE_READLINE_HISTORY_H 1
| /* end confdefs.h.  */
| extern void pgac_write(int ignore, const char *fmt,...)
| __attribute__((format(__syslog__, 2, 3)));
| int
| main ()
| {
| pgac_write(0, "error %s: %m", "foo");
|   ;
|   return 0;
| }
configure:14535: result: printf
configure:14543: checking for __func__
configure:14559: gcc -c -Wall -Wmissing-prototypes -Wpointer-arith -Wdeclaration-after-statement -Werror=vla -Werror=unguarded-availability-new -Wendif-labels -Wmissing-format-attribute -Wcast-function-type -Wformat-security -fno-strict-aliasing -fwrapv -Wno-unused-command-line-argument -Wno-compound-token-split-by-macro -O2 -isysroot /Applications/Xcode.app/Contents/Developer/Platforms/MacOSX.platform/Developer/SDKs/MacOSX13.3.sdk   conftest.c >&5
configure:14559: $? = 0
configure:14566: result: yes
configure:14604: checking for _Static_assert
configure:14620: gcc -o conftest -Wall -Wmissing-prototypes -Wpointer-arith -Wdeclaration-after-statement -Werror=vla -Werror=unguarded-availability-new -Wendif-labels -Wmissing-format-attribute -Wcast-function-type -Wformat-security -fno-strict-aliasing -fwrapv -Wno-unused-command-line-argument -Wno-compound-token-split-by-macro -O2 -isysroot /Applications/Xcode.app/Contents/Developer/Platforms/MacOSX.platform/Developer/SDKs/MacOSX13.3.sdk   -isysroot /Applications/Xcode.app/Contents/Developer/Platforms/MacOSX.platform/Developer/SDKs/MacOSX13.3.sdk   conftest.c -lz -lreadline -lm  >&5
configure:14620: $? = 0
configure:14628: result: yes
configure:14635: checking for typeof
configure:14656: gcc -c -Wall -Wmissing-prototypes -Wpointer-arith -Wdeclaration-after-statement -Werror=vla -Werror=unguarded-availability-new -Wendif-labels -Wmissing-format-attribute -Wcast-function-type -Wformat-security -fno-strict-aliasing -fwrapv -Wno-unused-command-line-argument -Wno-compound-token-split-by-macro -O2 -isysroot /Applications/Xcode.app/Contents/Developer/Platforms/MacOSX.platform/Developer/SDKs/MacOSX13.3.sdk   conftest.c >&5
configure:14656: $? = 0
configure:14663: result: typeof
configure:14677: checking for __builtin_types_compatible_p
configure:14693: gcc -c -Wall -Wmissing-prototypes -Wpointer-arith -Wdeclaration-after-statement -Werror=vla -Werror=unguarded-availability-new -Wendif-labels -Wmissing-format-attribute -Wcast-function-type -Wformat-security -fno-strict-aliasing -fwrapv -Wno-unused-command-line-argument -Wno-compound-token-split-by-macro -O2 -isysroot /Applications/Xcode.app/Contents/Developer/Platforms/MacOSX.platform/Developer/SDKs/MacOSX13.3.sdk   conftest.c >&5
conftest.c:73:20: warning: unused variable 'y' [-Wunused-variable]
 int x; static int y[__builtin_types_compatible_p(__typeof__(x), int)];
                   ^
1 warning generated.
configure:14693: $? = 0
configure:14700: result: yes
configure:14707: checking for __builtin_constant_p
configure:14720: gcc -c -Wall -Wmissing-prototypes -Wpointer-arith -Wdeclaration-after-statement -Werror=vla -Werror=unguarded-availability-new -Wendif-labels -Wmissing-format-attribute -Wcast-function-type -Wformat-security -fno-strict-aliasing -fwrapv -Wno-unused-command-line-argument -Wno-compound-token-split-by-macro -O2 -isysroot /Applications/Xcode.app/Contents/Developer/Platforms/MacOSX.platform/Developer/SDKs/MacOSX13.3.sdk   conftest.c >&5
conftest.c:71:14: warning: unused variable 'y' [-Wunused-variable]
  static int y[__builtin_constant_p(x) ? x : 1];
             ^
conftest.c:72:14: warning: unused variable 'z' [-Wunused-variable]
  static int z[__builtin_constant_p("string literal") ? 1 : x];
             ^
2 warnings generated.
configure:14720: $? = 0
configure:14727: result: yes
configure:14734: checking for __builtin_unreachable
configure:14750: gcc -o conftest -Wall -Wmissing-prototypes -Wpointer-arith -Wdeclaration-after-statement -Werror=vla -Werror=unguarded-availability-new -Wendif-labels -Wmissing-format-attribute -Wcast-function-type -Wformat-security -fno-strict-aliasing -fwrapv -Wno-unused-command-line-argument -Wno-compound-token-split-by-macro -O2 -isysroot /Applications/Xcode.app/Contents/Developer/Platforms/MacOSX.platform/Developer/SDKs/MacOSX13.3.sdk   -isysroot /Applications/Xcode.app/Contents/Developer/Platforms/MacOSX.platform/Developer/SDKs/MacOSX13.3.sdk   conftest.c -lz -lreadline -lm  >&5
configure:14750: $? = 0
configure:14758: result: yes
configure:14765: checking for computed goto support
configure:14785: gcc -c -Wall -Wmissing-prototypes -Wpointer-arith -Wdeclaration-after-statement -Werror=vla -Werror=unguarded-availability-new -Wendif-labels -Wmissing-format-attribute -Wcast-function-type -Wformat-security -fno-strict-aliasing -fwrapv -Wno-unused-command-line-argument -Wno-compound-token-split-by-macro -O2 -isysroot /Applications/Xcode.app/Contents/Developer/Platforms/MacOSX.platform/Developer/SDKs/MacOSX13.3.sdk   conftest.c >&5
configure:14785: $? = 0
configure:14792: result: yes
configure:14799: checking for struct tm.tm_zone
configure:14799: gcc -c -Wall -Wmissing-prototypes -Wpointer-arith -Wdeclaration-after-statement -Werror=vla -Werror=unguarded-availability-new -Wendif-labels -Wmissing-format-attribute -Wcast-function-type -Wformat-security -fno-strict-aliasing -fwrapv -Wno-unused-command-line-argument -Wno-compound-token-split-by-macro -O2 -isysroot /Applications/Xcode.app/Contents/Developer/Platforms/MacOSX.platform/Developer/SDKs/MacOSX13.3.sdk   conftest.c >&5
configure:14799: $? = 0
configure:14799: result: yes
configure:14813: checking for union semun
configure:14813: gcc -c -Wall -Wmissing-prototypes -Wpointer-arith -Wdeclaration-after-statement -Werror=vla -Werror=unguarded-availability-new -Wendif-labels -Wmissing-format-attribute -Wcast-function-type -Wformat-security -fno-strict-aliasing -fwrapv -Wno-unused-command-line-argument -Wno-compound-token-split-by-macro -O2 -isysroot /Applications/Xcode.app/Contents/Developer/Platforms/MacOSX.platform/Developer/SDKs/MacOSX13.3.sdk   conftest.c >&5
configure:14813: $? = 0
configure:14813: gcc -c -Wall -Wmissing-prototypes -Wpointer-arith -Wdeclaration-after-statement -Werror=vla -Werror=unguarded-availability-new -Wendif-labels -Wmissing-format-attribute -Wcast-function-type -Wformat-security -fno-strict-aliasing -fwrapv -Wno-unused-command-line-argument -Wno-compound-token-split-by-macro -O2 -isysroot /Applications/Xcode.app/Contents/Developer/Platforms/MacOSX.platform/Developer/SDKs/MacOSX13.3.sdk   conftest.c >&5
conftest.c:85:26: error: expected expression
if (sizeof ((union semun)))
                         ^
1 error generated.
configure:14813: $? = 1
configure: failed program was:
| /* confdefs.h */
| #define PACKAGE_NAME "PostgreSQL"
| #define PACKAGE_TARNAME "postgresql"
| #define PACKAGE_VERSION "14.2"
| #define PACKAGE_STRING "PostgreSQL 14.2"
| #define PACKAGE_BUGREPORT "pgsql-bugs@lists.postgresql.org"
| #define PACKAGE_URL "https://www.postgresql.org/"
| #define CONFIGURE_ARGS " '--prefix=/usr/local/pgsql142' 'PKG_CONFIG_PATH=:/opt/intel/sgxsdk/pkgconfig:/opt/intel/sgxsdk/pkgconfig'"
| #define PG_MAJORVERSION "14"
| #define PG_MAJORVERSION_NUM 14
| #define PG_MINORVERSION_NUM 2
| #define PG_VERSION "14.2"
| #define DEF_PGPORT 5432
| #define DEF_PGPORT_STR "5432"
| #define BLCKSZ 8192
| #define RELSEG_SIZE 131072
| #define XLOG_BLCKSZ 8192
| #define ENABLE_THREAD_SAFETY 1
| #define PG_KRB_SRVNAM "postgres"
| #define STDC_HEADERS 1
| #define HAVE_SYS_TYPES_H 1
| #define HAVE_SYS_STAT_H 1
| #define HAVE_STDLIB_H 1
| #define HAVE_STRING_H 1
| #define HAVE_MEMORY_H 1
| #define HAVE_STRINGS_H 1
| #define HAVE_INTTYPES_H 1
| #define HAVE_STDINT_H 1
| #define HAVE_UNISTD_H 1
| #define HAVE_PTHREAD_PRIO_INHERIT 1
| #define HAVE_PTHREAD 1
| #define HAVE_STRERROR_R 1
| #define HAVE_GETPWUID_R 1
| #define STRERROR_R_INT 1
| #define HAVE_LIBM 1
| #define HAVE_LIBREADLINE 1
| #define HAVE_LIBZ 1
| #define HAVE_SPINLOCKS 1
| #define HAVE_ATOMICS 1
| #define HAVE__BOOL 1
| #define HAVE_STDBOOL_H 1
| #define HAVE_COPYFILE_H 1
| #define HAVE_EXECINFO_H 1
| #define HAVE_GETOPT_H 1
| #define HAVE_IFADDRS_H 1
| #define HAVE_LANGINFO_H 1
| #define HAVE_POLL_H 1
| #define HAVE_SYS_EVENT_H 1
| #define HAVE_SYS_IPC_H 1
| #define HAVE_SYS_RESOURCE_H 1
| #define HAVE_SYS_SELECT_H 1
| #define HAVE_SYS_SEM_H 1
| #define HAVE_SYS_SHM_H 1
| #define HAVE_SYS_SOCKIO_H 1
| #define HAVE_SYS_UIO_H 1
| #define HAVE_SYS_UN_H 1
| #define HAVE_TERMIOS_H 1
| #define HAVE_WCTYPE_H 1
| #define HAVE_NET_IF_H 1
| #define HAVE_SYS_UCRED_H 1
| #define HAVE_NETINET_TCP_H 1
| #define HAVE_READLINE_READLINE_H 1
| #define HAVE_READLINE_HISTORY_H 1
| #define PG_PRINTF_ATTRIBUTE printf
| #define HAVE_FUNCNAME__FUNC 1
| #define HAVE__STATIC_ASSERT 1
| #define HAVE_TYPEOF 1
| #define HAVE__BUILTIN_TYPES_COMPATIBLE_P 1
| #define HAVE__BUILTIN_CONSTANT_P 1
| #define HAVE__BUILTIN_UNREACHABLE 1
| #define HAVE_COMPUTED_GOTO 1
| #define HAVE_STRUCT_TM_TM_ZONE 1
| /* end confdefs.h.  */
| #include <sys/types.h>
| #ifdef HAVE_SYS_IPC_H
| #include <sys/ipc.h>
| #endif
| #ifdef HAVE_SYS_SEM_H
| #include <sys/sem.h>
| #endif
| 
| int
| main ()
| {
| if (sizeof ((union semun)))
| 	    return 0;
|   ;
|   return 0;
| }
configure:14813: result: yes
configure:14830: checking for struct sockaddr_un
configure:14830: gcc -c -Wall -Wmissing-prototypes -Wpointer-arith -Wdeclaration-after-statement -Werror=vla -Werror=unguarded-availability-new -Wendif-labels -Wmissing-format-attribute -Wcast-function-type -Wformat-security -fno-strict-aliasing -fwrapv -Wno-unused-command-line-argument -Wno-compound-token-split-by-macro -O2 -isysroot /Applications/Xcode.app/Contents/Developer/Platforms/MacOSX.platform/Developer/SDKs/MacOSX13.3.sdk   conftest.c >&5
configure:14830: $? = 0
configure:14830: gcc -c -Wall -Wmissing-prototypes -Wpointer-arith -Wdeclaration-after-statement -Werror=vla -Werror=unguarded-availability-new -Wendif-labels -Wmissing-format-attribute -Wcast-function-type -Wformat-security -fno-strict-aliasing -fwrapv -Wno-unused-command-line-argument -Wno-compound-token-split-by-macro -O2 -isysroot /Applications/Xcode.app/Contents/Developer/Platforms/MacOSX.platform/Developer/SDKs/MacOSX13.3.sdk   conftest.c >&5
conftest.c:84:33: error: expected expression
if (sizeof ((struct sockaddr_un)))
                                ^
1 error generated.
configure:14830: $? = 1
configure: failed program was:
| /* confdefs.h */
| #define PACKAGE_NAME "PostgreSQL"
| #define PACKAGE_TARNAME "postgresql"
| #define PACKAGE_VERSION "14.2"
| #define PACKAGE_STRING "PostgreSQL 14.2"
| #define PACKAGE_BUGREPORT "pgsql-bugs@lists.postgresql.org"
| #define PACKAGE_URL "https://www.postgresql.org/"
| #define CONFIGURE_ARGS " '--prefix=/usr/local/pgsql142' 'PKG_CONFIG_PATH=:/opt/intel/sgxsdk/pkgconfig:/opt/intel/sgxsdk/pkgconfig'"
| #define PG_MAJORVERSION "14"
| #define PG_MAJORVERSION_NUM 14
| #define PG_MINORVERSION_NUM 2
| #define PG_VERSION "14.2"
| #define DEF_PGPORT 5432
| #define DEF_PGPORT_STR "5432"
| #define BLCKSZ 8192
| #define RELSEG_SIZE 131072
| #define XLOG_BLCKSZ 8192
| #define ENABLE_THREAD_SAFETY 1
| #define PG_KRB_SRVNAM "postgres"
| #define STDC_HEADERS 1
| #define HAVE_SYS_TYPES_H 1
| #define HAVE_SYS_STAT_H 1
| #define HAVE_STDLIB_H 1
| #define HAVE_STRING_H 1
| #define HAVE_MEMORY_H 1
| #define HAVE_STRINGS_H 1
| #define HAVE_INTTYPES_H 1
| #define HAVE_STDINT_H 1
| #define HAVE_UNISTD_H 1
| #define HAVE_PTHREAD_PRIO_INHERIT 1
| #define HAVE_PTHREAD 1
| #define HAVE_STRERROR_R 1
| #define HAVE_GETPWUID_R 1
| #define STRERROR_R_INT 1
| #define HAVE_LIBM 1
| #define HAVE_LIBREADLINE 1
| #define HAVE_LIBZ 1
| #define HAVE_SPINLOCKS 1
| #define HAVE_ATOMICS 1
| #define HAVE__BOOL 1
| #define HAVE_STDBOOL_H 1
| #define HAVE_COPYFILE_H 1
| #define HAVE_EXECINFO_H 1
| #define HAVE_GETOPT_H 1
| #define HAVE_IFADDRS_H 1
| #define HAVE_LANGINFO_H 1
| #define HAVE_POLL_H 1
| #define HAVE_SYS_EVENT_H 1
| #define HAVE_SYS_IPC_H 1
| #define HAVE_SYS_RESOURCE_H 1
| #define HAVE_SYS_SELECT_H 1
| #define HAVE_SYS_SEM_H 1
| #define HAVE_SYS_SHM_H 1
| #define HAVE_SYS_SOCKIO_H 1
| #define HAVE_SYS_UIO_H 1
| #define HAVE_SYS_UN_H 1
| #define HAVE_TERMIOS_H 1
| #define HAVE_WCTYPE_H 1
| #define HAVE_NET_IF_H 1
| #define HAVE_SYS_UCRED_H 1
| #define HAVE_NETINET_TCP_H 1
| #define HAVE_READLINE_READLINE_H 1
| #define HAVE_READLINE_HISTORY_H 1
| #define PG_PRINTF_ATTRIBUTE printf
| #define HAVE_FUNCNAME__FUNC 1
| #define HAVE__STATIC_ASSERT 1
| #define HAVE_TYPEOF 1
| #define HAVE__BUILTIN_TYPES_COMPATIBLE_P 1
| #define HAVE__BUILTIN_CONSTANT_P 1
| #define HAVE__BUILTIN_UNREACHABLE 1
| #define HAVE_COMPUTED_GOTO 1
| #define HAVE_STRUCT_TM_TM_ZONE 1
| #define HAVE_UNION_SEMUN 1
| /* end confdefs.h.  */
| #include <sys/types.h>
| #ifdef HAVE_SYS_UN_H
| #include <sys/un.h>
| #endif
| 
| 
| int
| main ()
| {
| if (sizeof ((struct sockaddr_un)))
| 	    return 0;
|   ;
|   return 0;
| }
configure:14830: result: yes
configure:14845: checking for struct sockaddr_storage
configure:14845: gcc -c -Wall -Wmissing-prototypes -Wpointer-arith -Wdeclaration-after-statement -Werror=vla -Werror=unguarded-availability-new -Wendif-labels -Wmissing-format-attribute -Wcast-function-type -Wformat-security -fno-strict-aliasing -fwrapv -Wno-unused-command-line-argument -Wno-compound-token-split-by-macro -O2 -isysroot /Applications/Xcode.app/Contents/Developer/Platforms/MacOSX.platform/Developer/SDKs/MacOSX13.3.sdk   conftest.c >&5
configure:14845: $? = 0
configure:14845: gcc -c -Wall -Wmissing-prototypes -Wpointer-arith -Wdeclaration-after-statement -Werror=vla -Werror=unguarded-availability-new -Wendif-labels -Wmissing-format-attribute -Wcast-function-type -Wformat-security -fno-strict-aliasing -fwrapv -Wno-unused-command-line-argument -Wno-compound-token-split-by-macro -O2 -isysroot /Applications/Xcode.app/Contents/Developer/Platforms/MacOSX.platform/Developer/SDKs/MacOSX13.3.sdk   conftest.c >&5
conftest.c:83:38: error: expected expression
if (sizeof ((struct sockaddr_storage)))
                                     ^
1 error generated.
configure:14845: $? = 1
configure: failed program was:
| /* confdefs.h */
| #define PACKAGE_NAME "PostgreSQL"
| #define PACKAGE_TARNAME "postgresql"
| #define PACKAGE_VERSION "14.2"
| #define PACKAGE_STRING "PostgreSQL 14.2"
| #define PACKAGE_BUGREPORT "pgsql-bugs@lists.postgresql.org"
| #define PACKAGE_URL "https://www.postgresql.org/"
| #define CONFIGURE_ARGS " '--prefix=/usr/local/pgsql142' 'PKG_CONFIG_PATH=:/opt/intel/sgxsdk/pkgconfig:/opt/intel/sgxsdk/pkgconfig'"
| #define PG_MAJORVERSION "14"
| #define PG_MAJORVERSION_NUM 14
| #define PG_MINORVERSION_NUM 2
| #define PG_VERSION "14.2"
| #define DEF_PGPORT 5432
| #define DEF_PGPORT_STR "5432"
| #define BLCKSZ 8192
| #define RELSEG_SIZE 131072
| #define XLOG_BLCKSZ 8192
| #define ENABLE_THREAD_SAFETY 1
| #define PG_KRB_SRVNAM "postgres"
| #define STDC_HEADERS 1
| #define HAVE_SYS_TYPES_H 1
| #define HAVE_SYS_STAT_H 1
| #define HAVE_STDLIB_H 1
| #define HAVE_STRING_H 1
| #define HAVE_MEMORY_H 1
| #define HAVE_STRINGS_H 1
| #define HAVE_INTTYPES_H 1
| #define HAVE_STDINT_H 1
| #define HAVE_UNISTD_H 1
| #define HAVE_PTHREAD_PRIO_INHERIT 1
| #define HAVE_PTHREAD 1
| #define HAVE_STRERROR_R 1
| #define HAVE_GETPWUID_R 1
| #define STRERROR_R_INT 1
| #define HAVE_LIBM 1
| #define HAVE_LIBREADLINE 1
| #define HAVE_LIBZ 1
| #define HAVE_SPINLOCKS 1
| #define HAVE_ATOMICS 1
| #define HAVE__BOOL 1
| #define HAVE_STDBOOL_H 1
| #define HAVE_COPYFILE_H 1
| #define HAVE_EXECINFO_H 1
| #define HAVE_GETOPT_H 1
| #define HAVE_IFADDRS_H 1
| #define HAVE_LANGINFO_H 1
| #define HAVE_POLL_H 1
| #define HAVE_SYS_EVENT_H 1
| #define HAVE_SYS_IPC_H 1
| #define HAVE_SYS_RESOURCE_H 1
| #define HAVE_SYS_SELECT_H 1
| #define HAVE_SYS_SEM_H 1
| #define HAVE_SYS_SHM_H 1
| #define HAVE_SYS_SOCKIO_H 1
| #define HAVE_SYS_UIO_H 1
| #define HAVE_SYS_UN_H 1
| #define HAVE_TERMIOS_H 1
| #define HAVE_WCTYPE_H 1
| #define HAVE_NET_IF_H 1
| #define HAVE_SYS_UCRED_H 1
| #define HAVE_NETINET_TCP_H 1
| #define HAVE_READLINE_READLINE_H 1
| #define HAVE_READLINE_HISTORY_H 1
| #define PG_PRINTF_ATTRIBUTE printf
| #define HAVE_FUNCNAME__FUNC 1
| #define HAVE__STATIC_ASSERT 1
| #define HAVE_TYPEOF 1
| #define HAVE__BUILTIN_TYPES_COMPATIBLE_P 1
| #define HAVE__BUILTIN_CONSTANT_P 1
| #define HAVE__BUILTIN_UNREACHABLE 1
| #define HAVE_COMPUTED_GOTO 1
| #define HAVE_STRUCT_TM_TM_ZONE 1
| #define HAVE_UNION_SEMUN 1
| #define HAVE_STRUCT_SOCKADDR_UN 1
| /* end confdefs.h.  */
| #include <sys/types.h>
| #include <sys/socket.h>
| 
| 
| int
| main ()
| {
| if (sizeof ((struct sockaddr_storage)))
| 	    return 0;
|   ;
|   return 0;
| }
configure:14845: result: yes
configure:14858: checking for struct sockaddr_storage.ss_family
configure:14858: gcc -c -Wall -Wmissing-prototypes -Wpointer-arith -Wdeclaration-after-statement -Werror=vla -Werror=unguarded-availability-new -Wendif-labels -Wmissing-format-attribute -Wcast-function-type -Wformat-security -fno-strict-aliasing -fwrapv -Wno-unused-command-line-argument -Wno-compound-token-split-by-macro -O2 -isysroot /Applications/Xcode.app/Contents/Developer/Platforms/MacOSX.platform/Developer/SDKs/MacOSX13.3.sdk   conftest.c >&5
configure:14858: $? = 0
configure:14858: result: yes
configure:14870: checking for struct sockaddr_storage.__ss_family
configure:14870: gcc -c -Wall -Wmissing-prototypes -Wpointer-arith -Wdeclaration-after-statement -Werror=vla -Werror=unguarded-availability-new -Wendif-labels -Wmissing-format-attribute -Wcast-function-type -Wformat-security -fno-strict-aliasing -fwrapv -Wno-unused-command-line-argument -Wno-compound-token-split-by-macro -O2 -isysroot /Applications/Xcode.app/Contents/Developer/Platforms/MacOSX.platform/Developer/SDKs/MacOSX13.3.sdk   conftest.c >&5
conftest.c:86:13: error: no member named '__ss_family' in 'struct sockaddr_storage'; did you mean 'ss_family'?
if (ac_aggr.__ss_family)
            ^~~~~~~~~~~
            ss_family
/Applications/Xcode.app/Contents/Developer/Platforms/MacOSX.platform/Developer/SDKs/MacOSX13.3.sdk/usr/include/sys/socket.h:466:18: note: 'ss_family' declared here
        sa_family_t     ss_family;      /* [XSI] address family */
                        ^
1 error generated.
configure:14870: $? = 1
configure: failed program was:
| /* confdefs.h */
| #define PACKAGE_NAME "PostgreSQL"
| #define PACKAGE_TARNAME "postgresql"
| #define PACKAGE_VERSION "14.2"
| #define PACKAGE_STRING "PostgreSQL 14.2"
| #define PACKAGE_BUGREPORT "pgsql-bugs@lists.postgresql.org"
| #define PACKAGE_URL "https://www.postgresql.org/"
| #define CONFIGURE_ARGS " '--prefix=/usr/local/pgsql142' 'PKG_CONFIG_PATH=:/opt/intel/sgxsdk/pkgconfig:/opt/intel/sgxsdk/pkgconfig'"
| #define PG_MAJORVERSION "14"
| #define PG_MAJORVERSION_NUM 14
| #define PG_MINORVERSION_NUM 2
| #define PG_VERSION "14.2"
| #define DEF_PGPORT 5432
| #define DEF_PGPORT_STR "5432"
| #define BLCKSZ 8192
| #define RELSEG_SIZE 131072
| #define XLOG_BLCKSZ 8192
| #define ENABLE_THREAD_SAFETY 1
| #define PG_KRB_SRVNAM "postgres"
| #define STDC_HEADERS 1
| #define HAVE_SYS_TYPES_H 1
| #define HAVE_SYS_STAT_H 1
| #define HAVE_STDLIB_H 1
| #define HAVE_STRING_H 1
| #define HAVE_MEMORY_H 1
| #define HAVE_STRINGS_H 1
| #define HAVE_INTTYPES_H 1
| #define HAVE_STDINT_H 1
| #define HAVE_UNISTD_H 1
| #define HAVE_PTHREAD_PRIO_INHERIT 1
| #define HAVE_PTHREAD 1
| #define HAVE_STRERROR_R 1
| #define HAVE_GETPWUID_R 1
| #define STRERROR_R_INT 1
| #define HAVE_LIBM 1
| #define HAVE_LIBREADLINE 1
| #define HAVE_LIBZ 1
| #define HAVE_SPINLOCKS 1
| #define HAVE_ATOMICS 1
| #define HAVE__BOOL 1
| #define HAVE_STDBOOL_H 1
| #define HAVE_COPYFILE_H 1
| #define HAVE_EXECINFO_H 1
| #define HAVE_GETOPT_H 1
| #define HAVE_IFADDRS_H 1
| #define HAVE_LANGINFO_H 1
| #define HAVE_POLL_H 1
| #define HAVE_SYS_EVENT_H 1
| #define HAVE_SYS_IPC_H 1
| #define HAVE_SYS_RESOURCE_H 1
| #define HAVE_SYS_SELECT_H 1
| #define HAVE_SYS_SEM_H 1
| #define HAVE_SYS_SHM_H 1
| #define HAVE_SYS_SOCKIO_H 1
| #define HAVE_SYS_UIO_H 1
| #define HAVE_SYS_UN_H 1
| #define HAVE_TERMIOS_H 1
| #define HAVE_WCTYPE_H 1
| #define HAVE_NET_IF_H 1
| #define HAVE_SYS_UCRED_H 1
| #define HAVE_NETINET_TCP_H 1
| #define HAVE_READLINE_READLINE_H 1
| #define HAVE_READLINE_HISTORY_H 1
| #define PG_PRINTF_ATTRIBUTE printf
| #define HAVE_FUNCNAME__FUNC 1
| #define HAVE__STATIC_ASSERT 1
| #define HAVE_TYPEOF 1
| #define HAVE__BUILTIN_TYPES_COMPATIBLE_P 1
| #define HAVE__BUILTIN_CONSTANT_P 1
| #define HAVE__BUILTIN_UNREACHABLE 1
| #define HAVE_COMPUTED_GOTO 1
| #define HAVE_STRUCT_TM_TM_ZONE 1
| #define HAVE_UNION_SEMUN 1
| #define HAVE_STRUCT_SOCKADDR_UN 1
| #define HAVE_STRUCT_SOCKADDR_STORAGE 1
| #define HAVE_STRUCT_SOCKADDR_STORAGE_SS_FAMILY 1
| /* end confdefs.h.  */
| #include <sys/types.h>
| #include <sys/socket.h>
| 
| 
| int
| main ()
| {
| static struct sockaddr_storage ac_aggr;
| if (ac_aggr.__ss_family)
| return 0;
|   ;
|   return 0;
| }
configure:14870: gcc -c -Wall -Wmissing-prototypes -Wpointer-arith -Wdeclaration-after-statement -Werror=vla -Werror=unguarded-availability-new -Wendif-labels -Wmissing-format-attribute -Wcast-function-type -Wformat-security -fno-strict-aliasing -fwrapv -Wno-unused-command-line-argument -Wno-compound-token-split-by-macro -O2 -isysroot /Applications/Xcode.app/Contents/Developer/Platforms/MacOSX.platform/Developer/SDKs/MacOSX13.3.sdk   conftest.c >&5
conftest.c:86:20: error: no member named '__ss_family' in 'struct sockaddr_storage'; did you mean 'ss_family'?
if (sizeof ac_aggr.__ss_family)
                   ^~~~~~~~~~~
                   ss_family
/Applications/Xcode.app/Contents/Developer/Platforms/MacOSX.platform/Developer/SDKs/MacOSX13.3.sdk/usr/include/sys/socket.h:466:18: note: 'ss_family' declared here
        sa_family_t     ss_family;      /* [XSI] address family */
                        ^
1 error generated.
configure:14870: $? = 1
configure: failed program was:
| /* confdefs.h */
| #define PACKAGE_NAME "PostgreSQL"
| #define PACKAGE_TARNAME "postgresql"
| #define PACKAGE_VERSION "14.2"
| #define PACKAGE_STRING "PostgreSQL 14.2"
| #define PACKAGE_BUGREPORT "pgsql-bugs@lists.postgresql.org"
| #define PACKAGE_URL "https://www.postgresql.org/"
| #define CONFIGURE_ARGS " '--prefix=/usr/local/pgsql142' 'PKG_CONFIG_PATH=:/opt/intel/sgxsdk/pkgconfig:/opt/intel/sgxsdk/pkgconfig'"
| #define PG_MAJORVERSION "14"
| #define PG_MAJORVERSION_NUM 14
| #define PG_MINORVERSION_NUM 2
| #define PG_VERSION "14.2"
| #define DEF_PGPORT 5432
| #define DEF_PGPORT_STR "5432"
| #define BLCKSZ 8192
| #define RELSEG_SIZE 131072
| #define XLOG_BLCKSZ 8192
| #define ENABLE_THREAD_SAFETY 1
| #define PG_KRB_SRVNAM "postgres"
| #define STDC_HEADERS 1
| #define HAVE_SYS_TYPES_H 1
| #define HAVE_SYS_STAT_H 1
| #define HAVE_STDLIB_H 1
| #define HAVE_STRING_H 1
| #define HAVE_MEMORY_H 1
| #define HAVE_STRINGS_H 1
| #define HAVE_INTTYPES_H 1
| #define HAVE_STDINT_H 1
| #define HAVE_UNISTD_H 1
| #define HAVE_PTHREAD_PRIO_INHERIT 1
| #define HAVE_PTHREAD 1
| #define HAVE_STRERROR_R 1
| #define HAVE_GETPWUID_R 1
| #define STRERROR_R_INT 1
| #define HAVE_LIBM 1
| #define HAVE_LIBREADLINE 1
| #define HAVE_LIBZ 1
| #define HAVE_SPINLOCKS 1
| #define HAVE_ATOMICS 1
| #define HAVE__BOOL 1
| #define HAVE_STDBOOL_H 1
| #define HAVE_COPYFILE_H 1
| #define HAVE_EXECINFO_H 1
| #define HAVE_GETOPT_H 1
| #define HAVE_IFADDRS_H 1
| #define HAVE_LANGINFO_H 1
| #define HAVE_POLL_H 1
| #define HAVE_SYS_EVENT_H 1
| #define HAVE_SYS_IPC_H 1
| #define HAVE_SYS_RESOURCE_H 1
| #define HAVE_SYS_SELECT_H 1
| #define HAVE_SYS_SEM_H 1
| #define HAVE_SYS_SHM_H 1
| #define HAVE_SYS_SOCKIO_H 1
| #define HAVE_SYS_UIO_H 1
| #define HAVE_SYS_UN_H 1
| #define HAVE_TERMIOS_H 1
| #define HAVE_WCTYPE_H 1
| #define HAVE_NET_IF_H 1
| #define HAVE_SYS_UCRED_H 1
| #define HAVE_NETINET_TCP_H 1
| #define HAVE_READLINE_READLINE_H 1
| #define HAVE_READLINE_HISTORY_H 1
| #define PG_PRINTF_ATTRIBUTE printf
| #define HAVE_FUNCNAME__FUNC 1
| #define HAVE__STATIC_ASSERT 1
| #define HAVE_TYPEOF 1
| #define HAVE__BUILTIN_TYPES_COMPATIBLE_P 1
| #define HAVE__BUILTIN_CONSTANT_P 1
| #define HAVE__BUILTIN_UNREACHABLE 1
| #define HAVE_COMPUTED_GOTO 1
| #define HAVE_STRUCT_TM_TM_ZONE 1
| #define HAVE_UNION_SEMUN 1
| #define HAVE_STRUCT_SOCKADDR_UN 1
| #define HAVE_STRUCT_SOCKADDR_STORAGE 1
| #define HAVE_STRUCT_SOCKADDR_STORAGE_SS_FAMILY 1
| /* end confdefs.h.  */
| #include <sys/types.h>
| #include <sys/socket.h>
| 
| 
| int
| main ()
| {
| static struct sockaddr_storage ac_aggr;
| if (sizeof ac_aggr.__ss_family)
| return 0;
|   ;
|   return 0;
| }
configure:14870: result: no
configure:14882: checking for struct sockaddr_storage.ss_len
configure:14882: gcc -c -Wall -Wmissing-prototypes -Wpointer-arith -Wdeclaration-after-statement -Werror=vla -Werror=unguarded-availability-new -Wendif-labels -Wmissing-format-attribute -Wcast-function-type -Wformat-security -fno-strict-aliasing -fwrapv -Wno-unused-command-line-argument -Wno-compound-token-split-by-macro -O2 -isysroot /Applications/Xcode.app/Contents/Developer/Platforms/MacOSX.platform/Developer/SDKs/MacOSX13.3.sdk   conftest.c >&5
configure:14882: $? = 0
configure:14882: result: yes
configure:14894: checking for struct sockaddr_storage.__ss_len
configure:14894: gcc -c -Wall -Wmissing-prototypes -Wpointer-arith -Wdeclaration-after-statement -Werror=vla -Werror=unguarded-availability-new -Wendif-labels -Wmissing-format-attribute -Wcast-function-type -Wformat-security -fno-strict-aliasing -fwrapv -Wno-unused-command-line-argument -Wno-compound-token-split-by-macro -O2 -isysroot /Applications/Xcode.app/Contents/Developer/Platforms/MacOSX.platform/Developer/SDKs/MacOSX13.3.sdk   conftest.c >&5
conftest.c:87:13: error: no member named '__ss_len' in 'struct sockaddr_storage'; did you mean 'ss_len'?
if (ac_aggr.__ss_len)
            ^~~~~~~~
            ss_len
/Applications/Xcode.app/Contents/Developer/Platforms/MacOSX.platform/Developer/SDKs/MacOSX13.3.sdk/usr/include/sys/socket.h:465:18: note: 'ss_len' declared here
        __uint8_t       ss_len;         /* address length */
                        ^
1 error generated.
configure:14894: $? = 1
configure: failed program was:
| /* confdefs.h */
| #define PACKAGE_NAME "PostgreSQL"
| #define PACKAGE_TARNAME "postgresql"
| #define PACKAGE_VERSION "14.2"
| #define PACKAGE_STRING "PostgreSQL 14.2"
| #define PACKAGE_BUGREPORT "pgsql-bugs@lists.postgresql.org"
| #define PACKAGE_URL "https://www.postgresql.org/"
| #define CONFIGURE_ARGS " '--prefix=/usr/local/pgsql142' 'PKG_CONFIG_PATH=:/opt/intel/sgxsdk/pkgconfig:/opt/intel/sgxsdk/pkgconfig'"
| #define PG_MAJORVERSION "14"
| #define PG_MAJORVERSION_NUM 14
| #define PG_MINORVERSION_NUM 2
| #define PG_VERSION "14.2"
| #define DEF_PGPORT 5432
| #define DEF_PGPORT_STR "5432"
| #define BLCKSZ 8192
| #define RELSEG_SIZE 131072
| #define XLOG_BLCKSZ 8192
| #define ENABLE_THREAD_SAFETY 1
| #define PG_KRB_SRVNAM "postgres"
| #define STDC_HEADERS 1
| #define HAVE_SYS_TYPES_H 1
| #define HAVE_SYS_STAT_H 1
| #define HAVE_STDLIB_H 1
| #define HAVE_STRING_H 1
| #define HAVE_MEMORY_H 1
| #define HAVE_STRINGS_H 1
| #define HAVE_INTTYPES_H 1
| #define HAVE_STDINT_H 1
| #define HAVE_UNISTD_H 1
| #define HAVE_PTHREAD_PRIO_INHERIT 1
| #define HAVE_PTHREAD 1
| #define HAVE_STRERROR_R 1
| #define HAVE_GETPWUID_R 1
| #define STRERROR_R_INT 1
| #define HAVE_LIBM 1
| #define HAVE_LIBREADLINE 1
| #define HAVE_LIBZ 1
| #define HAVE_SPINLOCKS 1
| #define HAVE_ATOMICS 1
| #define HAVE__BOOL 1
| #define HAVE_STDBOOL_H 1
| #define HAVE_COPYFILE_H 1
| #define HAVE_EXECINFO_H 1
| #define HAVE_GETOPT_H 1
| #define HAVE_IFADDRS_H 1
| #define HAVE_LANGINFO_H 1
| #define HAVE_POLL_H 1
| #define HAVE_SYS_EVENT_H 1
| #define HAVE_SYS_IPC_H 1
| #define HAVE_SYS_RESOURCE_H 1
| #define HAVE_SYS_SELECT_H 1
| #define HAVE_SYS_SEM_H 1
| #define HAVE_SYS_SHM_H 1
| #define HAVE_SYS_SOCKIO_H 1
| #define HAVE_SYS_UIO_H 1
| #define HAVE_SYS_UN_H 1
| #define HAVE_TERMIOS_H 1
| #define HAVE_WCTYPE_H 1
| #define HAVE_NET_IF_H 1
| #define HAVE_SYS_UCRED_H 1
| #define HAVE_NETINET_TCP_H 1
| #define HAVE_READLINE_READLINE_H 1
| #define HAVE_READLINE_HISTORY_H 1
| #define PG_PRINTF_ATTRIBUTE printf
| #define HAVE_FUNCNAME__FUNC 1
| #define HAVE__STATIC_ASSERT 1
| #define HAVE_TYPEOF 1
| #define HAVE__BUILTIN_TYPES_COMPATIBLE_P 1
| #define HAVE__BUILTIN_CONSTANT_P 1
| #define HAVE__BUILTIN_UNREACHABLE 1
| #define HAVE_COMPUTED_GOTO 1
| #define HAVE_STRUCT_TM_TM_ZONE 1
| #define HAVE_UNION_SEMUN 1
| #define HAVE_STRUCT_SOCKADDR_UN 1
| #define HAVE_STRUCT_SOCKADDR_STORAGE 1
| #define HAVE_STRUCT_SOCKADDR_STORAGE_SS_FAMILY 1
| #define HAVE_STRUCT_SOCKADDR_STORAGE_SS_LEN 1
| /* end confdefs.h.  */
| #include <sys/types.h>
| #include <sys/socket.h>
| 
| 
| int
| main ()
| {
| static struct sockaddr_storage ac_aggr;
| if (ac_aggr.__ss_len)
| return 0;
|   ;
|   return 0;
| }
configure:14894: gcc -c -Wall -Wmissing-prototypes -Wpointer-arith -Wdeclaration-after-statement -Werror=vla -Werror=unguarded-availability-new -Wendif-labels -Wmissing-format-attribute -Wcast-function-type -Wformat-security -fno-strict-aliasing -fwrapv -Wno-unused-command-line-argument -Wno-compound-token-split-by-macro -O2 -isysroot /Applications/Xcode.app/Contents/Developer/Platforms/MacOSX.platform/Developer/SDKs/MacOSX13.3.sdk   conftest.c >&5
conftest.c:87:20: error: no member named '__ss_len' in 'struct sockaddr_storage'; did you mean 'ss_len'?
if (sizeof ac_aggr.__ss_len)
                   ^~~~~~~~
                   ss_len
/Applications/Xcode.app/Contents/Developer/Platforms/MacOSX.platform/Developer/SDKs/MacOSX13.3.sdk/usr/include/sys/socket.h:465:18: note: 'ss_len' declared here
        __uint8_t       ss_len;         /* address length */
                        ^
1 error generated.
configure:14894: $? = 1
configure: failed program was:
| /* confdefs.h */
| #define PACKAGE_NAME "PostgreSQL"
| #define PACKAGE_TARNAME "postgresql"
| #define PACKAGE_VERSION "14.2"
| #define PACKAGE_STRING "PostgreSQL 14.2"
| #define PACKAGE_BUGREPORT "pgsql-bugs@lists.postgresql.org"
| #define PACKAGE_URL "https://www.postgresql.org/"
| #define CONFIGURE_ARGS " '--prefix=/usr/local/pgsql142' 'PKG_CONFIG_PATH=:/opt/intel/sgxsdk/pkgconfig:/opt/intel/sgxsdk/pkgconfig'"
| #define PG_MAJORVERSION "14"
| #define PG_MAJORVERSION_NUM 14
| #define PG_MINORVERSION_NUM 2
| #define PG_VERSION "14.2"
| #define DEF_PGPORT 5432
| #define DEF_PGPORT_STR "5432"
| #define BLCKSZ 8192
| #define RELSEG_SIZE 131072
| #define XLOG_BLCKSZ 8192
| #define ENABLE_THREAD_SAFETY 1
| #define PG_KRB_SRVNAM "postgres"
| #define STDC_HEADERS 1
| #define HAVE_SYS_TYPES_H 1
| #define HAVE_SYS_STAT_H 1
| #define HAVE_STDLIB_H 1
| #define HAVE_STRING_H 1
| #define HAVE_MEMORY_H 1
| #define HAVE_STRINGS_H 1
| #define HAVE_INTTYPES_H 1
| #define HAVE_STDINT_H 1
| #define HAVE_UNISTD_H 1
| #define HAVE_PTHREAD_PRIO_INHERIT 1
| #define HAVE_PTHREAD 1
| #define HAVE_STRERROR_R 1
| #define HAVE_GETPWUID_R 1
| #define STRERROR_R_INT 1
| #define HAVE_LIBM 1
| #define HAVE_LIBREADLINE 1
| #define HAVE_LIBZ 1
| #define HAVE_SPINLOCKS 1
| #define HAVE_ATOMICS 1
| #define HAVE__BOOL 1
| #define HAVE_STDBOOL_H 1
| #define HAVE_COPYFILE_H 1
| #define HAVE_EXECINFO_H 1
| #define HAVE_GETOPT_H 1
| #define HAVE_IFADDRS_H 1
| #define HAVE_LANGINFO_H 1
| #define HAVE_POLL_H 1
| #define HAVE_SYS_EVENT_H 1
| #define HAVE_SYS_IPC_H 1
| #define HAVE_SYS_RESOURCE_H 1
| #define HAVE_SYS_SELECT_H 1
| #define HAVE_SYS_SEM_H 1
| #define HAVE_SYS_SHM_H 1
| #define HAVE_SYS_SOCKIO_H 1
| #define HAVE_SYS_UIO_H 1
| #define HAVE_SYS_UN_H 1
| #define HAVE_TERMIOS_H 1
| #define HAVE_WCTYPE_H 1
| #define HAVE_NET_IF_H 1
| #define HAVE_SYS_UCRED_H 1
| #define HAVE_NETINET_TCP_H 1
| #define HAVE_READLINE_READLINE_H 1
| #define HAVE_READLINE_HISTORY_H 1
| #define PG_PRINTF_ATTRIBUTE printf
| #define HAVE_FUNCNAME__FUNC 1
| #define HAVE__STATIC_ASSERT 1
| #define HAVE_TYPEOF 1
| #define HAVE__BUILTIN_TYPES_COMPATIBLE_P 1
| #define HAVE__BUILTIN_CONSTANT_P 1
| #define HAVE__BUILTIN_UNREACHABLE 1
| #define HAVE_COMPUTED_GOTO 1
| #define HAVE_STRUCT_TM_TM_ZONE 1
| #define HAVE_UNION_SEMUN 1
| #define HAVE_STRUCT_SOCKADDR_UN 1
| #define HAVE_STRUCT_SOCKADDR_STORAGE 1
| #define HAVE_STRUCT_SOCKADDR_STORAGE_SS_FAMILY 1
| #define HAVE_STRUCT_SOCKADDR_STORAGE_SS_LEN 1
| /* end confdefs.h.  */
| #include <sys/types.h>
| #include <sys/socket.h>
| 
| 
| int
| main ()
| {
| static struct sockaddr_storage ac_aggr;
| if (sizeof ac_aggr.__ss_len)
| return 0;
|   ;
|   return 0;
| }
configure:14894: result: no
configure:14906: checking for struct sockaddr.sa_len
configure:14906: gcc -c -Wall -Wmissing-prototypes -Wpointer-arith -Wdeclaration-after-statement -Werror=vla -Werror=unguarded-availability-new -Wendif-labels -Wmissing-format-attribute -Wcast-function-type -Wformat-security -fno-strict-aliasing -fwrapv -Wno-unused-command-line-argument -Wno-compound-token-split-by-macro -O2 -isysroot /Applications/Xcode.app/Contents/Developer/Platforms/MacOSX.platform/Developer/SDKs/MacOSX13.3.sdk   conftest.c >&5
configure:14906: $? = 0
configure:14906: result: yes
configure:14919: checking for struct addrinfo
configure:14919: gcc -c -Wall -Wmissing-prototypes -Wpointer-arith -Wdeclaration-after-statement -Werror=vla -Werror=unguarded-availability-new -Wendif-labels -Wmissing-format-attribute -Wcast-function-type -Wformat-security -fno-strict-aliasing -fwrapv -Wno-unused-command-line-argument -Wno-compound-token-split-by-macro -O2 -isysroot /Applications/Xcode.app/Contents/Developer/Platforms/MacOSX.platform/Developer/SDKs/MacOSX13.3.sdk   conftest.c >&5
configure:14919: $? = 0
configure:14919: gcc -c -Wall -Wmissing-prototypes -Wpointer-arith -Wdeclaration-after-statement -Werror=vla -Werror=unguarded-availability-new -Wendif-labels -Wmissing-format-attribute -Wcast-function-type -Wformat-security -fno-strict-aliasing -fwrapv -Wno-unused-command-line-argument -Wno-compound-token-split-by-macro -O2 -isysroot /Applications/Xcode.app/Contents/Developer/Platforms/MacOSX.platform/Developer/SDKs/MacOSX13.3.sdk   conftest.c >&5
conftest.c:88:30: error: expected expression
if (sizeof ((struct addrinfo)))
                             ^
1 error generated.
configure:14919: $? = 1
configure: failed program was:
| /* confdefs.h */
| #define PACKAGE_NAME "PostgreSQL"
| #define PACKAGE_TARNAME "postgresql"
| #define PACKAGE_VERSION "14.2"
| #define PACKAGE_STRING "PostgreSQL 14.2"
| #define PACKAGE_BUGREPORT "pgsql-bugs@lists.postgresql.org"
| #define PACKAGE_URL "https://www.postgresql.org/"
| #define CONFIGURE_ARGS " '--prefix=/usr/local/pgsql142' 'PKG_CONFIG_PATH=:/opt/intel/sgxsdk/pkgconfig:/opt/intel/sgxsdk/pkgconfig'"
| #define PG_MAJORVERSION "14"
| #define PG_MAJORVERSION_NUM 14
| #define PG_MINORVERSION_NUM 2
| #define PG_VERSION "14.2"
| #define DEF_PGPORT 5432
| #define DEF_PGPORT_STR "5432"
| #define BLCKSZ 8192
| #define RELSEG_SIZE 131072
| #define XLOG_BLCKSZ 8192
| #define ENABLE_THREAD_SAFETY 1
| #define PG_KRB_SRVNAM "postgres"
| #define STDC_HEADERS 1
| #define HAVE_SYS_TYPES_H 1
| #define HAVE_SYS_STAT_H 1
| #define HAVE_STDLIB_H 1
| #define HAVE_STRING_H 1
| #define HAVE_MEMORY_H 1
| #define HAVE_STRINGS_H 1
| #define HAVE_INTTYPES_H 1
| #define HAVE_STDINT_H 1
| #define HAVE_UNISTD_H 1
| #define HAVE_PTHREAD_PRIO_INHERIT 1
| #define HAVE_PTHREAD 1
| #define HAVE_STRERROR_R 1
| #define HAVE_GETPWUID_R 1
| #define STRERROR_R_INT 1
| #define HAVE_LIBM 1
| #define HAVE_LIBREADLINE 1
| #define HAVE_LIBZ 1
| #define HAVE_SPINLOCKS 1
| #define HAVE_ATOMICS 1
| #define HAVE__BOOL 1
| #define HAVE_STDBOOL_H 1
| #define HAVE_COPYFILE_H 1
| #define HAVE_EXECINFO_H 1
| #define HAVE_GETOPT_H 1
| #define HAVE_IFADDRS_H 1
| #define HAVE_LANGINFO_H 1
| #define HAVE_POLL_H 1
| #define HAVE_SYS_EVENT_H 1
| #define HAVE_SYS_IPC_H 1
| #define HAVE_SYS_RESOURCE_H 1
| #define HAVE_SYS_SELECT_H 1
| #define HAVE_SYS_SEM_H 1
| #define HAVE_SYS_SHM_H 1
| #define HAVE_SYS_SOCKIO_H 1
| #define HAVE_SYS_UIO_H 1
| #define HAVE_SYS_UN_H 1
| #define HAVE_TERMIOS_H 1
| #define HAVE_WCTYPE_H 1
| #define HAVE_NET_IF_H 1
| #define HAVE_SYS_UCRED_H 1
| #define HAVE_NETINET_TCP_H 1
| #define HAVE_READLINE_READLINE_H 1
| #define HAVE_READLINE_HISTORY_H 1
| #define PG_PRINTF_ATTRIBUTE printf
| #define HAVE_FUNCNAME__FUNC 1
| #define HAVE__STATIC_ASSERT 1
| #define HAVE_TYPEOF 1
| #define HAVE__BUILTIN_TYPES_COMPATIBLE_P 1
| #define HAVE__BUILTIN_CONSTANT_P 1
| #define HAVE__BUILTIN_UNREACHABLE 1
| #define HAVE_COMPUTED_GOTO 1
| #define HAVE_STRUCT_TM_TM_ZONE 1
| #define HAVE_UNION_SEMUN 1
| #define HAVE_STRUCT_SOCKADDR_UN 1
| #define HAVE_STRUCT_SOCKADDR_STORAGE 1
| #define HAVE_STRUCT_SOCKADDR_STORAGE_SS_FAMILY 1
| #define HAVE_STRUCT_SOCKADDR_STORAGE_SS_LEN 1
| #define HAVE_STRUCT_SOCKADDR_SA_LEN 1
| /* end confdefs.h.  */
| #include <sys/types.h>
| #include <sys/socket.h>
| #include <netdb.h>
| 
| 
| int
| main ()
| {
| if (sizeof ((struct addrinfo)))
| 	    return 0;
|   ;
|   return 0;
| }
configure:14919: result: yes
configure:14934: checking for locale_t
configure:14951: gcc -c -Wall -Wmissing-prototypes -Wpointer-arith -Wdeclaration-after-statement -Werror=vla -Werror=unguarded-availability-new -Wendif-labels -Wmissing-format-attribute -Wcast-function-type -Wformat-security -fno-strict-aliasing -fwrapv -Wno-unused-command-line-argument -Wno-compound-token-split-by-macro -O2 -isysroot /Applications/Xcode.app/Contents/Developer/Platforms/MacOSX.platform/Developer/SDKs/MacOSX13.3.sdk   conftest.c >&5
conftest.c:82:1: error: unknown type name 'locale_t'
locale_t x;
^
1 error generated.
configure:14951: $? = 1
configure: failed program was:
| /* confdefs.h */
| #define PACKAGE_NAME "PostgreSQL"
| #define PACKAGE_TARNAME "postgresql"
| #define PACKAGE_VERSION "14.2"
| #define PACKAGE_STRING "PostgreSQL 14.2"
| #define PACKAGE_BUGREPORT "pgsql-bugs@lists.postgresql.org"
| #define PACKAGE_URL "https://www.postgresql.org/"
| #define CONFIGURE_ARGS " '--prefix=/usr/local/pgsql142' 'PKG_CONFIG_PATH=:/opt/intel/sgxsdk/pkgconfig:/opt/intel/sgxsdk/pkgconfig'"
| #define PG_MAJORVERSION "14"
| #define PG_MAJORVERSION_NUM 14
| #define PG_MINORVERSION_NUM 2
| #define PG_VERSION "14.2"
| #define DEF_PGPORT 5432
| #define DEF_PGPORT_STR "5432"
| #define BLCKSZ 8192
| #define RELSEG_SIZE 131072
| #define XLOG_BLCKSZ 8192
| #define ENABLE_THREAD_SAFETY 1
| #define PG_KRB_SRVNAM "postgres"
| #define STDC_HEADERS 1
| #define HAVE_SYS_TYPES_H 1
| #define HAVE_SYS_STAT_H 1
| #define HAVE_STDLIB_H 1
| #define HAVE_STRING_H 1
| #define HAVE_MEMORY_H 1
| #define HAVE_STRINGS_H 1
| #define HAVE_INTTYPES_H 1
| #define HAVE_STDINT_H 1
| #define HAVE_UNISTD_H 1
| #define HAVE_PTHREAD_PRIO_INHERIT 1
| #define HAVE_PTHREAD 1
| #define HAVE_STRERROR_R 1
| #define HAVE_GETPWUID_R 1
| #define STRERROR_R_INT 1
| #define HAVE_LIBM 1
| #define HAVE_LIBREADLINE 1
| #define HAVE_LIBZ 1
| #define HAVE_SPINLOCKS 1
| #define HAVE_ATOMICS 1
| #define HAVE__BOOL 1
| #define HAVE_STDBOOL_H 1
| #define HAVE_COPYFILE_H 1
| #define HAVE_EXECINFO_H 1
| #define HAVE_GETOPT_H 1
| #define HAVE_IFADDRS_H 1
| #define HAVE_LANGINFO_H 1
| #define HAVE_POLL_H 1
| #define HAVE_SYS_EVENT_H 1
| #define HAVE_SYS_IPC_H 1
| #define HAVE_SYS_RESOURCE_H 1
| #define HAVE_SYS_SELECT_H 1
| #define HAVE_SYS_SEM_H 1
| #define HAVE_SYS_SHM_H 1
| #define HAVE_SYS_SOCKIO_H 1
| #define HAVE_SYS_UIO_H 1
| #define HAVE_SYS_UN_H 1
| #define HAVE_TERMIOS_H 1
| #define HAVE_WCTYPE_H 1
| #define HAVE_NET_IF_H 1
| #define HAVE_SYS_UCRED_H 1
| #define HAVE_NETINET_TCP_H 1
| #define HAVE_READLINE_READLINE_H 1
| #define HAVE_READLINE_HISTORY_H 1
| #define PG_PRINTF_ATTRIBUTE printf
| #define HAVE_FUNCNAME__FUNC 1
| #define HAVE__STATIC_ASSERT 1
| #define HAVE_TYPEOF 1
| #define HAVE__BUILTIN_TYPES_COMPATIBLE_P 1
| #define HAVE__BUILTIN_CONSTANT_P 1
| #define HAVE__BUILTIN_UNREACHABLE 1
| #define HAVE_COMPUTED_GOTO 1
| #define HAVE_STRUCT_TM_TM_ZONE 1
| #define HAVE_UNION_SEMUN 1
| #define HAVE_STRUCT_SOCKADDR_UN 1
| #define HAVE_STRUCT_SOCKADDR_STORAGE 1
| #define HAVE_STRUCT_SOCKADDR_STORAGE_SS_FAMILY 1
| #define HAVE_STRUCT_SOCKADDR_STORAGE_SS_LEN 1
| #define HAVE_STRUCT_SOCKADDR_SA_LEN 1
| #define HAVE_STRUCT_ADDRINFO 1
| /* end confdefs.h.  */
| #include <locale.h>
| locale_t x;
| int
| main ()
| {
| 
|   ;
|   return 0;
| }
configure:14966: gcc -c -Wall -Wmissing-prototypes -Wpointer-arith -Wdeclaration-after-statement -Werror=vla -Werror=unguarded-availability-new -Wendif-labels -Wmissing-format-attribute -Wcast-function-type -Wformat-security -fno-strict-aliasing -fwrapv -Wno-unused-command-line-argument -Wno-compound-token-split-by-macro -O2 -isysroot /Applications/Xcode.app/Contents/Developer/Platforms/MacOSX.platform/Developer/SDKs/MacOSX13.3.sdk   conftest.c >&5
configure:14966: $? = 0
configure:14975: result: yes (in xlocale.h)
configure:14996: checking for C/C++ restrict keyword
configure:15021: gcc -c -Wall -Wmissing-prototypes -Wpointer-arith -Wdeclaration-after-statement -Werror=vla -Werror=unguarded-availability-new -Wendif-labels -Wmissing-format-attribute -Wcast-function-type -Wformat-security -fno-strict-aliasing -fwrapv -Wno-unused-command-line-argument -Wno-compound-token-split-by-macro -O2 -isysroot /Applications/Xcode.app/Contents/Developer/Platforms/MacOSX.platform/Developer/SDKs/MacOSX13.3.sdk   conftest.c >&5
conftest.c:84:6: warning: no previous prototype for function 'foo' [-Wmissing-prototypes]
        int foo (int_ptr __restrict ip) {
            ^
conftest.c:84:2: note: declare 'static' if the function is not intended to be used outside of this translation unit
        int foo (int_ptr __restrict ip) {
        ^
        static 
1 warning generated.
configure:15021: $? = 0
configure:15029: result: __restrict
configure:15053: checking for struct cmsgcred
configure:15053: gcc -c -Wall -Wmissing-prototypes -Wpointer-arith -Wdeclaration-after-statement -Werror=vla -Werror=unguarded-availability-new -Wendif-labels -Wmissing-format-attribute -Wcast-function-type -Wformat-security -fno-strict-aliasing -fwrapv -Wno-unused-command-line-argument -Wno-compound-token-split-by-macro -O2 -isysroot /Applications/Xcode.app/Contents/Developer/Platforms/MacOSX.platform/Developer/SDKs/MacOSX13.3.sdk   conftest.c >&5
conftest.c:94:5: error: invalid application of 'sizeof' to an incomplete type 'struct cmsgcred'
if (sizeof (struct cmsgcred))
    ^      ~~~~~~~~~~~~~~~~~
conftest.c:94:20: note: forward declaration of 'struct cmsgcred'
if (sizeof (struct cmsgcred))
                   ^
1 error generated.
configure:15053: $? = 1
configure: failed program was:
| /* confdefs.h */
| #define PACKAGE_NAME "PostgreSQL"
| #define PACKAGE_TARNAME "postgresql"
| #define PACKAGE_VERSION "14.2"
| #define PACKAGE_STRING "PostgreSQL 14.2"
| #define PACKAGE_BUGREPORT "pgsql-bugs@lists.postgresql.org"
| #define PACKAGE_URL "https://www.postgresql.org/"
| #define CONFIGURE_ARGS " '--prefix=/usr/local/pgsql142' 'PKG_CONFIG_PATH=:/opt/intel/sgxsdk/pkgconfig:/opt/intel/sgxsdk/pkgconfig'"
| #define PG_MAJORVERSION "14"
| #define PG_MAJORVERSION_NUM 14
| #define PG_MINORVERSION_NUM 2
| #define PG_VERSION "14.2"
| #define DEF_PGPORT 5432
| #define DEF_PGPORT_STR "5432"
| #define BLCKSZ 8192
| #define RELSEG_SIZE 131072
| #define XLOG_BLCKSZ 8192
| #define ENABLE_THREAD_SAFETY 1
| #define PG_KRB_SRVNAM "postgres"
| #define STDC_HEADERS 1
| #define HAVE_SYS_TYPES_H 1
| #define HAVE_SYS_STAT_H 1
| #define HAVE_STDLIB_H 1
| #define HAVE_STRING_H 1
| #define HAVE_MEMORY_H 1
| #define HAVE_STRINGS_H 1
| #define HAVE_INTTYPES_H 1
| #define HAVE_STDINT_H 1
| #define HAVE_UNISTD_H 1
| #define HAVE_PTHREAD_PRIO_INHERIT 1
| #define HAVE_PTHREAD 1
| #define HAVE_STRERROR_R 1
| #define HAVE_GETPWUID_R 1
| #define STRERROR_R_INT 1
| #define HAVE_LIBM 1
| #define HAVE_LIBREADLINE 1
| #define HAVE_LIBZ 1
| #define HAVE_SPINLOCKS 1
| #define HAVE_ATOMICS 1
| #define HAVE__BOOL 1
| #define HAVE_STDBOOL_H 1
| #define HAVE_COPYFILE_H 1
| #define HAVE_EXECINFO_H 1
| #define HAVE_GETOPT_H 1
| #define HAVE_IFADDRS_H 1
| #define HAVE_LANGINFO_H 1
| #define HAVE_POLL_H 1
| #define HAVE_SYS_EVENT_H 1
| #define HAVE_SYS_IPC_H 1
| #define HAVE_SYS_RESOURCE_H 1
| #define HAVE_SYS_SELECT_H 1
| #define HAVE_SYS_SEM_H 1
| #define HAVE_SYS_SHM_H 1
| #define HAVE_SYS_SOCKIO_H 1
| #define HAVE_SYS_UIO_H 1
| #define HAVE_SYS_UN_H 1
| #define HAVE_TERMIOS_H 1
| #define HAVE_WCTYPE_H 1
| #define HAVE_NET_IF_H 1
| #define HAVE_SYS_UCRED_H 1
| #define HAVE_NETINET_TCP_H 1
| #define HAVE_READLINE_READLINE_H 1
| #define HAVE_READLINE_HISTORY_H 1
| #define PG_PRINTF_ATTRIBUTE printf
| #define HAVE_FUNCNAME__FUNC 1
| #define HAVE__STATIC_ASSERT 1
| #define HAVE_TYPEOF 1
| #define HAVE__BUILTIN_TYPES_COMPATIBLE_P 1
| #define HAVE__BUILTIN_CONSTANT_P 1
| #define HAVE__BUILTIN_UNREACHABLE 1
| #define HAVE_COMPUTED_GOTO 1
| #define HAVE_STRUCT_TM_TM_ZONE 1
| #define HAVE_UNION_SEMUN 1
| #define HAVE_STRUCT_SOCKADDR_UN 1
| #define HAVE_STRUCT_SOCKADDR_STORAGE 1
| #define HAVE_STRUCT_SOCKADDR_STORAGE_SS_FAMILY 1
| #define HAVE_STRUCT_SOCKADDR_STORAGE_SS_LEN 1
| #define HAVE_STRUCT_SOCKADDR_SA_LEN 1
| #define HAVE_STRUCT_ADDRINFO 1
| #define HAVE_LOCALE_T 1
| #define LOCALE_T_IN_XLOCALE 1
| #define restrict __restrict
| #define pg_restrict __restrict
| /* end confdefs.h.  */
| #include <sys/socket.h>
| #include <sys/param.h>
| #ifdef HAVE_SYS_UCRED_H
| #include <sys/ucred.h>
| #endif
| 
| int
| main ()
| {
| if (sizeof (struct cmsgcred))
| 	 return 0;
|   ;
|   return 0;
| }
configure:15053: result: no
configure:15069: checking for struct option
configure:15069: gcc -c -Wall -Wmissing-prototypes -Wpointer-arith -Wdeclaration-after-statement -Werror=vla -Werror=unguarded-availability-new -Wendif-labels -Wmissing-format-attribute -Wcast-function-type -Wformat-security -fno-strict-aliasing -fwrapv -Wno-unused-command-line-argument -Wno-compound-token-split-by-macro -O2 -isysroot /Applications/Xcode.app/Contents/Developer/Platforms/MacOSX.platform/Developer/SDKs/MacOSX13.3.sdk   conftest.c >&5
configure:15069: $? = 0
configure:15069: gcc -c -Wall -Wmissing-prototypes -Wpointer-arith -Wdeclaration-after-statement -Werror=vla -Werror=unguarded-availability-new -Wendif-labels -Wmissing-format-attribute -Wcast-function-type -Wformat-security -fno-strict-aliasing -fwrapv -Wno-unused-command-line-argument -Wno-compound-token-split-by-macro -O2 -isysroot /Applications/Xcode.app/Contents/Developer/Platforms/MacOSX.platform/Developer/SDKs/MacOSX13.3.sdk   conftest.c >&5
conftest.c:92:28: error: expected expression
if (sizeof ((struct option)))
                           ^
1 error generated.
configure:15069: $? = 1
configure: failed program was:
| /* confdefs.h */
| #define PACKAGE_NAME "PostgreSQL"
| #define PACKAGE_TARNAME "postgresql"
| #define PACKAGE_VERSION "14.2"
| #define PACKAGE_STRING "PostgreSQL 14.2"
| #define PACKAGE_BUGREPORT "pgsql-bugs@lists.postgresql.org"
| #define PACKAGE_URL "https://www.postgresql.org/"
| #define CONFIGURE_ARGS " '--prefix=/usr/local/pgsql142' 'PKG_CONFIG_PATH=:/opt/intel/sgxsdk/pkgconfig:/opt/intel/sgxsdk/pkgconfig'"
| #define PG_MAJORVERSION "14"
| #define PG_MAJORVERSION_NUM 14
| #define PG_MINORVERSION_NUM 2
| #define PG_VERSION "14.2"
| #define DEF_PGPORT 5432
| #define DEF_PGPORT_STR "5432"
| #define BLCKSZ 8192
| #define RELSEG_SIZE 131072
| #define XLOG_BLCKSZ 8192
| #define ENABLE_THREAD_SAFETY 1
| #define PG_KRB_SRVNAM "postgres"
| #define STDC_HEADERS 1
| #define HAVE_SYS_TYPES_H 1
| #define HAVE_SYS_STAT_H 1
| #define HAVE_STDLIB_H 1
| #define HAVE_STRING_H 1
| #define HAVE_MEMORY_H 1
| #define HAVE_STRINGS_H 1
| #define HAVE_INTTYPES_H 1
| #define HAVE_STDINT_H 1
| #define HAVE_UNISTD_H 1
| #define HAVE_PTHREAD_PRIO_INHERIT 1
| #define HAVE_PTHREAD 1
| #define HAVE_STRERROR_R 1
| #define HAVE_GETPWUID_R 1
| #define STRERROR_R_INT 1
| #define HAVE_LIBM 1
| #define HAVE_LIBREADLINE 1
| #define HAVE_LIBZ 1
| #define HAVE_SPINLOCKS 1
| #define HAVE_ATOMICS 1
| #define HAVE__BOOL 1
| #define HAVE_STDBOOL_H 1
| #define HAVE_COPYFILE_H 1
| #define HAVE_EXECINFO_H 1
| #define HAVE_GETOPT_H 1
| #define HAVE_IFADDRS_H 1
| #define HAVE_LANGINFO_H 1
| #define HAVE_POLL_H 1
| #define HAVE_SYS_EVENT_H 1
| #define HAVE_SYS_IPC_H 1
| #define HAVE_SYS_RESOURCE_H 1
| #define HAVE_SYS_SELECT_H 1
| #define HAVE_SYS_SEM_H 1
| #define HAVE_SYS_SHM_H 1
| #define HAVE_SYS_SOCKIO_H 1
| #define HAVE_SYS_UIO_H 1
| #define HAVE_SYS_UN_H 1
| #define HAVE_TERMIOS_H 1
| #define HAVE_WCTYPE_H 1
| #define HAVE_NET_IF_H 1
| #define HAVE_SYS_UCRED_H 1
| #define HAVE_NETINET_TCP_H 1
| #define HAVE_READLINE_READLINE_H 1
| #define HAVE_READLINE_HISTORY_H 1
| #define PG_PRINTF_ATTRIBUTE printf
| #define HAVE_FUNCNAME__FUNC 1
| #define HAVE__STATIC_ASSERT 1
| #define HAVE_TYPEOF 1
| #define HAVE__BUILTIN_TYPES_COMPATIBLE_P 1
| #define HAVE__BUILTIN_CONSTANT_P 1
| #define HAVE__BUILTIN_UNREACHABLE 1
| #define HAVE_COMPUTED_GOTO 1
| #define HAVE_STRUCT_TM_TM_ZONE 1
| #define HAVE_UNION_SEMUN 1
| #define HAVE_STRUCT_SOCKADDR_UN 1
| #define HAVE_STRUCT_SOCKADDR_STORAGE 1
| #define HAVE_STRUCT_SOCKADDR_STORAGE_SS_FAMILY 1
| #define HAVE_STRUCT_SOCKADDR_STORAGE_SS_LEN 1
| #define HAVE_STRUCT_SOCKADDR_SA_LEN 1
| #define HAVE_STRUCT_ADDRINFO 1
| #define HAVE_LOCALE_T 1
| #define LOCALE_T_IN_XLOCALE 1
| #define restrict __restrict
| #define pg_restrict __restrict
| /* end confdefs.h.  */
| #ifdef HAVE_GETOPT_H
| #include <getopt.h>
| #endif
| 
| int
| main ()
| {
| if (sizeof ((struct option)))
| 	    return 0;
|   ;
|   return 0;
| }
configure:15069: result: yes
configure:15087: checking for z_streamp
configure:15087: gcc -c -Wall -Wmissing-prototypes -Wpointer-arith -Wdeclaration-after-statement -Werror=vla -Werror=unguarded-availability-new -Wendif-labels -Wmissing-format-attribute -Wcast-function-type -Wformat-security -fno-strict-aliasing -fwrapv -Wno-unused-command-line-argument -Wno-compound-token-split-by-macro -O2 -isysroot /Applications/Xcode.app/Contents/Developer/Platforms/MacOSX.platform/Developer/SDKs/MacOSX13.3.sdk   conftest.c >&5
configure:15087: $? = 0
configure:15087: gcc -c -Wall -Wmissing-prototypes -Wpointer-arith -Wdeclaration-after-statement -Werror=vla -Werror=unguarded-availability-new -Wendif-labels -Wmissing-format-attribute -Wcast-function-type -Wformat-security -fno-strict-aliasing -fwrapv -Wno-unused-command-line-argument -Wno-compound-token-split-by-macro -O2 -isysroot /Applications/Xcode.app/Contents/Developer/Platforms/MacOSX.platform/Developer/SDKs/MacOSX13.3.sdk   conftest.c >&5
conftest.c:91:24: error: expected expression
if (sizeof ((z_streamp)))
                       ^
1 error generated.
configure:15087: $? = 1
configure: failed program was:
| /* confdefs.h */
| #define PACKAGE_NAME "PostgreSQL"
| #define PACKAGE_TARNAME "postgresql"
| #define PACKAGE_VERSION "14.2"
| #define PACKAGE_STRING "PostgreSQL 14.2"
| #define PACKAGE_BUGREPORT "pgsql-bugs@lists.postgresql.org"
| #define PACKAGE_URL "https://www.postgresql.org/"
| #define CONFIGURE_ARGS " '--prefix=/usr/local/pgsql142' 'PKG_CONFIG_PATH=:/opt/intel/sgxsdk/pkgconfig:/opt/intel/sgxsdk/pkgconfig'"
| #define PG_MAJORVERSION "14"
| #define PG_MAJORVERSION_NUM 14
| #define PG_MINORVERSION_NUM 2
| #define PG_VERSION "14.2"
| #define DEF_PGPORT 5432
| #define DEF_PGPORT_STR "5432"
| #define BLCKSZ 8192
| #define RELSEG_SIZE 131072
| #define XLOG_BLCKSZ 8192
| #define ENABLE_THREAD_SAFETY 1
| #define PG_KRB_SRVNAM "postgres"
| #define STDC_HEADERS 1
| #define HAVE_SYS_TYPES_H 1
| #define HAVE_SYS_STAT_H 1
| #define HAVE_STDLIB_H 1
| #define HAVE_STRING_H 1
| #define HAVE_MEMORY_H 1
| #define HAVE_STRINGS_H 1
| #define HAVE_INTTYPES_H 1
| #define HAVE_STDINT_H 1
| #define HAVE_UNISTD_H 1
| #define HAVE_PTHREAD_PRIO_INHERIT 1
| #define HAVE_PTHREAD 1
| #define HAVE_STRERROR_R 1
| #define HAVE_GETPWUID_R 1
| #define STRERROR_R_INT 1
| #define HAVE_LIBM 1
| #define HAVE_LIBREADLINE 1
| #define HAVE_LIBZ 1
| #define HAVE_SPINLOCKS 1
| #define HAVE_ATOMICS 1
| #define HAVE__BOOL 1
| #define HAVE_STDBOOL_H 1
| #define HAVE_COPYFILE_H 1
| #define HAVE_EXECINFO_H 1
| #define HAVE_GETOPT_H 1
| #define HAVE_IFADDRS_H 1
| #define HAVE_LANGINFO_H 1
| #define HAVE_POLL_H 1
| #define HAVE_SYS_EVENT_H 1
| #define HAVE_SYS_IPC_H 1
| #define HAVE_SYS_RESOURCE_H 1
| #define HAVE_SYS_SELECT_H 1
| #define HAVE_SYS_SEM_H 1
| #define HAVE_SYS_SHM_H 1
| #define HAVE_SYS_SOCKIO_H 1
| #define HAVE_SYS_UIO_H 1
| #define HAVE_SYS_UN_H 1
| #define HAVE_TERMIOS_H 1
| #define HAVE_WCTYPE_H 1
| #define HAVE_NET_IF_H 1
| #define HAVE_SYS_UCRED_H 1
| #define HAVE_NETINET_TCP_H 1
| #define HAVE_READLINE_READLINE_H 1
| #define HAVE_READLINE_HISTORY_H 1
| #define PG_PRINTF_ATTRIBUTE printf
| #define HAVE_FUNCNAME__FUNC 1
| #define HAVE__STATIC_ASSERT 1
| #define HAVE_TYPEOF 1
| #define HAVE__BUILTIN_TYPES_COMPATIBLE_P 1
| #define HAVE__BUILTIN_CONSTANT_P 1
| #define HAVE__BUILTIN_UNREACHABLE 1
| #define HAVE_COMPUTED_GOTO 1
| #define HAVE_STRUCT_TM_TM_ZONE 1
| #define HAVE_UNION_SEMUN 1
| #define HAVE_STRUCT_SOCKADDR_UN 1
| #define HAVE_STRUCT_SOCKADDR_STORAGE 1
| #define HAVE_STRUCT_SOCKADDR_STORAGE_SS_FAMILY 1
| #define HAVE_STRUCT_SOCKADDR_STORAGE_SS_LEN 1
| #define HAVE_STRUCT_SOCKADDR_SA_LEN 1
| #define HAVE_STRUCT_ADDRINFO 1
| #define HAVE_LOCALE_T 1
| #define LOCALE_T_IN_XLOCALE 1
| #define restrict __restrict
| #define pg_restrict __restrict
| #define HAVE_STRUCT_OPTION 1
| /* end confdefs.h.  */
| #include <zlib.h>
| 
| int
| main ()
| {
| if (sizeof ((z_streamp)))
| 	    return 0;
|   ;
|   return 0;
| }
configure:15087: result: yes
configure:15221: checking for special C compiler options needed for large files
configure:15266: result: no
configure:15272: checking for _FILE_OFFSET_BITS value needed for large files
configure:15297: gcc -c -Wall -Wmissing-prototypes -Wpointer-arith -Wdeclaration-after-statement -Werror=vla -Werror=unguarded-availability-new -Wendif-labels -Wmissing-format-attribute -Wcast-function-type -Wformat-security -fno-strict-aliasing -fwrapv -Wno-unused-command-line-argument -Wno-compound-token-split-by-macro -O2 -isysroot /Applications/Xcode.app/Contents/Developer/Platforms/MacOSX.platform/Developer/SDKs/MacOSX13.3.sdk   conftest.c >&5
configure:15297: $? = 0
configure:15329: result: no
configure:15421: checking size of off_t
configure:15426: gcc -o conftest -Wall -Wmissing-prototypes -Wpointer-arith -Wdeclaration-after-statement -Werror=vla -Werror=unguarded-availability-new -Wendif-labels -Wmissing-format-attribute -Wcast-function-type -Wformat-security -fno-strict-aliasing -fwrapv -Wno-unused-command-line-argument -Wno-compound-token-split-by-macro -O2 -isysroot /Applications/Xcode.app/Contents/Developer/Platforms/MacOSX.platform/Developer/SDKs/MacOSX13.3.sdk   -isysroot /Applications/Xcode.app/Contents/Developer/Platforms/MacOSX.platform/Developer/SDKs/MacOSX13.3.sdk   conftest.c -lz -lreadline -lm  >&5
configure:15426: $? = 0
configure:15426: ./conftest
configure:15426: $? = 0
configure:15440: result: 8
configure:15460: checking size of bool
configure:15465: gcc -o conftest -Wall -Wmissing-prototypes -Wpointer-arith -Wdeclaration-after-statement -Werror=vla -Werror=unguarded-availability-new -Wendif-labels -Wmissing-format-attribute -Wcast-function-type -Wformat-security -fno-strict-aliasing -fwrapv -Wno-unused-command-line-argument -Wno-compound-token-split-by-macro -O2 -isysroot /Applications/Xcode.app/Contents/Developer/Platforms/MacOSX.platform/Developer/SDKs/MacOSX13.3.sdk   -isysroot /Applications/Xcode.app/Contents/Developer/Platforms/MacOSX.platform/Developer/SDKs/MacOSX13.3.sdk   conftest.c -lz -lreadline -lm  >&5
configure:15465: $? = 0
configure:15465: ./conftest
configure:15465: $? = 0
configure:15482: result: 1
configure:15504: checking for int timezone
configure:15525: gcc -o conftest -Wall -Wmissing-prototypes -Wpointer-arith -Wdeclaration-after-statement -Werror=vla -Werror=unguarded-availability-new -Wendif-labels -Wmissing-format-attribute -Wcast-function-type -Wformat-security -fno-strict-aliasing -fwrapv -Wno-unused-command-line-argument -Wno-compound-token-split-by-macro -O2 -isysroot /Applications/Xcode.app/Contents/Developer/Platforms/MacOSX.platform/Developer/SDKs/MacOSX13.3.sdk   -isysroot /Applications/Xcode.app/Contents/Developer/Platforms/MacOSX.platform/Developer/SDKs/MacOSX13.3.sdk   conftest.c -lz -lreadline -lm  >&5
configure:15525: $? = 0
configure:15533: result: yes
configure:15540: checking types of arguments for accept()
configure:15564: gcc -c -Wall -Wmissing-prototypes -Wpointer-arith -Wdeclaration-after-statement -Werror=vla -Werror=unguarded-availability-new -Wendif-labels -Wmissing-format-attribute -Wcast-function-type -Wformat-security -fno-strict-aliasing -fwrapv -Wno-unused-command-line-argument -Wno-compound-token-split-by-macro -O2 -isysroot /Applications/Xcode.app/Contents/Developer/Platforms/MacOSX.platform/Developer/SDKs/MacOSX13.3.sdk   conftest.c >&5
conftest.c:92:12: error: conflicting types for 'accept'
extern int accept (int, struct sockaddr *, int *);
           ^
/Applications/Xcode.app/Contents/Developer/Platforms/MacOSX.platform/Developer/SDKs/MacOSX13.3.sdk/usr/include/sys/socket.h:724:9: note: previous declaration is here
int     accept(int, struct sockaddr * __restrict, socklen_t * __restrict)
        ^
1 error generated.
configure:15564: $? = 1
configure: failed program was:
| /* confdefs.h */
| #define PACKAGE_NAME "PostgreSQL"
| #define PACKAGE_TARNAME "postgresql"
| #define PACKAGE_VERSION "14.2"
| #define PACKAGE_STRING "PostgreSQL 14.2"
| #define PACKAGE_BUGREPORT "pgsql-bugs@lists.postgresql.org"
| #define PACKAGE_URL "https://www.postgresql.org/"
| #define CONFIGURE_ARGS " '--prefix=/usr/local/pgsql142' 'PKG_CONFIG_PATH=:/opt/intel/sgxsdk/pkgconfig:/opt/intel/sgxsdk/pkgconfig'"
| #define PG_MAJORVERSION "14"
| #define PG_MAJORVERSION_NUM 14
| #define PG_MINORVERSION_NUM 2
| #define PG_VERSION "14.2"
| #define DEF_PGPORT 5432
| #define DEF_PGPORT_STR "5432"
| #define BLCKSZ 8192
| #define RELSEG_SIZE 131072
| #define XLOG_BLCKSZ 8192
| #define ENABLE_THREAD_SAFETY 1
| #define PG_KRB_SRVNAM "postgres"
| #define STDC_HEADERS 1
| #define HAVE_SYS_TYPES_H 1
| #define HAVE_SYS_STAT_H 1
| #define HAVE_STDLIB_H 1
| #define HAVE_STRING_H 1
| #define HAVE_MEMORY_H 1
| #define HAVE_STRINGS_H 1
| #define HAVE_INTTYPES_H 1
| #define HAVE_STDINT_H 1
| #define HAVE_UNISTD_H 1
| #define HAVE_PTHREAD_PRIO_INHERIT 1
| #define HAVE_PTHREAD 1
| #define HAVE_STRERROR_R 1
| #define HAVE_GETPWUID_R 1
| #define STRERROR_R_INT 1
| #define HAVE_LIBM 1
| #define HAVE_LIBREADLINE 1
| #define HAVE_LIBZ 1
| #define HAVE_SPINLOCKS 1
| #define HAVE_ATOMICS 1
| #define HAVE__BOOL 1
| #define HAVE_STDBOOL_H 1
| #define HAVE_COPYFILE_H 1
| #define HAVE_EXECINFO_H 1
| #define HAVE_GETOPT_H 1
| #define HAVE_IFADDRS_H 1
| #define HAVE_LANGINFO_H 1
| #define HAVE_POLL_H 1
| #define HAVE_SYS_EVENT_H 1
| #define HAVE_SYS_IPC_H 1
| #define HAVE_SYS_RESOURCE_H 1
| #define HAVE_SYS_SELECT_H 1
| #define HAVE_SYS_SEM_H 1
| #define HAVE_SYS_SHM_H 1
| #define HAVE_SYS_SOCKIO_H 1
| #define HAVE_SYS_UIO_H 1
| #define HAVE_SYS_UN_H 1
| #define HAVE_TERMIOS_H 1
| #define HAVE_WCTYPE_H 1
| #define HAVE_NET_IF_H 1
| #define HAVE_SYS_UCRED_H 1
| #define HAVE_NETINET_TCP_H 1
| #define HAVE_READLINE_READLINE_H 1
| #define HAVE_READLINE_HISTORY_H 1
| #define PG_PRINTF_ATTRIBUTE printf
| #define HAVE_FUNCNAME__FUNC 1
| #define HAVE__STATIC_ASSERT 1
| #define HAVE_TYPEOF 1
| #define HAVE__BUILTIN_TYPES_COMPATIBLE_P 1
| #define HAVE__BUILTIN_CONSTANT_P 1
| #define HAVE__BUILTIN_UNREACHABLE 1
| #define HAVE_COMPUTED_GOTO 1
| #define HAVE_STRUCT_TM_TM_ZONE 1
| #define HAVE_UNION_SEMUN 1
| #define HAVE_STRUCT_SOCKADDR_UN 1
| #define HAVE_STRUCT_SOCKADDR_STORAGE 1
| #define HAVE_STRUCT_SOCKADDR_STORAGE_SS_FAMILY 1
| #define HAVE_STRUCT_SOCKADDR_STORAGE_SS_LEN 1
| #define HAVE_STRUCT_SOCKADDR_SA_LEN 1
| #define HAVE_STRUCT_ADDRINFO 1
| #define HAVE_LOCALE_T 1
| #define LOCALE_T_IN_XLOCALE 1
| #define restrict __restrict
| #define pg_restrict __restrict
| #define HAVE_STRUCT_OPTION 1
| #define SIZEOF_OFF_T 8
| #define SIZEOF_BOOL 1
| #define PG_USE_STDBOOL 1
| #define HAVE_INT_TIMEZONE 1
| /* end confdefs.h.  */
| #include <sys/types.h>
| #include <sys/socket.h>
| extern int accept (int, struct sockaddr *, int *);
configure:15564: gcc -c -Wall -Wmissing-prototypes -Wpointer-arith -Wdeclaration-after-statement -Werror=vla -Werror=unguarded-availability-new -Wendif-labels -Wmissing-format-attribute -Wcast-function-type -Wformat-security -fno-strict-aliasing -fwrapv -Wno-unused-command-line-argument -Wno-compound-token-split-by-macro -O2 -isysroot /Applications/Xcode.app/Contents/Developer/Platforms/MacOSX.platform/Developer/SDKs/MacOSX13.3.sdk   conftest.c >&5
conftest.c:92:12: error: conflicting types for 'accept'
extern int accept (int, struct sockaddr *, size_t *);
           ^
/Applications/Xcode.app/Contents/Developer/Platforms/MacOSX.platform/Developer/SDKs/MacOSX13.3.sdk/usr/include/sys/socket.h:724:9: note: previous declaration is here
int     accept(int, struct sockaddr * __restrict, socklen_t * __restrict)
        ^
1 error generated.
configure:15564: $? = 1
configure: failed program was:
| /* confdefs.h */
| #define PACKAGE_NAME "PostgreSQL"
| #define PACKAGE_TARNAME "postgresql"
| #define PACKAGE_VERSION "14.2"
| #define PACKAGE_STRING "PostgreSQL 14.2"
| #define PACKAGE_BUGREPORT "pgsql-bugs@lists.postgresql.org"
| #define PACKAGE_URL "https://www.postgresql.org/"
| #define CONFIGURE_ARGS " '--prefix=/usr/local/pgsql142' 'PKG_CONFIG_PATH=:/opt/intel/sgxsdk/pkgconfig:/opt/intel/sgxsdk/pkgconfig'"
| #define PG_MAJORVERSION "14"
| #define PG_MAJORVERSION_NUM 14
| #define PG_MINORVERSION_NUM 2
| #define PG_VERSION "14.2"
| #define DEF_PGPORT 5432
| #define DEF_PGPORT_STR "5432"
| #define BLCKSZ 8192
| #define RELSEG_SIZE 131072
| #define XLOG_BLCKSZ 8192
| #define ENABLE_THREAD_SAFETY 1
| #define PG_KRB_SRVNAM "postgres"
| #define STDC_HEADERS 1
| #define HAVE_SYS_TYPES_H 1
| #define HAVE_SYS_STAT_H 1
| #define HAVE_STDLIB_H 1
| #define HAVE_STRING_H 1
| #define HAVE_MEMORY_H 1
| #define HAVE_STRINGS_H 1
| #define HAVE_INTTYPES_H 1
| #define HAVE_STDINT_H 1
| #define HAVE_UNISTD_H 1
| #define HAVE_PTHREAD_PRIO_INHERIT 1
| #define HAVE_PTHREAD 1
| #define HAVE_STRERROR_R 1
| #define HAVE_GETPWUID_R 1
| #define STRERROR_R_INT 1
| #define HAVE_LIBM 1
| #define HAVE_LIBREADLINE 1
| #define HAVE_LIBZ 1
| #define HAVE_SPINLOCKS 1
| #define HAVE_ATOMICS 1
| #define HAVE__BOOL 1
| #define HAVE_STDBOOL_H 1
| #define HAVE_COPYFILE_H 1
| #define HAVE_EXECINFO_H 1
| #define HAVE_GETOPT_H 1
| #define HAVE_IFADDRS_H 1
| #define HAVE_LANGINFO_H 1
| #define HAVE_POLL_H 1
| #define HAVE_SYS_EVENT_H 1
| #define HAVE_SYS_IPC_H 1
| #define HAVE_SYS_RESOURCE_H 1
| #define HAVE_SYS_SELECT_H 1
| #define HAVE_SYS_SEM_H 1
| #define HAVE_SYS_SHM_H 1
| #define HAVE_SYS_SOCKIO_H 1
| #define HAVE_SYS_UIO_H 1
| #define HAVE_SYS_UN_H 1
| #define HAVE_TERMIOS_H 1
| #define HAVE_WCTYPE_H 1
| #define HAVE_NET_IF_H 1
| #define HAVE_SYS_UCRED_H 1
| #define HAVE_NETINET_TCP_H 1
| #define HAVE_READLINE_READLINE_H 1
| #define HAVE_READLINE_HISTORY_H 1
| #define PG_PRINTF_ATTRIBUTE printf
| #define HAVE_FUNCNAME__FUNC 1
| #define HAVE__STATIC_ASSERT 1
| #define HAVE_TYPEOF 1
| #define HAVE__BUILTIN_TYPES_COMPATIBLE_P 1
| #define HAVE__BUILTIN_CONSTANT_P 1
| #define HAVE__BUILTIN_UNREACHABLE 1
| #define HAVE_COMPUTED_GOTO 1
| #define HAVE_STRUCT_TM_TM_ZONE 1
| #define HAVE_UNION_SEMUN 1
| #define HAVE_STRUCT_SOCKADDR_UN 1
| #define HAVE_STRUCT_SOCKADDR_STORAGE 1
| #define HAVE_STRUCT_SOCKADDR_STORAGE_SS_FAMILY 1
| #define HAVE_STRUCT_SOCKADDR_STORAGE_SS_LEN 1
| #define HAVE_STRUCT_SOCKADDR_SA_LEN 1
| #define HAVE_STRUCT_ADDRINFO 1
| #define HAVE_LOCALE_T 1
| #define LOCALE_T_IN_XLOCALE 1
| #define restrict __restrict
| #define pg_restrict __restrict
| #define HAVE_STRUCT_OPTION 1
| #define SIZEOF_OFF_T 8
| #define SIZEOF_BOOL 1
| #define PG_USE_STDBOOL 1
| #define HAVE_INT_TIMEZONE 1
| /* end confdefs.h.  */
| #include <sys/types.h>
| #include <sys/socket.h>
| extern int accept (int, struct sockaddr *, size_t *);
configure:15564: gcc -c -Wall -Wmissing-prototypes -Wpointer-arith -Wdeclaration-after-statement -Werror=vla -Werror=unguarded-availability-new -Wendif-labels -Wmissing-format-attribute -Wcast-function-type -Wformat-security -fno-strict-aliasing -fwrapv -Wno-unused-command-line-argument -Wno-compound-token-split-by-macro -O2 -isysroot /Applications/Xcode.app/Contents/Developer/Platforms/MacOSX.platform/Developer/SDKs/MacOSX13.3.sdk   conftest.c >&5
configure:15564: $? = 0
configure:15588: result: int, int, struct sockaddr *, socklen_t *
configure:15611: checking whether gettimeofday takes only one argument
configure:15629: gcc -c -Wall -Wmissing-prototypes -Wpointer-arith -Wdeclaration-after-statement -Werror=vla -Werror=unguarded-availability-new -Wendif-labels -Wmissing-format-attribute -Wcast-function-type -Wformat-security -fno-strict-aliasing -fwrapv -Wno-unused-command-line-argument -Wno-compound-token-split-by-macro -O2 -isysroot /Applications/Xcode.app/Contents/Developer/Platforms/MacOSX.platform/Developer/SDKs/MacOSX13.3.sdk   conftest.c >&5
conftest.c:100:14: warning: variable 'tp' is uninitialized when used here [-Wuninitialized]
gettimeofday(tp,tzp);
             ^~
conftest.c:98:19: note: initialize the variable 'tp' to silence this warning
struct timeval *tp;
                  ^
                   = NULL
conftest.c:100:17: warning: variable 'tzp' is uninitialized when used here [-Wuninitialized]
gettimeofday(tp,tzp);
                ^~~
conftest.c:99:21: note: initialize the variable 'tzp' to silence this warning
struct timezone *tzp;
                    ^
                     = NULL
2 warnings generated.
configure:15629: $? = 0
configure:15636: result: no
configure:15644: checking for wcstombs_l declaration
configure:15663: gcc -c -Wall -Wmissing-prototypes -Wpointer-arith -Wdeclaration-after-statement -Werror=vla -Werror=unguarded-availability-new -Wendif-labels -Wmissing-format-attribute -Wcast-function-type -Wformat-security -fno-strict-aliasing -fwrapv -Wno-unused-command-line-argument -Wno-compound-token-split-by-macro -O2 -isysroot /Applications/Xcode.app/Contents/Developer/Platforms/MacOSX.platform/Developer/SDKs/MacOSX13.3.sdk   conftest.c >&5
conftest.c:100:8: error: use of undeclared identifier 'wcstombs_l'
(void) wcstombs_l;
       ^
1 error generated.
configure:15663: $? = 1
configure: failed program was:
| /* confdefs.h */
| #define PACKAGE_NAME "PostgreSQL"
| #define PACKAGE_TARNAME "postgresql"
| #define PACKAGE_VERSION "14.2"
| #define PACKAGE_STRING "PostgreSQL 14.2"
| #define PACKAGE_BUGREPORT "pgsql-bugs@lists.postgresql.org"
| #define PACKAGE_URL "https://www.postgresql.org/"
| #define CONFIGURE_ARGS " '--prefix=/usr/local/pgsql142' 'PKG_CONFIG_PATH=:/opt/intel/sgxsdk/pkgconfig:/opt/intel/sgxsdk/pkgconfig'"
| #define PG_MAJORVERSION "14"
| #define PG_MAJORVERSION_NUM 14
| #define PG_MINORVERSION_NUM 2
| #define PG_VERSION "14.2"
| #define DEF_PGPORT 5432
| #define DEF_PGPORT_STR "5432"
| #define BLCKSZ 8192
| #define RELSEG_SIZE 131072
| #define XLOG_BLCKSZ 8192
| #define ENABLE_THREAD_SAFETY 1
| #define PG_KRB_SRVNAM "postgres"
| #define STDC_HEADERS 1
| #define HAVE_SYS_TYPES_H 1
| #define HAVE_SYS_STAT_H 1
| #define HAVE_STDLIB_H 1
| #define HAVE_STRING_H 1
| #define HAVE_MEMORY_H 1
| #define HAVE_STRINGS_H 1
| #define HAVE_INTTYPES_H 1
| #define HAVE_STDINT_H 1
| #define HAVE_UNISTD_H 1
| #define HAVE_PTHREAD_PRIO_INHERIT 1
| #define HAVE_PTHREAD 1
| #define HAVE_STRERROR_R 1
| #define HAVE_GETPWUID_R 1
| #define STRERROR_R_INT 1
| #define HAVE_LIBM 1
| #define HAVE_LIBREADLINE 1
| #define HAVE_LIBZ 1
| #define HAVE_SPINLOCKS 1
| #define HAVE_ATOMICS 1
| #define HAVE__BOOL 1
| #define HAVE_STDBOOL_H 1
| #define HAVE_COPYFILE_H 1
| #define HAVE_EXECINFO_H 1
| #define HAVE_GETOPT_H 1
| #define HAVE_IFADDRS_H 1
| #define HAVE_LANGINFO_H 1
| #define HAVE_POLL_H 1
| #define HAVE_SYS_EVENT_H 1
| #define HAVE_SYS_IPC_H 1
| #define HAVE_SYS_RESOURCE_H 1
| #define HAVE_SYS_SELECT_H 1
| #define HAVE_SYS_SEM_H 1
| #define HAVE_SYS_SHM_H 1
| #define HAVE_SYS_SOCKIO_H 1
| #define HAVE_SYS_UIO_H 1
| #define HAVE_SYS_UN_H 1
| #define HAVE_TERMIOS_H 1
| #define HAVE_WCTYPE_H 1
| #define HAVE_NET_IF_H 1
| #define HAVE_SYS_UCRED_H 1
| #define HAVE_NETINET_TCP_H 1
| #define HAVE_READLINE_READLINE_H 1
| #define HAVE_READLINE_HISTORY_H 1
| #define PG_PRINTF_ATTRIBUTE printf
| #define HAVE_FUNCNAME__FUNC 1
| #define HAVE__STATIC_ASSERT 1
| #define HAVE_TYPEOF 1
| #define HAVE__BUILTIN_TYPES_COMPATIBLE_P 1
| #define HAVE__BUILTIN_CONSTANT_P 1
| #define HAVE__BUILTIN_UNREACHABLE 1
| #define HAVE_COMPUTED_GOTO 1
| #define HAVE_STRUCT_TM_TM_ZONE 1
| #define HAVE_UNION_SEMUN 1
| #define HAVE_STRUCT_SOCKADDR_UN 1
| #define HAVE_STRUCT_SOCKADDR_STORAGE 1
| #define HAVE_STRUCT_SOCKADDR_STORAGE_SS_FAMILY 1
| #define HAVE_STRUCT_SOCKADDR_STORAGE_SS_LEN 1
| #define HAVE_STRUCT_SOCKADDR_SA_LEN 1
| #define HAVE_STRUCT_ADDRINFO 1
| #define HAVE_LOCALE_T 1
| #define LOCALE_T_IN_XLOCALE 1
| #define restrict __restrict
| #define pg_restrict __restrict
| #define HAVE_STRUCT_OPTION 1
| #define SIZEOF_OFF_T 8
| #define SIZEOF_BOOL 1
| #define PG_USE_STDBOOL 1
| #define HAVE_INT_TIMEZONE 1
| #define ACCEPT_TYPE_RETURN int
| #define ACCEPT_TYPE_ARG1 int
| #define ACCEPT_TYPE_ARG2 struct sockaddr *
| #define ACCEPT_TYPE_ARG3 socklen_t
| /* end confdefs.h.  */
| #include <stdlib.h>
| #include <locale.h>
| int
| main ()
| {
| #ifndef wcstombs_l
| (void) wcstombs_l;
| #endif
|   ;
|   return 0;
| }
configure:15681: gcc -c -Wall -Wmissing-prototypes -Wpointer-arith -Wdeclaration-after-statement -Werror=vla -Werror=unguarded-availability-new -Wendif-labels -Wmissing-format-attribute -Wcast-function-type -Wformat-security -fno-strict-aliasing -fwrapv -Wno-unused-command-line-argument -Wno-compound-token-split-by-macro -O2 -isysroot /Applications/Xcode.app/Contents/Developer/Platforms/MacOSX.platform/Developer/SDKs/MacOSX13.3.sdk   conftest.c >&5
configure:15681: $? = 0
configure:15690: result: yes (in xlocale.h)
configure:15708: checking for backtrace_symbols
configure:15708: gcc -o conftest -Wall -Wmissing-prototypes -Wpointer-arith -Wdeclaration-after-statement -Werror=vla -Werror=unguarded-availability-new -Wendif-labels -Wmissing-format-attribute -Wcast-function-type -Wformat-security -fno-strict-aliasing -fwrapv -Wno-unused-command-line-argument -Wno-compound-token-split-by-macro -O2 -isysroot /Applications/Xcode.app/Contents/Developer/Platforms/MacOSX.platform/Developer/SDKs/MacOSX13.3.sdk   -isysroot /Applications/Xcode.app/Contents/Developer/Platforms/MacOSX.platform/Developer/SDKs/MacOSX13.3.sdk   conftest.c -lz  -lm  >&5
configure:15708: $? = 0
configure:15708: result: yes
configure:15708: checking for clock_gettime
configure:15708: gcc -o conftest -Wall -Wmissing-prototypes -Wpointer-arith -Wdeclaration-after-statement -Werror=vla -Werror=unguarded-availability-new -Wendif-labels -Wmissing-format-attribute -Wcast-function-type -Wformat-security -fno-strict-aliasing -fwrapv -Wno-unused-command-line-argument -Wno-compound-token-split-by-macro -O2 -isysroot /Applications/Xcode.app/Contents/Developer/Platforms/MacOSX.platform/Developer/SDKs/MacOSX13.3.sdk   -isysroot /Applications/Xcode.app/Contents/Developer/Platforms/MacOSX.platform/Developer/SDKs/MacOSX13.3.sdk   conftest.c -lz  -lm  >&5
configure:15708: $? = 0
configure:15708: result: yes
configure:15708: checking for copyfile
configure:15708: gcc -o conftest -Wall -Wmissing-prototypes -Wpointer-arith -Wdeclaration-after-statement -Werror=vla -Werror=unguarded-availability-new -Wendif-labels -Wmissing-format-attribute -Wcast-function-type -Wformat-security -fno-strict-aliasing -fwrapv -Wno-unused-command-line-argument -Wno-compound-token-split-by-macro -O2 -isysroot /Applications/Xcode.app/Contents/Developer/Platforms/MacOSX.platform/Developer/SDKs/MacOSX13.3.sdk   -isysroot /Applications/Xcode.app/Contents/Developer/Platforms/MacOSX.platform/Developer/SDKs/MacOSX13.3.sdk   conftest.c -lz  -lm  >&5
configure:15708: $? = 0
configure:15708: result: yes
configure:15708: checking for fdatasync
configure:15708: gcc -o conftest -Wall -Wmissing-prototypes -Wpointer-arith -Wdeclaration-after-statement -Werror=vla -Werror=unguarded-availability-new -Wendif-labels -Wmissing-format-attribute -Wcast-function-type -Wformat-security -fno-strict-aliasing -fwrapv -Wno-unused-command-line-argument -Wno-compound-token-split-by-macro -O2 -isysroot /Applications/Xcode.app/Contents/Developer/Platforms/MacOSX.platform/Developer/SDKs/MacOSX13.3.sdk   -isysroot /Applications/Xcode.app/Contents/Developer/Platforms/MacOSX.platform/Developer/SDKs/MacOSX13.3.sdk   conftest.c -lz  -lm  >&5
configure:15708: $? = 0
configure:15708: result: yes
configure:15708: checking for getifaddrs
configure:15708: gcc -o conftest -Wall -Wmissing-prototypes -Wpointer-arith -Wdeclaration-after-statement -Werror=vla -Werror=unguarded-availability-new -Wendif-labels -Wmissing-format-attribute -Wcast-function-type -Wformat-security -fno-strict-aliasing -fwrapv -Wno-unused-command-line-argument -Wno-compound-token-split-by-macro -O2 -isysroot /Applications/Xcode.app/Contents/Developer/Platforms/MacOSX.platform/Developer/SDKs/MacOSX13.3.sdk   -isysroot /Applications/Xcode.app/Contents/Developer/Platforms/MacOSX.platform/Developer/SDKs/MacOSX13.3.sdk   conftest.c -lz  -lm  >&5
configure:15708: $? = 0
configure:15708: result: yes
configure:15708: checking for getpeerucred
configure:15708: gcc -o conftest -Wall -Wmissing-prototypes -Wpointer-arith -Wdeclaration-after-statement -Werror=vla -Werror=unguarded-availability-new -Wendif-labels -Wmissing-format-attribute -Wcast-function-type -Wformat-security -fno-strict-aliasing -fwrapv -Wno-unused-command-line-argument -Wno-compound-token-split-by-macro -O2 -isysroot /Applications/Xcode.app/Contents/Developer/Platforms/MacOSX.platform/Developer/SDKs/MacOSX13.3.sdk   -isysroot /Applications/Xcode.app/Contents/Developer/Platforms/MacOSX.platform/Developer/SDKs/MacOSX13.3.sdk   conftest.c -lz  -lm  >&5
Undefined symbols for architecture arm64:
  "_getpeerucred", referenced from:
      _main in conftest-995c5c.o
ld: symbol(s) not found for architecture arm64
clang: error: linker command failed with exit code 1 (use -v to see invocation)
configure:15708: $? = 1
configure: failed program was:
| /* confdefs.h */
| #define PACKAGE_NAME "PostgreSQL"
| #define PACKAGE_TARNAME "postgresql"
| #define PACKAGE_VERSION "14.2"
| #define PACKAGE_STRING "PostgreSQL 14.2"
| #define PACKAGE_BUGREPORT "pgsql-bugs@lists.postgresql.org"
| #define PACKAGE_URL "https://www.postgresql.org/"
| #define CONFIGURE_ARGS " '--prefix=/usr/local/pgsql142' 'PKG_CONFIG_PATH=:/opt/intel/sgxsdk/pkgconfig:/opt/intel/sgxsdk/pkgconfig'"
| #define PG_MAJORVERSION "14"
| #define PG_MAJORVERSION_NUM 14
| #define PG_MINORVERSION_NUM 2
| #define PG_VERSION "14.2"
| #define DEF_PGPORT 5432
| #define DEF_PGPORT_STR "5432"
| #define BLCKSZ 8192
| #define RELSEG_SIZE 131072
| #define XLOG_BLCKSZ 8192
| #define ENABLE_THREAD_SAFETY 1
| #define PG_KRB_SRVNAM "postgres"
| #define STDC_HEADERS 1
| #define HAVE_SYS_TYPES_H 1
| #define HAVE_SYS_STAT_H 1
| #define HAVE_STDLIB_H 1
| #define HAVE_STRING_H 1
| #define HAVE_MEMORY_H 1
| #define HAVE_STRINGS_H 1
| #define HAVE_INTTYPES_H 1
| #define HAVE_STDINT_H 1
| #define HAVE_UNISTD_H 1
| #define HAVE_PTHREAD_PRIO_INHERIT 1
| #define HAVE_PTHREAD 1
| #define HAVE_STRERROR_R 1
| #define HAVE_GETPWUID_R 1
| #define STRERROR_R_INT 1
| #define HAVE_LIBM 1
| #define HAVE_LIBREADLINE 1
| #define HAVE_LIBZ 1
| #define HAVE_SPINLOCKS 1
| #define HAVE_ATOMICS 1
| #define HAVE__BOOL 1
| #define HAVE_STDBOOL_H 1
| #define HAVE_COPYFILE_H 1
| #define HAVE_EXECINFO_H 1
| #define HAVE_GETOPT_H 1
| #define HAVE_IFADDRS_H 1
| #define HAVE_LANGINFO_H 1
| #define HAVE_POLL_H 1
| #define HAVE_SYS_EVENT_H 1
| #define HAVE_SYS_IPC_H 1
| #define HAVE_SYS_RESOURCE_H 1
| #define HAVE_SYS_SELECT_H 1
| #define HAVE_SYS_SEM_H 1
| #define HAVE_SYS_SHM_H 1
| #define HAVE_SYS_SOCKIO_H 1
| #define HAVE_SYS_UIO_H 1
| #define HAVE_SYS_UN_H 1
| #define HAVE_TERMIOS_H 1
| #define HAVE_WCTYPE_H 1
| #define HAVE_NET_IF_H 1
| #define HAVE_SYS_UCRED_H 1
| #define HAVE_NETINET_TCP_H 1
| #define HAVE_READLINE_READLINE_H 1
| #define HAVE_READLINE_HISTORY_H 1
| #define PG_PRINTF_ATTRIBUTE printf
| #define HAVE_FUNCNAME__FUNC 1
| #define HAVE__STATIC_ASSERT 1
| #define HAVE_TYPEOF 1
| #define HAVE__BUILTIN_TYPES_COMPATIBLE_P 1
| #define HAVE__BUILTIN_CONSTANT_P 1
| #define HAVE__BUILTIN_UNREACHABLE 1
| #define HAVE_COMPUTED_GOTO 1
| #define HAVE_STRUCT_TM_TM_ZONE 1
| #define HAVE_UNION_SEMUN 1
| #define HAVE_STRUCT_SOCKADDR_UN 1
| #define HAVE_STRUCT_SOCKADDR_STORAGE 1
| #define HAVE_STRUCT_SOCKADDR_STORAGE_SS_FAMILY 1
| #define HAVE_STRUCT_SOCKADDR_STORAGE_SS_LEN 1
| #define HAVE_STRUCT_SOCKADDR_SA_LEN 1
| #define HAVE_STRUCT_ADDRINFO 1
| #define HAVE_LOCALE_T 1
| #define LOCALE_T_IN_XLOCALE 1
| #define restrict __restrict
| #define pg_restrict __restrict
| #define HAVE_STRUCT_OPTION 1
| #define SIZEOF_OFF_T 8
| #define SIZEOF_BOOL 1
| #define PG_USE_STDBOOL 1
| #define HAVE_INT_TIMEZONE 1
| #define ACCEPT_TYPE_RETURN int
| #define ACCEPT_TYPE_ARG1 int
| #define ACCEPT_TYPE_ARG2 struct sockaddr *
| #define ACCEPT_TYPE_ARG3 socklen_t
| #define WCSTOMBS_L_IN_XLOCALE 1
| #define HAVE_BACKTRACE_SYMBOLS 1
| #define HAVE_CLOCK_GETTIME 1
| #define HAVE_COPYFILE 1
| #define HAVE_FDATASYNC 1
| #define HAVE_GETIFADDRS 1
| /* end confdefs.h.  */
| /* Define getpeerucred to an innocuous variant, in case <limits.h> declares getpeerucred.
|    For example, HP-UX 11i <limits.h> declares gettimeofday.  */
| #define getpeerucred innocuous_getpeerucred
| 
| /* System header to define __stub macros and hopefully few prototypes,
|     which can conflict with char getpeerucred (); below.
|     Prefer <limits.h> to <assert.h> if __STDC__ is defined, since
|     <limits.h> exists even on freestanding compilers.  */
| 
| #ifdef __STDC__
| # include <limits.h>
| #else
| # include <assert.h>
| #endif
| 
| #undef getpeerucred
| 
| /* Override any GCC internal prototype to avoid an error.
|    Use char because int might match the return type of a GCC
|    builtin and then its argument prototype would still apply.  */
| #ifdef __cplusplus
| extern "C"
| #endif
| char getpeerucred ();
| /* The GNU C library defines this for functions which it implements
|     to always fail with ENOSYS.  Some functions are actually named
|     something starting with __ and the normal name is an alias.  */
| #if defined __stub_getpeerucred || defined __stub___getpeerucred
| choke me
| #endif
| 
| int
| main ()
| {
| return getpeerucred ();
|   ;
|   return 0;
| }

## ---------------- ##
## Cache variables. ##
## ---------------- ##

ac_cv_build=aarch64-apple-darwin22.5.0
ac_cv_c_bigendian=no
ac_cv_c_compiler_gnu=yes
ac_cv_c_inline=inline
ac_cv_c_restrict=__restrict
ac_cv_cxx_compiler_gnu=yes
ac_cv_env_CCC_set=
ac_cv_env_CCC_value=
ac_cv_env_CC_set=
ac_cv_env_CC_value=
ac_cv_env_CFLAGS_set=
ac_cv_env_CFLAGS_value=
ac_cv_env_CLANG_set=
ac_cv_env_CLANG_value=
ac_cv_env_CPPFLAGS_set=
ac_cv_env_CPPFLAGS_value=
ac_cv_env_CPP_set=
ac_cv_env_CPP_value=
ac_cv_env_CXXFLAGS_set=
ac_cv_env_CXXFLAGS_value=
ac_cv_env_CXX_set=
ac_cv_env_CXX_value=
ac_cv_env_ICU_CFLAGS_set=
ac_cv_env_ICU_CFLAGS_value=
ac_cv_env_ICU_LIBS_set=
ac_cv_env_ICU_LIBS_value=
ac_cv_env_LDFLAGS_EX_set=
ac_cv_env_LDFLAGS_EX_value=
ac_cv_env_LDFLAGS_SL_set=
ac_cv_env_LDFLAGS_SL_value=
ac_cv_env_LDFLAGS_set=
ac_cv_env_LDFLAGS_value=
ac_cv_env_LIBS_set=
ac_cv_env_LIBS_value=
ac_cv_env_LLVM_CONFIG_set=
ac_cv_env_LLVM_CONFIG_value=
ac_cv_env_LZ4_CFLAGS_set=
ac_cv_env_LZ4_CFLAGS_value=
ac_cv_env_LZ4_LIBS_set=
ac_cv_env_LZ4_LIBS_value=
ac_cv_env_MSGFMT_set=
ac_cv_env_MSGFMT_value=
ac_cv_env_PERL_set=
ac_cv_env_PERL_value=
ac_cv_env_PKG_CONFIG_LIBDIR_set=
ac_cv_env_PKG_CONFIG_LIBDIR_value=
ac_cv_env_PKG_CONFIG_PATH_set=set
ac_cv_env_PKG_CONFIG_PATH_value=:/opt/intel/sgxsdk/pkgconfig:/opt/intel/sgxsdk/pkgconfig
ac_cv_env_PKG_CONFIG_set=
ac_cv_env_PKG_CONFIG_value=
ac_cv_env_PYTHON_set=
ac_cv_env_PYTHON_value=
ac_cv_env_TCLSH_set=
ac_cv_env_TCLSH_value=
ac_cv_env_XML2_CFLAGS_set=
ac_cv_env_XML2_CFLAGS_value=
ac_cv_env_XML2_CONFIG_set=
ac_cv_env_XML2_CONFIG_value=
ac_cv_env_XML2_LIBS_set=
ac_cv_env_XML2_LIBS_value=
ac_cv_env_build_alias_set=
ac_cv_env_build_alias_value=
ac_cv_env_host_alias_set=
ac_cv_env_host_alias_value=
ac_cv_env_target_alias_set=
ac_cv_env_target_alias_value=
ac_cv_func_accept_arg1=int
ac_cv_func_accept_arg2='struct sockaddr *'
ac_cv_func_accept_arg3=socklen_t
ac_cv_func_accept_return=int
ac_cv_func_backtrace_symbols=yes
ac_cv_func_clock_gettime=yes
ac_cv_func_copyfile=yes
ac_cv_func_fdatasync=yes
ac_cv_func_gethostbyname_r=no
ac_cv_func_getifaddrs=yes
ac_cv_func_getpwuid_r=yes
ac_cv_func_strerror_r=yes
ac_cv_header_atomic_h=no
ac_cv_header_copyfile_h=yes
ac_cv_header_execinfo_h=yes
ac_cv_header_getopt_h=yes
ac_cv_header_ifaddrs_h=yes
ac_cv_header_inttypes_h=yes
ac_cv_header_langinfo_h=yes
ac_cv_header_mbarrier_h=no
ac_cv_header_memory_h=yes
ac_cv_header_net_if_h=yes
ac_cv_header_netinet_tcp_h=yes
ac_cv_header_poll_h=yes
ac_cv_header_pthread_h=yes
ac_cv_header_readline_history_h=yes
ac_cv_header_readline_readline_h=yes
ac_cv_header_stdbool_h=yes
ac_cv_header_stdc=yes
ac_cv_header_stdint_h=yes
ac_cv_header_stdlib_h=yes
ac_cv_header_string_h=yes
ac_cv_header_strings_h=yes
ac_cv_header_sys_epoll_h=no
ac_cv_header_sys_event_h=yes
ac_cv_header_sys_ipc_h=yes
ac_cv_header_sys_prctl_h=no
ac_cv_header_sys_procctl_h=no
ac_cv_header_sys_pstat_h=no
ac_cv_header_sys_resource_h=yes
ac_cv_header_sys_select_h=yes
ac_cv_header_sys_sem_h=yes
ac_cv_header_sys_shm_h=yes
ac_cv_header_sys_sockio_h=yes
ac_cv_header_sys_stat_h=yes
ac_cv_header_sys_tas_h=no
ac_cv_header_sys_types_h=yes
ac_cv_header_sys_ucred_h=yes
ac_cv_header_sys_uio_h=yes
ac_cv_header_sys_un_h=yes
ac_cv_header_termios_h=yes
ac_cv_header_ucred_h=no
ac_cv_header_unistd_h=yes
ac_cv_header_wctype_h=yes
ac_cv_header_zlib_h=yes
ac_cv_host=aarch64-apple-darwin22.5.0
ac_cv_lib_m_main=yes
ac_cv_lib_z_inflate=yes
ac_cv_member_struct_sockaddr_sa_len=yes
ac_cv_member_struct_sockaddr_storage___ss_family=no
ac_cv_member_struct_sockaddr_storage___ss_len=no
ac_cv_member_struct_sockaddr_storage_ss_family=yes
ac_cv_member_struct_sockaddr_storage_ss_len=yes
ac_cv_member_struct_tm_tm_zone=yes
ac_cv_objext=o
ac_cv_path_BISON=/usr/bin/bison
ac_cv_path_EGREP='/usr/bin/grep -E'
ac_cv_path_GREP=/usr/bin/grep
ac_cv_path_LD=/Applications/Xcode.app/Contents/Developer/Toolchains/XcodeDefault.xctoolchain/usr/bin/ld
ac_cv_path_PERL=/usr/bin/perl
ac_cv_path_SED=/usr/bin/sed
ac_cv_path_TAR=/usr/bin/tar
ac_cv_path_ac_pt_PKG_CONFIG=/usr/local/bin/pkg-config
ac_cv_path_install='/usr/local/bin/ginstall -c'
ac_cv_path_mkdir=/usr/local/bin/gmkdir
ac_cv_prog_AWK=awk
ac_cv_prog_CPP='gcc -E'
ac_cv_prog_ac_ct_AR=ar
ac_cv_prog_ac_ct_CC=gcc
ac_cv_prog_ac_ct_CXX=g++
ac_cv_prog_ac_ct_RANLIB=ranlib
ac_cv_prog_ac_ct_STRIP=strip
ac_cv_prog_cc_c89=
ac_cv_prog_cc_c99=
ac_cv_prog_cc_g=yes
ac_cv_prog_cxx_g=yes
ac_cv_prog_gnu_ld=no
ac_cv_search_backtrace_symbols='none required'
ac_cv_search_clock_gettime='none required'
ac_cv_search_dlopen='none required'
ac_cv_search_fdatasync='none required'
ac_cv_search_gethostbyname_r=no
ac_cv_search_getopt_long='none required'
ac_cv_search_pthread_barrier_wait=no
ac_cv_search_setproctitle=no
ac_cv_search_shl_load=no
ac_cv_search_shm_open='none required'
ac_cv_search_shm_unlink='none required'
ac_cv_search_shmget='none required'
ac_cv_search_socket='none required'
ac_cv_sizeof_bool=1
ac_cv_sizeof_off_t=8
ac_cv_sys_file_offset_bits=no
ac_cv_sys_largefile_CC=no
ac_cv_type__Bool=yes
ac_cv_type_struct_addrinfo=yes
ac_cv_type_struct_cmsgcred=no
ac_cv_type_struct_option=yes
ac_cv_type_struct_sockaddr_storage=yes
ac_cv_type_struct_sockaddr_un=yes
ac_cv_type_union_semun=yes
ac_cv_type_z_streamp=yes
ax_cv_PTHREAD_CLANG=yes
ax_cv_PTHREAD_CLANG_NO_WARN_FLAG=no
ax_cv_PTHREAD_JOINABLE_ATTR=PTHREAD_CREATE_JOINABLE
ax_cv_PTHREAD_PRIO_INHERIT=yes
ax_cv_PTHREAD_SPECIAL_FLAGS=no
pgac_cv__builtin_constant_p=yes
pgac_cv__builtin_unreachable=yes
pgac_cv__static_assert=yes
pgac_cv__types_compatible=yes
pgac_cv_c_typeof=typeof
pgac_cv_check_readline=-lreadline
pgac_cv_computed_goto=yes
pgac_cv_func_gettimeofday_1arg=no
pgac_cv_func_strerror_r_int=yes
pgac_cv_func_wcstombs_l='yes (in xlocale.h)'
pgac_cv_funcname_func_support=yes
pgac_cv_path_flex=/usr/bin/flex
pgac_cv_printf_archetype=printf
pgac_cv_prog_CC_cflags__Wcast_function_type=yes
pgac_cv_prog_CC_cflags__Wcompound_token_split_by_macro=yes
pgac_cv_prog_CC_cflags__Wdeclaration_after_statement=yes
pgac_cv_prog_CC_cflags__Wendif_labels=yes
pgac_cv_prog_CC_cflags__Werror_unguarded_availability_new=yes
pgac_cv_prog_CC_cflags__Werror_vla=yes
pgac_cv_prog_CC_cflags__Wformat_security=yes
pgac_cv_prog_CC_cflags__Wformat_truncation=no
pgac_cv_prog_CC_cflags__Wimplicit_fallthrough_3=no
pgac_cv_prog_CC_cflags__Wmissing_format_attribute=yes
pgac_cv_prog_CC_cflags__Wstringop_truncation=no
pgac_cv_prog_CC_cflags__Wunused_command_line_argument=yes
pgac_cv_prog_CC_cflags__fexcess_precision_standard=no
pgac_cv_prog_CC_cflags__fno_strict_aliasing=yes
pgac_cv_prog_CC_cflags__ftree_vectorize=yes
pgac_cv_prog_CC_cflags__funroll_loops=yes
pgac_cv_prog_CC_cflags__fwrapv=yes
pgac_cv_prog_CXX_cxxflags__Wcast_function_type=yes
pgac_cv_prog_CXX_cxxflags__Wendif_labels=yes
pgac_cv_prog_CXX_cxxflags__Werror_unguarded_availability_new=yes
pgac_cv_prog_CXX_cxxflags__Wformat_security=yes
pgac_cv_prog_CXX_cxxflags__Wimplicit_fallthrough_3=no
pgac_cv_prog_CXX_cxxflags__Wmissing_format_attribute=yes
pgac_cv_prog_CXX_cxxflags__fexcess_precision_standard=no
pgac_cv_prog_CXX_cxxflags__fno_strict_aliasing=yes
pgac_cv_prog_CXX_cxxflags__fwrapv=yes
pgac_cv_type_locale_t='yes (in xlocale.h)'
pgac_cv_var_int_timezone=yes

## ----------------- ##
## Output variables. ##
## ----------------- ##

AR='ar'
AWK='awk'
BISON='/usr/bin/bison'
BISONFLAGS=''
BITCODE_CFLAGS=' -O2 '
BITCODE_CXXFLAGS=' -O2 '
CC='gcc'
CFLAGS='-Wall -Wmissing-prototypes -Wpointer-arith -Wdeclaration-after-statement -Werror=vla -Werror=unguarded-availability-new -Wendif-labels -Wmissing-format-attribute -Wcast-function-type -Wformat-security -fno-strict-aliasing -fwrapv -Wno-unused-command-line-argument -Wno-compound-token-split-by-macro -O2'
CFLAGS_ARMV8_CRC32C=''
CFLAGS_SL=''
CFLAGS_SSE42=''
CFLAGS_UNROLL_LOOPS=' -funroll-loops'
CFLAGS_VECTORIZE=' -ftree-vectorize'
CLANG=''
CPP='gcc -E'
CPPFLAGS='-isysroot /Applications/Xcode.app/Contents/Developer/Platforms/MacOSX.platform/Developer/SDKs/MacOSX13.3.sdk  '
CXX='g++'
CXXFLAGS='-Wall -Wpointer-arith -Werror=unguarded-availability-new -Wendif-labels -Wmissing-format-attribute -Wcast-function-type -Wformat-security -fno-strict-aliasing -fwrapv -O2'
DBTOEPUB=''
DEFS=''
DLLTOOL=''
DLLWRAP=''
DTRACE=''
DTRACEFLAGS=''
ECHO_C='\c'
ECHO_N=''
ECHO_T=''
EGREP='/usr/bin/grep -E'
EXEEXT=''
FLEX='/usr/bin/flex'
FLEXFLAGS=''
FOP=''
GCC='yes'
GCOV=''
GENHTML=''
GREP='/usr/bin/grep'
ICU_CFLAGS=''
ICU_LIBS=''
INCLUDES=''
INSTALL_DATA='${INSTALL} -m 644'
INSTALL_PROGRAM='${INSTALL}'
INSTALL_SCRIPT='${INSTALL}'
LCOV=''
LD='/Applications/Xcode.app/Contents/Developer/Toolchains/XcodeDefault.xctoolchain/usr/bin/ld'
LDAP_LIBS_BE=''
LDAP_LIBS_FE=''
LDFLAGS='-isysroot /Applications/Xcode.app/Contents/Developer/Platforms/MacOSX.platform/Developer/SDKs/MacOSX13.3.sdk  '
LDFLAGS_EX=''
LDFLAGS_SL=''
LIBOBJS=''
LIBS='-lz  -lm '
LLVM_BINPATH=''
LLVM_CFLAGS=''
LLVM_CONFIG=''
LLVM_CPPFLAGS=''
LLVM_CXXFLAGS=''
LLVM_LIBS=''
LN_S='ln -s'
LTLIBOBJS=''
LZ4_CFLAGS=''
LZ4_LIBS=''
MKDIR_P='/usr/local/bin/gmkdir -p'
MSGFMT=''
MSGFMT_FLAGS=''
MSGMERGE=''
OBJEXT='o'
PACKAGE_BUGREPORT='pgsql-bugs@lists.postgresql.org'
PACKAGE_NAME='PostgreSQL'
PACKAGE_STRING='PostgreSQL 14.2'
PACKAGE_TARNAME='postgresql'
PACKAGE_URL='https://www.postgresql.org/'
PACKAGE_VERSION='14.2'
PATH_SEPARATOR=':'
PERL='/usr/bin/perl'
PERMIT_DECLARATION_AFTER_STATEMENT='-Wno-declaration-after-statement'
PG_CRC32C_OBJS=''
PG_MAJORVERSION='14'
PG_SYSROOT='/Applications/Xcode.app/Contents/Developer/Platforms/MacOSX.platform/Developer/SDKs/MacOSX13.3.sdk'
PG_VERSION_NUM=''
PKG_CONFIG='/usr/local/bin/pkg-config'
PKG_CONFIG_LIBDIR=''
PKG_CONFIG_PATH=':/opt/intel/sgxsdk/pkgconfig:/opt/intel/sgxsdk/pkgconfig'
PORTNAME='darwin'
PROVE=''
PTHREAD_CC='gcc'
PTHREAD_CFLAGS='-pthread -D_REENTRANT -D_THREAD_SAFE -D_POSIX_PTHREAD_SEMANTICS'
PTHREAD_LIBS=''
PYTHON=''
RANLIB='ranlib'
SED='/usr/bin/sed'
SHELL='/bin/sh'
STRIP='strip -x'
STRIP_SHARED_LIB='strip -x'
STRIP_STATIC_LIB='strip -x'
SUN_STUDIO_CC='no'
TAR='/usr/bin/tar'
TAS=''
TCLSH=''
TCL_CONFIG_SH=''
TCL_INCLUDE_SPEC=''
TCL_LIBS=''
TCL_LIB_SPEC=''
TCL_SHARED_BUILD=''
TCL_SHLIB_LD_LIBS=''
UUID_LIBS=''
WANTED_LANGUAGES=''
WINDRES=''
XGETTEXT=''
XML2_CFLAGS=''
XML2_CONFIG=''
XML2_LIBS=''
XMLLINT=''
XSLTPROC=''
ZIC=''
ac_ct_CC='gcc'
ac_ct_CXX='g++'
autodepend=''
ax_pthread_config=''
bindir='${exec_prefix}/bin'
build='aarch64-apple-darwin22.5.0'
build_alias=''
build_cpu='aarch64'
build_os='darwin22.5.0'
build_vendor='apple'
datadir='${datarootdir}'
datarootdir='${prefix}/share'
default_port='5432'
docdir='${datarootdir}/doc/${PACKAGE_TARNAME}'
dvidir='${docdir}'
enable_coverage='no'
enable_debug='no'
enable_dtrace='no'
enable_nls='no'
enable_rpath='yes'
enable_tap_tests='no'
enable_thread_safety='yes'
exec_prefix='NONE'
have_win32_dbghelp=''
host='aarch64-apple-darwin22.5.0'
host_alias=''
host_cpu='aarch64'
host_os='darwin22.5.0'
host_vendor='apple'
htmldir='${docdir}'
includedir='${prefix}/include'
infodir='${datarootdir}/info'
install_bin='/usr/local/bin/ginstall -c'
krb_srvtab=''
libdir='${exec_prefix}/lib'
libexecdir='${exec_prefix}/libexec'
localedir='${datarootdir}/locale'
localstatedir='${prefix}/var'
mandir='${datarootdir}/man'
oldincludedir='/usr/include'
pdfdir='${docdir}'
perl_archlibexp=''
perl_embed_ccflags=''
perl_embed_ldflags=''
perl_includespec=''
perl_privlibexp=''
perl_useshrplib=''
prefix='/usr/local/pgsql142'
program_transform_name='s,x,x,'
psdir='${docdir}'
python_additional_libs=''
python_includespec=''
python_libdir=''
python_libspec=''
python_majorversion=''
python_version=''
sbindir='${exec_prefix}/sbin'
sharedstatedir='${prefix}/com'
sysconfdir='${prefix}/etc'
target_alias=''
vpath_build=''
with_gnu_ld='no'
with_gssapi='no'
with_icu='no'
with_krb_srvnam='postgres'
with_ldap='no'
with_libxml='no'
with_libxslt='no'
with_llvm='no'
with_lz4='no'
with_perl='no'
with_python='no'
with_readline='yes'
with_selinux='no'
with_ssl='no'
with_system_tzdata=''
with_systemd='no'
with_tcl='no'
with_uuid='no'
with_zlib='yes'

## ----------- ##
## confdefs.h. ##
## ----------- ##

/* confdefs.h */
#define PACKAGE_NAME "PostgreSQL"
#define PACKAGE_TARNAME "postgresql"
#define PACKAGE_VERSION "14.2"
#define PACKAGE_STRING "PostgreSQL 14.2"
#define PACKAGE_BUGREPORT "pgsql-bugs@lists.postgresql.org"
#define PACKAGE_URL "https://www.postgresql.org/"
#define CONFIGURE_ARGS " '--prefix=/usr/local/pgsql142' 'PKG_CONFIG_PATH=:/opt/intel/sgxsdk/pkgconfig:/opt/intel/sgxsdk/pkgconfig'"
#define PG_MAJORVERSION "14"
#define PG_MAJORVERSION_NUM 14
#define PG_MINORVERSION_NUM 2
#define PG_VERSION "14.2"
#define DEF_PGPORT 5432
#define DEF_PGPORT_STR "5432"
#define BLCKSZ 8192
#define RELSEG_SIZE 131072
#define XLOG_BLCKSZ 8192
#define ENABLE_THREAD_SAFETY 1
#define PG_KRB_SRVNAM "postgres"
#define STDC_HEADERS 1
#define HAVE_SYS_TYPES_H 1
#define HAVE_SYS_STAT_H 1
#define HAVE_STDLIB_H 1
#define HAVE_STRING_H 1
#define HAVE_MEMORY_H 1
#define HAVE_STRINGS_H 1
#define HAVE_INTTYPES_H 1
#define HAVE_STDINT_H 1
#define HAVE_UNISTD_H 1
#define HAVE_PTHREAD_PRIO_INHERIT 1
#define HAVE_PTHREAD 1
#define HAVE_STRERROR_R 1
#define HAVE_GETPWUID_R 1
#define STRERROR_R_INT 1
#define HAVE_LIBM 1
#define HAVE_LIBREADLINE 1
#define HAVE_LIBZ 1
#define HAVE_SPINLOCKS 1
#define HAVE_ATOMICS 1
#define HAVE__BOOL 1
#define HAVE_STDBOOL_H 1
#define HAVE_COPYFILE_H 1
#define HAVE_EXECINFO_H 1
#define HAVE_GETOPT_H 1
#define HAVE_IFADDRS_H 1
#define HAVE_LANGINFO_H 1
#define HAVE_POLL_H 1
#define HAVE_SYS_EVENT_H 1
#define HAVE_SYS_IPC_H 1
#define HAVE_SYS_RESOURCE_H 1
#define HAVE_SYS_SELECT_H 1
#define HAVE_SYS_SEM_H 1
#define HAVE_SYS_SHM_H 1
#define HAVE_SYS_SOCKIO_H 1
#define HAVE_SYS_UIO_H 1
#define HAVE_SYS_UN_H 1
#define HAVE_TERMIOS_H 1
#define HAVE_WCTYPE_H 1
#define HAVE_NET_IF_H 1
#define HAVE_SYS_UCRED_H 1
#define HAVE_NETINET_TCP_H 1
#define HAVE_READLINE_READLINE_H 1
#define HAVE_READLINE_HISTORY_H 1
#define PG_PRINTF_ATTRIBUTE printf
#define HAVE_FUNCNAME__FUNC 1
#define HAVE__STATIC_ASSERT 1
#define HAVE_TYPEOF 1
#define HAVE__BUILTIN_TYPES_COMPATIBLE_P 1
#define HAVE__BUILTIN_CONSTANT_P 1
#define HAVE__BUILTIN_UNREACHABLE 1
#define HAVE_COMPUTED_GOTO 1
#define HAVE_STRUCT_TM_TM_ZONE 1
#define HAVE_UNION_SEMUN 1
#define HAVE_STRUCT_SOCKADDR_UN 1
#define HAVE_STRUCT_SOCKADDR_STORAGE 1
#define HAVE_STRUCT_SOCKADDR_STORAGE_SS_FAMILY 1
#define HAVE_STRUCT_SOCKADDR_STORAGE_SS_LEN 1
#define HAVE_STRUCT_SOCKADDR_SA_LEN 1
#define HAVE_STRUCT_ADDRINFO 1
#define HAVE_LOCALE_T 1
#define LOCALE_T_IN_XLOCALE 1
#define restrict __restrict
#define pg_restrict __restrict
#define HAVE_STRUCT_OPTION 1
#define SIZEOF_OFF_T 8
#define SIZEOF_BOOL 1
#define PG_USE_STDBOOL 1
#define HAVE_INT_TIMEZONE 1
#define ACCEPT_TYPE_RETURN int
#define ACCEPT_TYPE_ARG1 int
#define ACCEPT_TYPE_ARG2 struct sockaddr *
#define ACCEPT_TYPE_ARG3 socklen_t
#define WCSTOMBS_L_IN_XLOCALE 1
#define HAVE_BACKTRACE_SYMBOLS 1
#define HAVE_CLOCK_GETTIME 1
#define HAVE_COPYFILE 1
#define HAVE_FDATASYNC 1
#define HAVE_GETIFADDRS 1

configure: caught signal 2
configure: exit 1
